N = 6788427
[10550] [143382] [143382] [317132]
GCGATCGC:GCGATCGC	7683	31752.94	-135.39
AATTAATT:AATTAATT	558	2580.47	-39.82
AAAATTTT:AAAATTTT	501	2185.49	-36.04
TTAATTAA:TTAATTAA	537	2205.76	-35.54
AAATATTT:AAATATTT	365	1705.30	-32.46
ATAATTAT:ATAATTAT	364	1681.01	-32.13
TTTTAAAA:TTTTAAAA	298	1251.69	-26.96
CAAATTTG:CAAATTTG	245	1158.42	-26.84
TAATATTA:TAATATTA	296	1222.71	-26.50
TAAATTTA:TAAATTTA	413	1380.29	-26.04
GATTAATC:GATTAATC	390	1342.07	-25.99
TGATATCA:TGATATCA	300	1184.38	-25.70
TATTAATA:TATTAATA	385	1310.43	-25.57
ATCGCGAT:ATCGCGAT	294	1155.39	-25.34
AATATATT:AATATATT	255	1051.57	-24.57
ATTTAAAT:ATTTAAAT	195	945.67	-24.41
GTTTAAAC:GTTTAAAC	269	1057.29	-24.25
CCCTAGGG:CCCTAGGG	232	997.07	-24.23
CAATATTG:CAATATTG	230	971.23	-23.79
ACAATTGT:ACAATTGT	115	750.77	-23.20
CATTAATG:CATTAATG	165	800.99	-22.47
CTTTAAAG:CTTTAAAG	260	935.23	-22.08
TTAGCTAA:TTAGCTAA	226	865.22	-21.73
AAAATTTA:TAAATTTT	834	1736.84	-21.67
GGTTAACC:GGTTAACC	191	798.36	-21.50
TTGATCAA:TTGATCAA	225	851.57	-21.47
GATTAATA:TATTAATC	549	1326.16	-21.34
AGTTAACT:AGTTAACT	174	760.13	-21.26
AATTAATA:TATTAATT	928	1838.89	-21.24
AGATATCT:AGATATCT	186	776.94	-21.20
AAACGTTT:AAACGTTT	89	610.72	-21.11
GAATATTC:GAATATTC	169	740.56	-21.00
ATCATGAT:ATCATGAT	201	791.44	-20.99
AATTAATC:GATTAATT	976	1860.96	-20.52
ATAATTAA:TTAATTAT	1032	1925.60	-20.37
GAAATTTA:TAAATTTC	377	1030.37	-20.36
TTTATAAA:TTTATAAA	207	772.49	-20.35
CCGATCGC:GCGATCGG	1322	2283.15	-20.12
ATATATAT:ATATATAT	253	830.94	-20.05
TATATATA:TATATATA	162	675.77	-19.76
TCAATTGA:TCAATTGA	151	654.34	-19.68
GCGATCGA:TCGATCGC	1220	2120.19	-19.55
TTGTACAA:TTGTACAA	95	550.76	-19.42
GAAATTTC:GAAATTTC	233	769.16	-19.33
GGATATCC:GGATATCC	162	652.30	-19.20
ATAGCTAT:ATAGCTAT	150	629.24	-19.11
TATCGATA:TATCGATA	147	624.39	-19.11
ATTATAAT:ATTATAAT	200	708.17	-19.10
TTTGCAAA:TTTGCAAA	133	590.67	-18.83
ACGATCGC:GCGATCGT	1187	2033.72	-18.78
GTTTAAAA:TTTTAAAC	518	1150.39	-18.65
AAATATTA:TAATATTT	737	1443.98	-18.61
GCAATTGC:GCAATTGC	136	581.59	-18.48
CCAATTGG:CCAATTGG	133	575.88	-18.46
AAAATTTG:CAAATTTT	856	1591.14	-18.43
CTGATCAG:CTGATCAG	117	532.48	-18.01
TTATATAA:TTATATAA	192	650.74	-17.98
AATCGATT:AATCGATT	141	568.86	-17.94
CTATATAG:CTATATAG	88	468.63	-17.58
CATTAATC:GATTAATG	478	1036.81	-17.36
GCTATAGC:GCTATAGC	130	528.57	-17.34
ATATATAA:TTATATAT	270	735.34	-17.16
TCCTAGGA:TCCTAGGA	61	407.10	-17.15
ATTTAAAG:CTTTAAAT	418	940.43	-17.04
GAACGTTC:GAACGTTC	34	354.42	-17.02
GATATATC:GATATATC	134	517.04	-16.85
AAATATTG:CAATATTT	686	1286.95	-16.75
CAAATTTA:TAAATTTG	669	1264.50	-16.75
CTTTAAAC:GTTTAAAG	467	994.39	-16.73
GTAATTAA:TTAATTAC	449	967.52	-16.67
CATTAATA:TATTAATG	503	1024.52	-16.29
AAAATTTC:GAAATTTT	713	1296.53	-16.21
CAATATTA:TAATATTG	555	1089.74	-16.20
CTAATTAG:CTAATTAG	98	434.63	-16.15
TGTTAACA:TGTTAACA	124	470.63	-15.98
AATATATA:TATATATT	381	842.98	-15.91
CTAATTAA:TTAATTAG	484	979.13	-15.82
AATTAATG:CATTAATT	839	1437.68	-15.79
GTAATTAC:GTAATTAC	101	424.38	-15.70
ATGATCAT:ATGATCAT	118	451.10	-15.68
CAAATTTC:GAAATTTG	464	943.94	-15.62
GAATATTA:TAATATTC	470	951.57	-15.61
CTTTAAAA:TTTTAAAG	571	1081.95	-15.53
GGAATTCC:GGAATTCC	127	459.42	-15.51
CAATATTC:GAATATTG	397	848.09	-15.49
GGATATCA:TGATATCC	420	878.96	-15.48
ATTATAAA:TTTATAAT	319	739.63	-15.47
TTCATGAA:TTCATGAA	129	456.50	-15.33
AGATATCA:TGATATCT	492	959.26	-15.09
GCCATGGC:GCCATGGC	105	409.19	-15.04
CCCATGGG:CCCATGGG	109	409.19	-14.84
AAATATTC:GAATATTT	627	1123.78	-14.82
ATTTAAAA:TTTTAAAT	601	1087.97	-14.76
CGATATCG:CGATATCG	135	441.84	-14.60
ATAGCTAA:TTAGCTAT	345	737.85	-14.46
CCAATTGA:TCAATTGG	260	613.86	-14.28
ATAATTAG:CTAATTAT	440	854.76	-14.19
TCCATGGA:TCCATGGA	40	271.41	-14.05
GTTATAAC:GTTATAAC	72	319.42	-13.84
ACTATAGT:ACTATAGT	76	325.81	-13.84
TAGCGCTA:TAGCGCTA	116	387.19	-13.78
ATTGCAAT:ATTGCAAT	79	324.57	-13.63
GTTGCAAC:GTTGCAAC	98	351.72	-13.53
AGTTAACC:GGTTAACT	402	779.01	-13.51
ATAATTAC:GTAATTAT	453	844.63	-13.48
CGATATCA:TGATATCG	361	723.40	-13.47
AGATATCG:CGATATCT	260	585.90	-13.46
ATTTAAAC:GTTTAAAT	578	999.93	-13.34
CATCGATG:CATCGATG	73	304.48	-13.27
CATATATC:GATATATG	118	374.50	-13.25
CCAATTGC:GCAATTGG	260	578.73	-13.25
ACCTAGGT:ACCTAGGT	69	295.51	-13.18
ATGATCAA:TTGATCAT	292	619.79	-13.17
ATCATGAA:TTCATGAT	279	601.07	-13.14
CAACGTTG:CAACGTTG	45	247.87	-12.89
GATATATA:TATATATC	281	591.10	-12.76
ACCTAGGG:CCCTAGGT	247	542.81	-12.70
GTGATCAA:TTGATCAC	214	493.25	-12.57
GGTTAACA:TGTTAACC	303	612.97	-12.52
GTAGCTAC:GTAGCTAC	59	260.32	-12.48
ATGTACAT:ATGTACAT	48	240.75	-12.42
ACAATTGC:GCAATTGT	342	660.79	-12.40
AATATATG:CATATATT	249	534.09	-12.34
GTGATCAC:GTGATCAC	78	285.71	-12.29
ACCATGGT:ACCATGGT	83	293.18	-12.28
CGATATCC:GGATATCG	253	536.85	-12.25
ATATATAG:CTATATAT	318	624.02	-12.25
GATCGATC:GATCGATC	35	214.09	-12.24
CCGATCGG:CCGATCGG	9	164.17	-12.11
AGAATTCT:AGAATTCT	51	234.69	-11.99
CTGATCAA:TTGATCAG	363	673.38	-11.96
AGATATCC:GGATATCT	393	711.89	-11.95
ACAATTGA:TCAATTGT	386	700.90	-11.90
CCCATGGC:GCCATGGG	169	409.19	-11.87
CATATATG:CATATATG	77	271.26	-11.80
AGTTAACA:TGTTAACT	312	598.11	-11.70
CCCCGCCC:GGGCGGGG	190	432.05	-11.65
TTCGCGAA:TTCGCGAA	66	249.50	-11.62
ATCGCGAA:TTCGCGAT	268	536.91	-11.61
CCTATAGG:CCTATAGG	76	262.36	-11.51
GTAGCTAA:TTAGCTAC	224	474.59	-11.50
CATCGATA:TATCGATG	196	436.02	-11.50
ATGGCCAT:ATGGCCAT	48	216.99	-11.47
TTGGCCAA:TTGGCCAA	41	204.51	-11.43
AAGCGCTT:AAGCGCTT	47	212.41	-11.35
GTTGCAAA:TTTGCAAC	214	455.80	-11.33
CAGATCTG:CAGATCTG	70	248.20	-11.31
ATGATCAG:CTGATCAT	242	490.10	-11.21
AAACGTTA:TAACGTTT	117	314.97	-11.15
ACGATCGG:CCGATCGT	12	146.23	-11.10
AATCGATA:TATCGATT	326	595.98	-11.06
TCGATCGA:TCGATCGA	10	141.57	-11.06
CCCGCCCA:TGGGCGGG	192	417.56	-11.04
ACGATCGT:ACGATCGT	5	130.26	-10.97
GCAATTGA:TCAATTGC	345	616.90	-10.95
CCTATAGC:GCTATAGG	162	372.39	-10.90
AATATATC:GATATATT	443	737.36	-10.84
AATCGATG:CATCGATT	197	416.18	-10.74
GGGCGGGA:TCCCGCCC	217	442.97	-10.74
GGCGCGCC:GGCGCGCC	66	227.97	-10.73
CCGATCGA:TCGATCGG	21	152.45	-10.65
ATTATAAC:GTTATAAT	244	475.61	-10.62
ATCGCGAC:GTCGCGAT	235	461.97	-10.56
CTGTACAG:CTGTACAG	57	208.79	-10.50
ACGATCGA:TCGATCGT	14	135.79	-10.45
CTGGCCAG:CTGGCCAG	36	173.39	-10.43
GTCATGAC:GTCATGAC	53	200.87	-10.43
ATTGCAAA:TTTGCAAT	221	437.86	-10.36
CTTATAAA:TTTATAAG	185	389.14	-10.35
ACCATGGG:CCCATGGT	154	346.36	-10.34
AAAGCTTT:AAAGCTTT	53	197.94	-10.30
GCGGCCGC:GCGGCCGC	44	183.47	-10.30
TAGATCTA:TAGATCTA	48	189.62	-10.28
GTTGGGTA:TACCCAAC	327	571.37	-10.22
CCCTAGGA:TCCTAGGG	380	637.11	-10.19
ACCCAACT:AGTTGGGT	392	650.65	-10.14
AATCGATC:GATCGATT	160	348.98	-10.12
AAGCGCTA:TAGCGCTT	116	286.78	-10.08
GTCGCGAC:GTCGCGAC	48	184.71	-10.06
GGAATTCA:TGAATTCC	120	289.48	-9.96
CCATATGG:CCATATGG	21	137.67	-9.94
AAACCTAC:GTAGGTTT	258	473.92	-9.92
ACCCGCCA:TGGCGGGT	418	674.70	-9.88
TCTATAGA:TCTATAGA	59	196.22	-9.80
ATTATAAG:CTTATAAT	185	372.59	-9.72
CGTTAACA:TGTTAACG	119	282.28	-9.72
GTTATAAA:TTTATAAC	281	496.74	-9.68
CTAATTAC:GTAATTAG	229	429.48	-9.67
AGCCGGCT:AGCCGGCT	18	125.80	-9.61
ACCCGGGT:ACCCGGGT	47	173.00	-9.58
CTATATAA:TTATATAG	328	552.23	-9.54
GTATATAA:TTATATAC	141	307.70	-9.50
CGTTAACG:CGTTAACG	46	169.31	-9.48
CTTGCAAG:CTTGCAAG	32	146.01	-9.44
CTGATCAC:GTGATCAG	204	390.04	-9.42
GACTAGTC:GACTAGTC	2	92.53	-9.41
ATCATGAC:GTCATGAT	211	398.72	-9.40
CTTATAAC:GTTATAAG	102	250.23	-9.37
GTAGGGTA:TACCCTAC	144	308.35	-9.36
GTCATGAA:TTCATGAC	140	302.81	-9.36
CTAGCTAG:CTAGCTAG	33	145.12	-9.31
CTTATAAG:CTTATAAG	66	196.03	-9.29
ACCCGCCG:CGGCGGGT	281	485.00	-9.26
GACCCAAC:GTTGGGTC	148	311.46	-9.26
ATATATAC:GTATATAT	175	347.70	-9.26
TTCCGGAA:TTCCGGAA	57	181.79	-9.26
ACTATAGA:TCTATAGT	106	252.84	-9.23
CAGCGCTG:CAGCGCTG	27	133.73	-9.23
ATCGCGAG:CTCGCGAT	127	281.73	-9.22
TCACGTGA:TCACGTGA	4	91.86	-9.17
CGTTAACC:GGTTAACG	192	367.66	-9.16
AGTTAACG:CGTTAACT	186	358.75	-9.12
CACTAGTG:CACTAGTG	5	92.53	-9.10
ACTATAGC:GCTATAGT	230	414.99	-9.08
AACCGGTT:AACCGGTT	50	167.50	-9.08
GGTATACC:GGTATACC	43	155.67	-9.03
TACCGGTA:TACCGGTA	39	149.34	-9.03
AGAATTCC:GGAATTCT	165	328.36	-9.02
ACAATTGG:CCAATTGT	427	657.54	-8.99
CAACGTTC:GAACGTTG	142	296.40	-8.97
TGTATACA:TGTATACA	40	149.65	-8.96
GGTTTATA:TATAAACC	293	490.90	-8.93
GATCGATA:TATCGATC	195	365.62	-8.92
ATGATCAC:GTGATCAT	190	359.00	-8.92
TGAATTCA:TGAATTCA	62	182.40	-8.91
ACCATGGC:GCCATGGT	181	346.36	-8.89
ACCATGGA:TCCATGGT	133	282.09	-8.88
CTTGCAAC:GTTGCAAG	93	226.62	-8.88
AACCCGCA:TGCGGGTT	315	516.66	-8.87
GAACGTTA:TAACGTTC	103	239.94	-8.84
GGACGCAC:GTGCGTCC	104	240.07	-8.78
ATCATGAG:CTCATGAT	164	320.77	-8.75
CTGTACAA:TTGTACAG	180	339.10	-8.64
GCTATAGA:TCTATAGC	167	322.05	-8.64
ATAGCTAG:CTAGCTAT	152	302.18	-8.64
TCGCGCGA:TCGCGCGA	25	118.90	-8.61
CTCATGAG:CTCATGAG	32	130.01	-8.60
GTATATAC:GTATATAC	42	145.49	-8.58
AGTATACT:AGTATACT	31	126.75	-8.50
CTAGCTAA:TTAGCTAG	195	354.34	-8.47
ATTGCAAC:GTTGCAAT	183	337.87	-8.43
ACTGCAGT:ACTGCAGT	12	92.79	-8.39
TCCCGGGA:TCCCGGGA	27	118.06	-8.38
CCGCGCGG:CCGCGCGG	29	121.25	-8.38
CTGCGTCA:TGACGCAG	117	248.61	-8.35
ATGTACAG:CTGTACAT	100	224.20	-8.29
GCCCCTAA:TTAGGGGC	188	340.18	-8.25
CGGCGATC:GATCGCCG	998	1294.27	-8.24
ATAGCTAC:GTAGCTAT	240	404.73	-8.19
ATTGCAAG:CTTGCAAT	97	217.70	-8.18
AGCCCCTA:TAGGGGCT	160	301.71	-8.16
CCCTAGGC:GCCTAGGG	125	255.01	-8.14
GTGAAACA:TGTTTCAC	90	206.45	-8.10
AAACGTTG:CAACGTTT	230	389.07	-8.06
CTATATAC:GTATATAG	131	261.12	-8.05
AAGGCCTT:AAGGCCTT	15	92.12	-8.04
ACTATAGG:CCTATAGT	155	292.36	-8.03
ATGGGAGA:TCTCCCAT	250	413.29	-8.03
CACCGGTG:CACCGGTG	43	136.69	-8.01
GCACGTGC:GCACGTGC	4	71.94	-8.01
ACATATGT:ACATATGT	7	77.17	-7.99
TGCGTCAA:TTGACGCA	149	282.44	-7.94
GCCATGGA:TCCATGGC	189	333.25	-7.90
CCTATAGA:TCTATAGG	108	226.89	-7.89
CAGATCTC:GAGATCTG	73	178.18	-7.88
CAGCGCTA:TAGCGCTG	109	227.55	-7.86
CTAGCTAC:GTAGCTAG	85	194.36	-7.84
AACCGGTG:CACCGGTT	55	151.31	-7.83
ACTCGAGT:ACTCGAGT	16	90.37	-7.82
CAACCCGC:GCGGGTTG	258	417.54	-7.81
GTCGCGAA:TTCGCGAC	101	214.67	-7.76
ATCCGGAT:ATCCGGAT	47	137.20	-7.70
ATGGCCAG:CTGGCCAT	88	193.97	-7.61
CTCATGAA:TTCATGAG	125	243.62	-7.60
ACCTAGGA:TCCTAGGT	206	346.85	-7.56
CAGATCTA:TAGATCTG	106	216.94	-7.53
GCCCGCCC:GGGCGGGC	80	181.32	-7.52
GGTATACA:TGTATACC	60	152.63	-7.50
TAACGTTA:TAACGTTA	67	162.44	-7.49
ATGGCCAA:TTGGCCAT	102	210.66	-7.49
CGAATTCG:CGAATTCG	17	85.98	-7.44
ACCTACAG:CTGTAGGT	198	332.74	-7.39
AAGATCTT:AAGATCTT	21	91.47	-7.37
TAGTACTA:TAGTACTA	41	122.46	-7.36
GCCTAGGA:TCCTAGGC	69	162.94	-7.36
TTCTAGAA:TTCTAGAA	20	88.83	-7.30
AGAATTCA:TGAATTCT	102	206.90	-7.29
CAAGCTTG:CAAGCTTG	11	73.25	-7.27
AATCGCCT:AGGCGATT	341	504.14	-7.27
GCGGGTTA:TAACCCGC	288	439.32	-7.22
GGAAACCC:GGGTTTCC	518	709.86	-7.20
AGGCGATA:TATCGCCT	373	539.72	-7.18
GCTGCGCC:GGCGCAGC	134	246.46	-7.16
GAGCGCTC:GAGCGCTC	13	75.06	-7.16
AAATGGGA:TCCCATTT	325	481.45	-7.13
GAGATCTA:TAGATCTC	67	155.74	-7.11
AACCCGCG:CGCGGGTT	127	235.79	-7.08
CGAATTCC:GGAATTCG	99	198.74	-7.08
TCTCGAGA:TCTCGAGA	12	71.96	-7.07
CATATATA:TATATATG	283	428.15	-7.01
ACGCTGCT:AGCAGCGT	111	213.47	-7.01
GTAGGGGA:TCCCCTAC	263	403.96	-7.01
GAGCGCTA:TAGCGCTC	79	170.48	-7.01
AGGCGATG:CATCGCCT	206	333.72	-6.99
CGCGCGCC:GGCGCGCG	58	141.02	-6.99
GTGGCCAC:GTGGCCAC	18	80.76	-6.98
ATGTACAA:TTGTACAT	231	364.14	-6.98
ACGGCCGC:GCGGCCGT	45	122.08	-6.98
CACCCGCC:GGCGGGTG	347	503.05	-6.96
AGGGTGCA:TGCACCCT	100	197.72	-6.95
TAGGGTGA:TCACCCTA	291	435.25	-6.91
CGACGCAC:GTGCGTCG	70	155.92	-6.88
ACACCAGT:ACTGGTGT	134	240.49	-6.87
CCCATGGA:TCCATGGG	208	333.25	-6.86
TCGGCCGA:TCGGCCGA	15	73.98	-6.86
CACCATCC:GGATGGTG	190	310.81	-6.85
AGACGCAC:GTGCGTCT	70	155.43	-6.85
GGCGGGTA:TACCCGCC	273	411.63	-6.83
AGACCTTG:CAAGGTCT	117	217.79	-6.83
CTCATGAC:GTCATGAG	75	161.60	-6.81
ATGTACAC:GTGTACAT	53	130.91	-6.81
GAGATCTC:GAGATCTC	51	127.91	-6.80
AACGCACC:GGTGCGTT	177	293.16	-6.78
CGCGCGCG:CGCGCGCG	24	87.23	-6.77
CAACGTTA:TAACGTTG	105	200.66	-6.75
TGGTACCA:TGGTACCA	12	67.12	-6.73
AGCGTCAG:CTGACGCT	173	286.27	-6.69
TGCCGGCA:TGCCGGCA	22	82.91	-6.69
TGCGCGCA:TGCGCGCA	22	82.77	-6.68
AATACGCT:AGCGTATT	61	139.96	-6.67
AATTATCT:AGATAATT	625	815.47	-6.67
GTGTACAC:GTGTACAC	15	71.18	-6.66
ACACCGTC:GACGGTGT	59	136.62	-6.64
GCGCGCGC:GCGCGCGC	38	106.43	-6.63
AGTATACC:GGTATACT	62	140.47	-6.62
CAGGTTGG:CCAACCTG	202	320.42	-6.62
ATCCGGAA:TTCCGGAT	75	157.93	-6.60
AAATTACA:TGTAATTT	308	447.10	-6.58
GTGGCCAA:TTGGCCAC	54	128.52	-6.57
ACCCCAGT:ACTGGGGT	216	336.42	-6.57
GCGCGCGA:TCGCGCGC	43	112.49	-6.55
GCGCAGCC:GGCTGCGC	69	148.64	-6.53
CCGCAGCG:CGCTGCGG	98	186.69	-6.49
GCCGCCCC:GGGGCGGC	339	481.35	-6.49
CTCCGGAA:TTCCGGAG	37	102.48	-6.47
GACGCACA:TGTGCGTC	71	150.10	-6.46
CAGCGATC:GATCGCTG	883	1096.55	-6.45
CGCCGGCG:CGCCGGCG	15	68.25	-6.45
GAAAGGAA:TTCCTTTC	171	277.98	-6.42
ACGTTCCC:GGGAACGT	116	208.05	-6.38
AGCGCGCT:AGCGCGCT	11	60.70	-6.38
CTGGCCAC:GTGGCCAG	49	118.34	-6.37
AGAGTAAT:ATTACTCT	173	279.34	-6.36
CACCGGTA:TACCGGTG	67	142.88	-6.35
AGACACGC:GCGTGTCT	26	84.04	-6.33
GTAGATAA:TTATCTAC	248	369.66	-6.33
TCGTCAGA:TCTGACGA	92	175.90	-6.33
TGAGCTCA:TGAGCTCA	1	41.93	-6.32
CCTGCAGG:CCTGCAGG	22	77.59	-6.31
GCCATAAC:GTTATGGC	229	345.96	-6.29
ATCTAGAT:ATCTAGAT	28	86.34	-6.28
CAACCTAA:TTAGGTTG	248	368.36	-6.27
CGGTACCG:CGGTACCG	20	73.86	-6.27
AAGATCTC:GAGATCTT	43	108.17	-6.27
CTGTACAC:GTGTACAG	53	121.91	-6.24
CCGGCCGG:CCGGCCGG	11	58.89	-6.24
CCCAACCA:TGGTTGGG	475	631.72	-6.24
AAGAAAGT:ACTTTCTT	141	236.64	-6.22
TCCCTACA:TGTAGGGA	176	279.80	-6.21
CCCCTGCC:GGCAGGGG	114	202.24	-6.20
CGGGTTTC:GAAACCCG	410	556.22	-6.20
CGAATTCA:TGAATTCG	56	125.23	-6.19
GTAGGTTA:TAACCTAC	243	360.40	-6.18
ACAATGGT:ACCATTGT	256	375.62	-6.17
GAGTACTA:TAGTACTC	23	77.25	-6.17
CTTGCAAA:TTTGCAAG	188	293.68	-6.17
CTGCGATC:GATCGCAG	524	685.39	-6.16
CTCCTAAC:GTTAGGAG	178	281.14	-6.15
AAATCCTA:TAGGATTT	403	546.82	-6.15
AACCCTAC:GTAGGGTT	315	444.37	-6.14
AAACCAAG:CTTGGTTT	359	495.58	-6.14
CCGGAACG:CGTTCCGG	82	159.14	-6.11
ACCAACCT:AGGTTGGT	233	346.80	-6.11
ATGCGTCA:TGACGCAT	96	177.34	-6.11
ATGCGATG:CATCGCAT	92	172.10	-6.11
CCCCTTTC:GAAAGGGG	190	294.43	-6.09
GGCGGGGA:TCCCCGCC	325	454.64	-6.08
CAATCCCC:GGGGATTG	257	374.48	-6.07
ACGTTTAT:ATAAACGT	111	195.94	-6.07
CAGGTTTC:GAAACCTG	286	408.65	-6.07
CCCGCCCG:CGGGCGGG	136	227.19	-6.05
CAGGCCTA:TAGGCCTG	23	75.61	-6.05
AGCATTAT:ATAATGCT	281	402.12	-6.04
GAGGGTGC:GCACCCTC	112	196.50	-6.03
AGGCAGTG:CACTGCCT	69	140.37	-6.02
AGTGCGTC:GACGCACT	93	171.90	-6.02
ACCCGGGA:TCCCGGGT	71	142.91	-6.02
GCAAAAGA:TCTTTTGC	121	207.67	-6.01
CGAGAGTA:TACTCTCG	92	169.96	-5.98
CGCAGTTA:TAACTGCG	138	228.31	-5.98
CATTCCAA:TTGGAATG	155	249.28	-5.97
AGCGCGCC:GGCGCGCT	53	117.64	-5.96
AGCTATCG:CGATAGCT	110	192.67	-5.96
TGGATCCA:TGGATCCA	5	44.63	-5.93
AAGATCTG:CAGATCTT	78	150.67	-5.92
CCCCAACA:TGTTGGGG	393	529.18	-5.92
ACAACAGT:ACTGTTGT	176	273.84	-5.91
GCTCAACC:GGTTGAGC	143	233.29	-5.91
AAAATGTT:AACATTTT	414	552.97	-5.91
ACCACCTG:CAGGTGGT	190	290.72	-5.91
ACGGCCGT:ACGGCCGT	28	81.23	-5.91
GACCCGCC:GGCGGGTC	181	279.65	-5.90
GTAATGAA:TTCATTAC	140	229.09	-5.89
CAGGCCTG:CAGGCCTG	26	77.88	-5.88
CCAAGGCA:TGCCTTGG	199	300.96	-5.88
AGACTACA:TGTAGTCT	103	182.34	-5.88
GAGTAACC:GGTTACTC	150	241.24	-5.87
CCGCGCGC:GCGCGCGG	51	113.59	-5.87
CGCGTCAG:CTGACGCG	71	140.19	-5.84
GGCGCGCA:TGCGCGCC	69	137.37	-5.83
AACCGGTA:TACCGGTT	85	158.16	-5.82
GTCAACCA:TGGTTGAC	177	272.98	-5.81
CGGGAATC:GATTCCCG	164	257.04	-5.80
CGGGAGAG:CTCTCCCG	145	233.45	-5.79
ACCCGCCT:AGGCGGGT	244	352.64	-5.79
CAGATATC:GATATCTG	298	415.78	-5.78
AAGGGGAT:ATCCCCTT	251	360.62	-5.77
TAGGCCTA:TAGGCCTA	24	73.40	-5.77
CTCGCGAA:TTCGCGAG	65	130.92	-5.76
AAACCGTT:AACGGTTT	236	342.58	-5.76
CGGGACAC:GTGTCCCG	36	90.88	-5.76
ACCTAGGC:GCCTAGGT	71	138.83	-5.76
ATCATACG:CGTATGAT	35	89.37	-5.75
GATGGTTA:TAACCATC	396	528.07	-5.75
ATACGCTA:TAGCGTAT	39	95.02	-5.75
ACAGTGGT:ACCACTGT	136	221.38	-5.74
AAGGACAT:ATGTCCTT	80	150.28	-5.73
CAACCTAG:CTAGGTTG	227	331.32	-5.73
ATCCGGAG:CTCCGGAT	35	89.02	-5.73
CTTGTCCA:TGGACAAG	117	197.23	-5.71
GGCAAAAC:GTTTTGCC	337	459.33	-5.71
GCGGCCGA:TCGGCCGC	55	116.50	-5.70
AAATAGGA:TCCTATTT	251	358.92	-5.70
AGGTCTGA:TCAGACCT	161	251.18	-5.69
GACGTTCC:GGAACGTC	107	184.17	-5.69
GGTTGGGA:TCCCAACC	406	537.86	-5.69
GGAAAAAA:TTTTTTCC	635	795.18	-5.68
CGCCGGCA:TGCCGGCG	26	75.23	-5.68
AGGTTGGA:TCCAACCT	150	237.38	-5.67
ACGGCCGG:CCGGCCGT	22	69.16	-5.67
GGTATCAA:TTGATACC	315	432.84	-5.66
GGTACAAA:TTTGTACC	154	242.13	-5.66
TAAACCCA:TGGGTTTA	675	838.89	-5.66
CAGGGTGC:GCACCCTG	118	197.51	-5.66
CCCCGGGG:CCCCGGGG	21	67.47	-5.66
ATAGGGGC:GCCCCTAT	151	238.09	-5.64
AACGTTCA:TGAACGTT	100	174.37	-5.63
ATGCGATA:TATCGCAT	97	170.53	-5.63
CCGGAAAG:CTTTCCGG	201	298.09	-5.62
GGATGGTA:TACCATCC	224	325.42	-5.62
CCGCCTTC:GAAGGCGG	169	259.49	-5.62
GCCTGTTA:TAACAGGC	101	175.32	-5.61
AAGATGGT:ACCATCTT	280	390.58	-5.60
CTTATTTC:GAAATAAG	138	220.92	-5.58
TCCCAGGA:TCCTGGGA	227	327.86	-5.57
GCATATCA:TGATATGC	117	194.59	-5.56
ACTAGTCC:GGACTAGT	2	34.74	-5.55
CTAGGGGC:GCCCCTAG	165	253.32	-5.55
CTTGCCTA:TAGGCAAG	72	136.86	-5.54
AACCCCGG:CCGGGGTT	218	316.55	-5.54
AAAAGTTT:AAACTTTT	520	662.47	-5.54
CGCAGCGA:TCGCTGCG	150	234.82	-5.54
GTGTGGAA:TTCCACAC	123	201.51	-5.53
ATCCGGAC:GTCCGGAT	21	65.85	-5.53
CATCGATC:GATCGATG	167	255.32	-5.53
GCCTTATA:TATAAGGC	77	143.12	-5.53
ACAGAAAT:ATTTCTGT	329	445.65	-5.53
CCGCGATC:GATCGCGG	396	522.23	-5.52
ATTGAACC:GGTTCAAT	328	444.19	-5.51
TACCCCGA:TCGGGGTA	169	256.71	-5.47
CTCCTTTC:GAAAGGAG	91	160.29	-5.47
GGGCATGA:TCATGCCC	90	158.90	-5.47
CTTGCTCA:TGAGCAAG	167	253.94	-5.46
ACCATTAT:ATAATGGT	372	493.15	-5.46
ACGGAACT:AGTTCCGT	128	206.33	-5.45
ACGGTTTC:GAAACCGT	233	332.38	-5.45
AATTGCTA:TAGCAATT	480	615.21	-5.45
AAAGAGAT:ATCTCTTT	169	256.23	-5.45
CTAAGTCC:GGACTTAG	115	190.11	-5.45
AATAAACA:TGTTTATT	431	559.88	-5.45
CTCGCGAC:GTCGCGAG	55	112.65	-5.43
ATGCCTTG:CAAGGCAT	172	259.38	-5.43
CGGAAGTC:GACTTCCG	125	202.01	-5.42
AGCACCCT:AGGGTGCT	133	211.79	-5.41
CCTTGGGC:GCCCAAGG	167	252.90	-5.40
CCGTTCCG:CGGAACGG	87	153.85	-5.39
CAATTGCC:GGCAATTG	264	367.04	-5.38
CGATGGTC:GACCATCG	107	178.89	-5.38
AGAAACCT:AGGTTTCT	343	457.99	-5.37
CATATGTC:GACATATG	8	43.37	-5.37
ACCGTGAT:ATCACGGT	138	217.02	-5.36
AAGGTCTA:TAGACCTT	109	181.16	-5.36
CACCCTAA:TTAGGGTG	291	397.67	-5.35
AAAGCTTC:GAAGCTTT	38	88.25	-5.35
GAAAAGTC:GACTTTTC	203	294.75	-5.34
GAAACAAC:GTTGTTTC	180	267.38	-5.34
ATCCATGC:GCATGGAT	85	150.52	-5.34
ACGAACCT:AGGTTCGT	43	95.04	-5.34
GAATGTCA:TGACATTC	152	233.55	-5.34
AACACTTA:TAAGTGTT	101	170.65	-5.33
TCCTGGAA:TTCCAGGA	238	335.66	-5.33
ATGTGACA:TGTCACAT	41	92.17	-5.33
ATCGGGAG:CTCCCGAT	178	264.61	-5.32
TCTGCAGA:TCTGCAGA	11	47.71	-5.32
GGTGAAAA:TTTTCACC	467	596.76	-5.31
AGGTTCTG:CAGAACCT	288	393.31	-5.31
GCGCAGCA:TGCTGCGC	79	142.32	-5.31
ACCCGGGC:GCCCGGGT	34	82.05	-5.30
ACCCCTAC:GTAGGGGT	429	553.83	-5.30
AGTATACG:CGTATACT	17	57.06	-5.30
CGTGACCA:TGGTCACG	97	165.05	-5.30
CTGCCTTC:GAAGGCAG	88	153.57	-5.29
TGACGCAA:TTGCGTCA	226	320.46	-5.28
CGAGGTGA:TCACCTCG	83	146.91	-5.27
CTCGCGAG:CTCGCGAG	25	68.70	-5.27
AAAGTACG:CGTACTTT	45	96.88	-5.27
ATCTGGTG:CACCAGAT	211	302.58	-5.27
AACCATCT:AGATGGTT	317	425.57	-5.26
ATAGGGTG:CACCCTAT	195	283.62	-5.26
AACCCAAA:TTTGGGTT	683	835.01	-5.26
AGGTTTAT:ATAAACCT	368	483.55	-5.25
GTCAAACA:TGTTTGAC	228	322.33	-5.25
GTAAGCGA:TCGCTTAC	123	196.59	-5.25
CCATACGG:CCGTATGG	85	149.04	-5.25
GCTGACAA:TTGTCAGC	159	240.21	-5.24
CATATAAG:CTTATATG	142	219.53	-5.23
CATGGATA:TATCCATG	157	237.66	-5.23
CTCCGGAG:CTCCGGAG	18	57.77	-5.23
AAAGCTTG:CAAGCTTT	63	120.41	-5.23
GCCTAGGC:GCCTAGGC	23	65.22	-5.23
AGTGTAAT:ATTACACT	114	184.95	-5.22
CAGCGCTC:GAGCGCTG	48	100.19	-5.21
ACCGTACC:GGTACGGT	53	106.87	-5.21
CGTATACA:TGTATACG	21	62.00	-5.21
CCCACTGC:GCAGTGGG	115	185.97	-5.20
CGCTGATC:GATCAGCG	70	129.12	-5.20
ACCCAACG:CGTTGGGT	216	307.17	-5.20
ACCCGGGG:CCCCGGGT	54	108.04	-5.20
CCGCCCCG:CGGGGCGG	170	252.52	-5.19
ATCTAGAA:TTCTAGAT	39	87.58	-5.19
AAAATAGG:CCTATTTT	470	596.80	-5.19
GTGTACAA:TTGTACAC	125	198.00	-5.19
CTCAAGTC:GACTTGAG	130	204.10	-5.19
AAATCCGA:TCGGATTT	436	558.53	-5.18
AATGGGAT:ATCCCATT	331	439.71	-5.18
AAGGGTGC:GCACCCTT	90	154.41	-5.18
CAAGTACC:GGTACTTG	94	159.45	-5.18
CATGATTC:GAATCATG	199	286.72	-5.18
ACCACAAT:ATTGTGGT	291	393.72	-5.18
CTTCCATC:GATGGAAG	169	251.01	-5.18
CAAATCTG:CAGATTTG	341	450.85	-5.17
ACGGTGTC:GACACCGT	51	103.68	-5.17
ATTGGACA:TGTCCAAT	149	226.87	-5.17
GGGGCCCC:GGGGCCCC	10	44.46	-5.17
ACGGAAGT:ACTTCCGT	146	223.15	-5.16
CCCTGCCG:CGGCAGGG	46	96.69	-5.16
GGAGCCGA:TCGGCTCC	101	167.75	-5.15
GCCCAACC:GGTTGGGC	163	243.40	-5.15
CAAGGGGG:CCCCCTTG	224	315.53	-5.15
GCAACCTA:TAGGTTGC	156	234.96	-5.15
CTCTAAAG:CTTTAGAG	143	219.16	-5.14
CCCCTACC:GGTAGGGG	392	507.91	-5.14
GAAGGTCA:TGACCTTC	125	197.20	-5.14
ACGGCTCA:TGAGCCGT	87	149.95	-5.14
GTAGGGAA:TTCCCTAC	216	305.87	-5.14
AAACCACA:TGTGGTTT	331	438.62	-5.14
ACACCTGT:ACAGGTGT	105	172.42	-5.13
GGATTCCC:GGGAATCC	192	277.51	-5.13
CCTTAAGG:CCTTAAGG	5	35.57	-5.13
ACTCCAAA:TTTGGAGT	298	400.54	-5.12
AACTGCTA:TAGCAGTT	474	599.40	-5.12
ATGGAATA:TATTCCAT	162	241.58	-5.12
TAAGTTGA:TCAACTTA	214	303.13	-5.12
GAAGAGTA:TACTCTTC	79	139.37	-5.11
GTGGATAA:TTATCCAC	193	278.23	-5.11
AATTCCCA:TGGGAATT	823	983.01	-5.10
CGCGCGCA:TGCGCGCG	38	84.97	-5.10
CTCTTTTC:GAAAAGAG	119	189.07	-5.10
CAAACTGG:CCAGTTTG	280	379.22	-5.10
AAACCCGT:ACGGGTTT	322	427.22	-5.09
ATTGTACA:TGTACAAT	137	210.90	-5.09
TAGACGGA:TCCGTCTA	66	122.23	-5.09
GCACTGCC:GGCAGTGC	67	123.46	-5.08
CTGCCAAA:TTTGGCAG	364	474.67	-5.08
GACGCTGC:GCAGCGTC	86	147.66	-5.07
ACGCTTCT:AGAAGCGT	73	131.08	-5.07
GATCAGAA:TTCTGATC	138	211.80	-5.07
CAACGCAG:CTGCGTTG	50	100.91	-5.07
AGTGCGAA:TTCGCACT	101	166.29	-5.06
GAACAATA:TATTGTTC	207	293.68	-5.06
CGGCGCCG:CGGCGCCG	17	54.23	-5.06
CGCCTTGC:GCAAGGCG	54	105.99	-5.05
CGGTCAAG:CTTGACCG	175	255.68	-5.05
GCGTCAGC:GCTGACGC	186	268.66	-5.04
CGGGCATC:GATGCCCG	60	113.77	-5.04
TAGGTTGA:TCAACCTA	472	594.87	-5.04
CGGATCCG:CGGATCCG	11	44.63	-5.03
ACGGCGAG:CTCGCCGT	86	147.03	-5.03
GGGGTGAA:TTCACCCC	360	468.88	-5.03
ATGGTCAC:GTGACCAT	118	186.67	-5.03
ATCGCCAG:CTGGCGAT	409	523.95	-5.02
TACTCCAA:TTGGAGTA	140	213.35	-5.02
ATCACCCA:TGGGTGAT	387	499.19	-5.02
GGGAGAGA:TCTCTCCC	204	289.35	-5.02
AAGACCTT:AAGGTCTT	122	191.40	-5.02
ATATGGGA:TCCCATAT	215	302.00	-5.01
CGCCCCTC:GAGGGGCG	95	157.89	-5.01
AAGGAGAG:CTCTCCTT	103	167.83	-5.00
ATGATTAA:TTAATCAT	667	809.29	-5.00
GTACGGTA:TACCGTAC	23	62.55	-5.00
CCTCAGG :CCTGAGG 	43	632.99	-23.45
GCTAAGC :GCTTAGC 	9	465.44	-21.16
CCTAAGG :CCTTAGG 	46	528.42	-20.99
GGTCACC :GGTGACC 	121	596.85	-19.48
GCTCAGC :GCTGAGC 	5	365.65	-18.86
GCGATCA :TGATCGC 	686	1377.42	-18.63
GCGATCC :GGATCGC 	374	937.71	-18.41
GGTAACC :GGTTACC 	257	717.25	-17.19
AGATCGC :GCGATCT 	383	841.59	-15.81
TATCGCA :TGCGATA 	434	773.12	-12.20
ACGCACT :AGTGCGT 	276	561.57	-12.05
CTGACGA :TCGTCAG 	490	809.62	-11.23
ATGCGAG :CTCGCAT 	346	608.47	-10.64
GCGTCAA :TTGACGC 	425	705.64	-10.57
CATTTTA :TAAAATG 	1224	1653.55	-10.56
ATGACGC :GCGTCAT 	253	480.20	-10.37
CTTCAAG :CTTGAAG 	445	720.48	-10.26
TGTCACA :TGTGACA 	307	541.66	-10.08
ATCGCAG :CTGCGAT 	912	1270.05	-10.05
AAAACCC :GGGTTTT 	2581	3121.23	-9.67
CCTTTCA :TGAAAGG 	600	883.87	-9.55
GCCCTAC :GTAGGGC 	437	681.50	-9.37
AAACCTA :TAGGTTT 	1457	1860.50	-9.36
GAACGGC :GCCGTTC 	246	441.68	-9.31
GGCCGCC :GGCGGCC 	243	436.04	-9.24
GCCCAAC :GTTGGGC 	739	1031.95	-9.12
CTTTTTA :TAAAAAG 	1146	1495.58	-9.04
AACGCAC :GTGCGTT 	428	658.43	-8.98
AGCGGCG :CGCCGCT 	631	893.47	-8.78
CATCATG :CATGATG 	721	997.28	-8.75
CCTGCTA :TAGCAGG 	569	819.34	-8.75
CCTAAAG :CTTTAGG 	655	920.29	-8.75
GATAAAC :GTTTATC 	1412	1779.36	-8.71
AAAAAAA :TTTTTTT 	2784	3275.90	-8.60
ACCGCCC :GGGCGGT 	872	1164.47	-8.57
CGCGTCA :TGACGCG 	238	411.76	-8.56
CTAGCGA :TCGCTAG 	324	517.87	-8.52
CGGTTTA :TAAACCG 	1054	1364.15	-8.40
AGTTGTA :TACAACT 	696	953.89	-8.35
ACCCGCT :AGCGGGT 	652	901.40	-8.31
CCTTTAG :CTAAAGG 	676	928.52	-8.29
TAAGGCA :TGCCTTA 	527	754.56	-8.28
AACAACC :GGTTGTT 	964	1256.67	-8.26
ATGCGTC :GACGCAT 	311	494.50	-8.25
ATCGCTG :CAGCGAT 	1557	1917.50	-8.23
CAACCTG :CAGGTTG 	920	1205.60	-8.23
CATATCA :TGATATG 	780	1044.15	-8.18
AGGCGGG :CCCGCCT 	738	993.24	-8.10
AGGCGAG :CTCGCCT 	526	747.02	-8.09
AGGGTGG :CCACCCT 	789	1050.05	-8.06
AGGCGAC :GTCGCCT 	719	968.64	-8.02
CCCCACA :TGTGGGG 	989	1275.31	-8.02
GCCGCCC :GGGCGGC 	1043	1334.42	-7.98
GGCAAAC :GTTTGCC 	477	684.33	-7.93
CAAAACG :CGTTTTG 	720	965.70	-7.91
CCGCTTA :TAAGCGG 	362	546.16	-7.88
AAACCCC :GGGGTTT 	2197	2597.94	-7.87
ACGCCTC :GAGGCGT 	195	339.25	-7.83
AGACGCA :TGCGTCT 	314	486.41	-7.82
AAATTCC :GGAATTT 	2640	3072.31	-7.80
AAATTAA :TTAATTT 	2949	3403.72	-7.80
CCGCCCA :TGGGCGG 	941	1211.94	-7.78
GCCAGGC :GCCTGGC 	198	341.71	-7.77
CAATTTA :TAAATTG 	1737	2092.10	-7.76
TCCCCCA :TGGGGGA 	1781	2138.77	-7.74
ACCCAAA :TTTGGGT 	2155	2545.21	-7.74
AAAAACC :GGTTTTT 	2610	3035.65	-7.73
AAGAGCC :GGCTCTT 	268	427.77	-7.73
AGGCGAA :TTCGCCT 	602	823.61	-7.72
ACCCAAT :ATTGGGT 	1206	1504.60	-7.70
ATTTTAA :TTAAAAT 	2383	2789.28	-7.69
CTTAAAG :CTTTAAG 	668	896.96	-7.65
CGCCGCA :TGCGGCG 	629	851.75	-7.63
GTTGTTA :TAACAAC 	697	928.80	-7.61
CATCCTA :TAGGATG 	534	740.52	-7.59
GTCCTTA :TAAGGAC 	257	408.38	-7.49
CCCCAAC :GTTGGGG 	1730	2065.95	-7.39
CAAAACA :TGTTTTG 	1270	1560.97	-7.37
GCTTTCC :GGAAAGC 	905	1154.78	-7.35
TAGGGGA :TCCCCTA 	1469	1777.75	-7.32
CACATCG :CGATGTG 	260	407.43	-7.30
GACCACC :GGTGGTC 	652	866.65	-7.29
CGTCACG :CGTGACG 	102	205.94	-7.24
CTATTTA :TAAATAG 	1347	1639.92	-7.23
AAGAACC :GGTTCTT 	778	1007.39	-7.23
GGGCGGA :TCCGCCC 	621	826.94	-7.16
TGTGAAA :TTTCACA 	663	873.97	-7.14
CATAATG :CATTATG 	658	866.58	-7.09
GGTGCGA :TCGCACC 	1336	1618.16	-7.02
CCGACTA :TAGTCGG 	589	785.47	-7.01
CCCGCCG :CGGCGGG 	1015	1263.73	-7.00
GAACCCC :GGGGTTC 	1113	1372.18	-7.00
ACATACG :CGTATGT 	78	168.40	-6.97
CCGGTTA :TAACCGG 	707	917.69	-6.96
CGCGATC :GATCGCG 	2213	2565.12	-6.95
CTAGTTA :TAACTAG 	570	761.65	-6.94
CCCGCCA :TGGCGGG 	1412	1697.87	-6.94
AGGCACC :GGTGCCT 	60	142.65	-6.92
CAAGGCG :CGCCTTG 	655	857.42	-6.91
CATTCCG :CGGAATG 	405	569.74	-6.90
CTTGCTA :TAGCAAG 	421	588.09	-6.89
ACCCCGC :GCGGGGT 	612	807.71	-6.89
AAGCCCC :GGGGCTT 	711	918.55	-6.85
CATGAGG :CCTCATG 	341	492.81	-6.84
AATGGTC :GACCATT 	761	974.20	-6.83
CTCATTA :TAATGAG 	684	885.78	-6.78
CACAACA :TGTTGTG 	549	732.39	-6.78
CACCCCG :CGGGGTG 	553	736.58	-6.76
CATGGAG :CTCCATG 	426	590.30	-6.76
AGTAGGG :CCCTACT 	982	1217.87	-6.76
CTCGTTA :TAACGAG 	248	379.67	-6.76
TATCCCA :TGGGATA 	1262	1525.89	-6.76
CTAAAAG :CTTTTAG 	778	990.27	-6.75
AGCGTCA :TGACGCT 	486	659.15	-6.74
CGGGTTA :TAACCCG 	1150	1402.46	-6.74
GAGATGC :GCATCTC 	597	785.65	-6.73
GACCTAC :GTAGGTC 	434	597.77	-6.70
TAGCGCA :TGCGCTA 	333	479.26	-6.68
GAACCAA :TTGGTTC 	814	1028.18	-6.68
GTGCGTA :TACGCAC 	165	275.71	-6.67
AATGATC :GATCATT 	478	647.23	-6.65
AGATTCC :GGAATCT 	638	828.48	-6.62
AGAGATC :GATCTCT 	178	290.83	-6.62
CCGTCAG :CTGACGG 	742	945.20	-6.61
CAAATCG :CGATTTG 	885	1104.44	-6.60
CCGGCTA :TAGCCGG 	723	923.62	-6.60
CAAAGAG :CTCTTTG 	507	678.57	-6.59
AGGGGTG :CACCCCT 	1013	1244.76	-6.57
GAGAGGC :GCCTCTC 	479	645.56	-6.56
CCTCTTA :TAAGAGG 	311	450.00	-6.55
ACCTTTC :GAAAGGT 	724	922.29	-6.53
GTACTTA :TAAGTAC 	212	330.46	-6.52
GACCCGC :GCGGGTC 	517	687.73	-6.51
CGGCAAG :CTTGCCG 	278	409.68	-6.51
CCTCAAG :CTTGAGG 	868	1081.70	-6.50
GAATCAA :TTGATTC 	1265	1517.81	-6.49
GGCACCC :GGGTGCC 	100	189.21	-6.49
CTCTTTA :TAAAGAG 	584	763.15	-6.49
ATGCCTC :GAGGCAT 	361	506.55	-6.47
AAGCCGT :ACGGCTT 	838	1047.10	-6.46
ACACTTC :GAAGTGT 	384	532.22	-6.43
ATCGCCG :CGGCGAT 	1968	2273.93	-6.42
TCCCCGA :TCGGGGA 	775	975.25	-6.41
CCTTGCA :TGCAAGG 	310	444.84	-6.39
CTAGGCA :TGCCTAG 	229	348.23	-6.39
CCCGTTA :TAACGGG 	605	783.57	-6.38
CTGTAAG :CTTACAG 	325	462.06	-6.38
ACGCCCC :GGGGCGT 	322	458.18	-6.36
CACTGCA :TGCAGTG 	240	360.80	-6.36
ATGTCCA :TGGACAT 	436	590.47	-6.36
GCGTTCC :GGAACGC 	378	523.29	-6.35
AGTCTTC :GAAGACT 	490	652.19	-6.35
GCTCCAC :GTGGAGC 	138	234.78	-6.32
ACCCGCA :TGCGGGT 	997	1217.27	-6.31
AGGGTTC :GAACCCT 	820	1021.17	-6.30
CCCCTTA :TAAGGGG 	713	902.04	-6.29
AAATAGT :ACTATTT 	1538	1804.92	-6.28
CGATAGA :TCTATCG 	466	622.62	-6.28
AGGACGG :CCGTCCT 	448	601.75	-6.27
GTGAAAA :TTTTCAC 	1173	1408.09	-6.27
TGTAAAA :TTTTACA 	901	1109.43	-6.26
CGAATCA :TGATTCG 	595	767.57	-6.23
AGCCTTC :GAAGGCT 	742	931.73	-6.22
ATAACTC :GAGTTAT 	1051	1272.71	-6.22
AAACTGT :ACAGTTT 	1502	1762.89	-6.21
GACTCGC :GCGAGTC 	421	569.17	-6.21
AATCCTC :GAGGATT 	1300	1543.22	-6.19
ACTGCGC :GCGCAGT 	296	423.29	-6.19
GCCCCGC :GCGGGGC 	221	333.76	-6.17
CACCAAG :CTTGGTG 	748	935.75	-6.14
ACCCAGT :ACTGGGT 	851	1049.50	-6.13
AAAATTC :GAATTTT 	2467	2789.22	-6.10
AGCCGCC :GGCGGCT 	1442	1692.35	-6.09
GCGGGTA :TACCCGC 	761	948.32	-6.08
CATTTCA :TGAAATG 	751	937.10	-6.08
ATGCGAA :TTCGCAT 	424	568.95	-6.08
GACCTTA :TAAGGTC 	353	487.03	-6.07
CTATAAG :CTTATAG 	378	515.79	-6.07
ATAATTC :GAATTAT 	1776	2050.62	-6.07
GAAATCC :GGATTTC 	1168	1394.07	-6.06
GACCCAA :TTGGGTC 	858	1054.48	-6.05
CCCTTAG :CTAAGGG 	532	690.94	-6.05
CAACTTG :CAAGTTG 	791	979.83	-6.03
GATGCCC :GGGCATC 	493	646.10	-6.02
CGCAAGA :TCTTGCG 	194	297.97	-6.02
CCATTAG :CTAATGG 	900	1099.61	-6.02
ATTCAAT :ATTGAAT 	1406	1650.43	-6.02
GAGAGAC :GTCTCTC 	357	490.18	-6.02
CTCGACA :TGTCGAG 	372	507.20	-6.00
AAACTTC :GAAGTTT 	1209	1436.40	-6.00
ATGCCCC :GGGGCAT 	384	520.91	-6.00
GCCCACC :GGTGGGC 	400	538.95	-5.99
AAGCGGT :ACCGCTT 	681	855.73	-5.97
ATTCTCC :GGAGAAT 	1197	1421.64	-5.96
CAAACAG :CTGTTTG 	1124	1341.50	-5.94
TACACCA :TGGTGTA 	636	803.47	-5.91
GAGCGCC :GGCGCTC 	338	465.46	-5.91
ACCCCTG :CAGGGGT 	870	1062.37	-5.90
ATATTTG :CAAATAT 	1499	1745.18	-5.89
GCTGCGA :TCGCAGC 	500	650.03	-5.88
ATGCGAC :GTCGCAT 	461	605.69	-5.88
CTTTGCC :GGCAAAG 	492	640.12	-5.85
CCTTGGA :TCCAAGG 	607	769.30	-5.85
ACCATTC :GAATGGT 	863	1052.83	-5.85
GAGGAGC :GCTCCTC 	281	397.26	-5.83
AAAATAA :TTATTTT 	2502	2810.21	-5.82
GAAATAC :GTATTTC 	870	1059.17	-5.81
CATTTAG :CTAAATG 	749	925.56	-5.80
ATATGTG :CACATAT 	358	485.57	-5.79
CCAATTA :TAATTGG 	1916	2186.56	-5.79
ATGGGTG :CACCCAT 	747	922.69	-5.78
CCCCTCA :TGAGGGG 	935	1129.30	-5.78
CCCTCTA :TAGAGGG 	537	688.68	-5.78
AAGCGAA :TTCGCTT 	612	772.38	-5.77
CAACCCG :CGGGTTG 	1093	1301.06	-5.77
CTTCTCA :TGAGAAG 	597	755.52	-5.77
AAAAAGT :ACTTTTT 	1691	1945.31	-5.77
ACTACGG :CCGTAGT 	455	595.56	-5.76
CAAATCA :TGATTTG 	1713	1968.18	-5.75
AGCTTTG :CAAAGCT 	745	919.24	-5.75
CTTGTTA :TAACAAG 	593	750.23	-5.74
AAAACTC :GAGTTTT 	2069	2346.76	-5.73
GAGGGGC :GCCCCTC 	319	439.00	-5.73
AAGTTTC :GAAACTT 	1190	1404.39	-5.72
CGTCCGA :TCGGACG 	246	353.46	-5.72
CCCCCTA :TAGGGGG 	1392	1622.08	-5.71
TCTAAGA :TCTTAGA 	464	604.10	-5.70
CTCCACA :TGTGGAG 	502	646.82	-5.69
CCAGTTA :TAACTGG 	1156	1366.45	-5.69
CGGGCAA :TTGCCCG 	356	480.81	-5.69
GTTATTA :TAATAAC 	1139	1347.78	-5.69
GCTCTCC :GGAGAGC 	362	487.43	-5.68
GAACAGA :TCTGTTC 	652	813.96	-5.68
TAACGCA :TGCGTTA 	310	427.31	-5.68
GGGGCGA :TCGCCCC 	1316	1538.49	-5.67
CGCCTGA :TCAGGCG 	703	869.90	-5.66
CCCTTTA :TAAAGGG 	807	984.46	-5.66
AAGATGT :ACATCTT 	781	955.59	-5.65
ACGCCGC :GCGGCGT 	382	509.33	-5.64
TGTCAAA :TTTGACA 	1256	1472.47	-5.64
GCACCAA :TTGGTGC 	815	992.63	-5.64
GCATAAC :GTTATGC 	444	579.62	-5.63
ATTCTAA :TTAGAAT 	1019	1215.36	-5.63
ATATCAA :TTGATAT 	2210	2491.02	-5.63
CTTGTCA :TGACAAG 	515	659.30	-5.62
CTAAACA :TGTTTAG 	851	1030.92	-5.60
ACGCACA :TGTGCGT 	241	345.04	-5.60
GATTCGC :GCGAATC 	443	577.46	-5.60
GCACCCC :GGGGTGC 	686	848.80	-5.59
AAGCGAG :CTCGCTT 	491	630.96	-5.57
CTGCTTA :TAAGCAG 	538	683.52	-5.57
CAGGGGC :GCCCCTG 	357	478.62	-5.56
CTGGAAG :CTTCCAG 	727	893.12	-5.56
AGAGACG :CGTCTCT 	250	354.67	-5.56
GAAAGCC :GGCTTTC 	1048	1243.85	-5.55
GCGTGAC :GTCACGC 	165	253.16	-5.54
TATCCGA :TCGGATA 	658	816.30	-5.54
GGTCAGA :TCTGACC 	929	1113.66	-5.53
AGACTCC :GGAGTCT 	654	811.26	-5.52
CTATTCA :TGAATAG 	783	953.34	-5.52
ACCACAC :GTGTGGT 	427	557.21	-5.52
AACGGCT :AGCCGTT 	908	1089.65	-5.50
GATTAAC :GTTAATC 	1622	1859.14	-5.50
ATTGACC :GGTCAAT 	1570	1803.38	-5.50
CCTGTTA :TAACAGG 	913	1094.71	-5.49
CTACTTA :TAAGTAG 	560	705.89	-5.49
CCAAGCA :TGCTTGG 	665	822.33	-5.49
GCCCGCC :GGCGGGC 	465	599.26	-5.48
AAAACAC :GTGTTTT 	832	1005.90	-5.48
CCACCTA :TAGGTGG 	625	777.89	-5.48
GAAGAGC :GCTCTTC 	242	343.38	-5.47
ACCTTCC :GGAAGGT 	795	964.61	-5.46
AGATTTC :GAAATCT 	1131	1329.86	-5.45
GGGACAA :TTGTCCC 	834	1006.62	-5.44
GAATGGC :GCCATTC 	886	1063.13	-5.43
GGCGGGA :TCCCGCC 	1136	1334.29	-5.43
CTACCGA :TCGGTAG 	636	788.43	-5.43
TGCTAAA :TTTAGCA 	1578	1808.50	-5.42
GTCACAA :TTGTGAC 	477	610.89	-5.42
ATGCCAA :TTGGCAT 	984	1169.05	-5.41
CACTACG :CGTAGTG 	190	280.57	-5.41
GAACCGC :GCGGTTC 	653	806.31	-5.40
GATCCCC :GGGGATC 	222	318.09	-5.39
CGCACTA :TAGTGCG 	545	686.00	-5.38
GCGACCC :GGGTCGC 	606	753.80	-5.38
CCGTTTA :TAAACGG 	903	1079.76	-5.38
CTGCCAG :CTGGCAG 	563	705.92	-5.38
AAGCCAC :GTGGCTT 	1194	1394.85	-5.38
AAAAGAT :ATCTTTT 	968	1150.34	-5.38
CAAATTA :TAATTTG 	2164	2428.39	-5.37
TAATCGA :TCGATTA 	882	1056.12	-5.36
CAGTGGG :CCCACTG 	605	751.86	-5.36
CCAACCG :CGGTTGG 	685	840.11	-5.35
GAGTCGC :GCGACTC 	501	635.88	-5.35
CTTGGCA :TGCCAAG 	576	719.28	-5.34
ACTCAGT :ACTGAGT 	753	913.85	-5.32
GAGAAGC :GCTTCTC 	674	826.96	-5.32
AGTTTGG :CCAAACT 	1538	1761.19	-5.32
ATGCGGG :CCCGCAT 	664	815.78	-5.31
ACAATTC :GAATTGT 	1166	1361.87	-5.31
AATTTAA :TTAAATT 	2123	2382.01	-5.31
AGGTGTG :CACACCT 	340	452.95	-5.31
GCGTCCC :GGGACGC 	261	361.94	-5.31
CCTCACA :TGTGAGG 	318	427.55	-5.30
AATAAAT :ATTTATT 	2280	2546.52	-5.28
AAAAGTC :GACTTTT 	1179	1374.30	-5.27
TGTAACA :TGTTACA 	475	604.36	-5.26
CTTGCCC :GGGCAAG 	301	407.14	-5.26
CATTTGA :TCAAATG 	859	1027.41	-5.25
CAATCCG :CGGATTG 	505	637.67	-5.25
GGCATTA :TAATGCC 	1110	1299.17	-5.25
CATGGGG :CCCCATG 	668	818.03	-5.25
CAACGCG :CGCGTTG 	208	298.60	-5.24
AAGGAGT :ACTCCTT 	545	681.82	-5.24
GTGATAA :TTATCAC 	1011	1191.76	-5.24
AGACTAA :TTAGTCT 	624	769.19	-5.24
GAAGCAA :TTGCTTC 	601	743.75	-5.23
CTGGCGA :TCGCCAG 	990	1168.75	-5.23
CATCTCG :CGAGATG 	557	694.67	-5.22
GCAACGC :GCGTTGC 	252	349.64	-5.22
CGACGCA :TGCGTCG 	315	422.22	-5.22
CTCTAAG :CTTAGAG 	398	516.59	-5.22
CATCTTA :TAAGATG 	562	699.93	-5.21
CGCTGCA :TGCAGCG 	300	404.86	-5.21
ATGTGAA :TTCACAT 	445	569.11	-5.20
CATTAGG :CCTAATG 	750	906.39	-5.20
AAAGCGT :ACGCTTT 	443	566.50	-5.19
CACAATG :CATTGTG 	498	627.72	-5.18
AAAGATC :GATCTTT 	270	369.50	-5.18
GTTTTTA :TAAAAAC 	1639	1861.84	-5.17
GAACGCC :GGCGTTC 	446	569.16	-5.16
TACCTCA :TGAGGTA 	659	805.36	-5.16
GTGCTTA :TAAGCAC 	366	478.78	-5.15
CGTCTCA :TGAGACG 	274	373.47	-5.15
AGCTGCG :CGCAGCT 	254	350.15	-5.14
AAGACGT :ACGTCTT 	162	241.88	-5.14
GCCTAAC :GTTAGGC 	415	533.59	-5.13
CTGATGA :TCATCAG 	1677	1900.49	-5.13
CAGTTTA :TAAACTG 	1379	1582.41	-5.11
CAATTCG :CGAATTG 	678	824.71	-5.11
AAGGGTG :CACCCTT 	609	748.74	-5.11
AGATAGG :CCTATCT 	679	825.44	-5.10
AAGCAGT :ACTGCTT 	815	973.77	-5.09
AGGTGAG :CTCACCT 	650	793.13	-5.08
CATGGCA :TGCCATG 	645	787.22	-5.07
ATGGCGG :CCGCCAT 	1356	1555.78	-5.07
GTCTCGA :TCGAGAC 	370	481.09	-5.07
AGCGTAG :CTACGCT 	157	234.42	-5.06
ATACGCA :TGCGTAT 	149	224.78	-5.05
ATTCACC :GGTGAAT 	955	1124.40	-5.05
TCTCAGA :TCTGAGA 	735	885.19	-5.05
CAATTCA :TGAATTG 	1169	1354.78	-5.05
AACCTAA :TTAGGTT 	1094	1273.68	-5.04
GCGTCAC :GTGACGC 	236	327.03	-5.03
CCGGAAA :TTTCCGG 	1741	1963.96	-5.03
AATTAGT :ACTAATT 	1510	1718.10	-5.02
AAAACAA :TTGTTTT 	1521	1729.51	-5.01
AGAATAA :TTATTCT 	845	1003.69	-5.01
AAATTT  :AAATTT  	5305	24691.26	-123.60
ATTAAT  :ATTAAT  	5771	22343.54	-111.05
CGATCG  :CGATCG  	11483	30957.49	-110.94
AATATT  :AATATT  	4532	19688.77	-108.18
TAATTA  :TAATTA  	4187	18785.16	-106.66
TTTAAA  :TTTAAA  	4175	17266.74	-99.76
CAATTG  :CAATTG  	2555	13278.53	-93.15
CGATCA  :TGATCG  	1820	10883.09	-86.95
GAATTC  :GAATTC  	886	8681.63	-83.72
TCCGGA  :TCCGGA  	369	7562.61	-82.77
GATATC  :GATATC  	2962	12011.37	-82.64
ATATAT  :ATATAT  	2383	10825.88	-81.21
GTTAAC  :GTTAAC  	2049	10109.29	-80.23
TAGCTA  :TAGCTA  	1709	8823.28	-75.79
AAGCTT  :AAGCTT  	291	6274.16	-75.57
TTATAA  :TTATAA  	1861	9003.30	-75.32
AAATTA  :TAATTT  	10555	21536.69	-74.95
ATTAAA  :TTTAAT  	9183	19641.80	-74.73
CCATGG  :CCATGG  	1371	7909.09	-73.56
ATCGAT  :ATCGAT  	1637	8269.99	-72.98
TCATGA  :TCATGA  	1409	7481.43	-70.24
TTGCAA  :TTGCAA  	1338	7306.30	-69.86
AGATCG  :CGATCT  	1112	6755.73	-68.70
CCCGGG  :CCCGGG  	370	5322.09	-67.91
ACCGGT  :ACCGGT  	432	5396.65	-67.61
TCTAGA  :TCTAGA  	227	4862.96	-66.50
CCTAGG  :CCTAGG  	1483	7015.76	-66.09
GGCGCC  :GGCGCC  	31	4353.61	-65.53
CAGCTG  :CAGCTG  	71	4200.33	-63.73
AAATTG  :CAATTT  	9565	18107.00	-63.56
TATATA  :TATATA  	1938	7166.61	-61.80
TCGCGA  :TCGCGA  	1284	6025.47	-61.11
ATTAAC  :GTTAAT  	7558	15029.21	-61.01
AACGTT  :AACGTT  	1297	5917.72	-60.09
GCTAGC  :GCTAGC  	50	3695.75	-59.99
ACTAGT  :ACTAGT  	138	3835.26	-59.72
CGATCC  :GGATCG  	1239	5677.69	-58.93
CTATAG  :CTATAG  	1269	5677.96	-58.54
CAATTA  :TAATTG  	8456	15793.65	-58.45
AATATA  :TATATT  	5584	11878.63	-57.81
CTGCAG  :CTGCAG  	249	3809.93	-57.71
AATATC  :GATATT  	8317	15378.20	-57.01
TTCGAA  :TTCGAA  	43	3287.18	-56.60
CTCGAG  :CTCGAG  	187	3442.07	-55.50
CATATG  :CATATG  	254	3548.36	-55.32
CTTAAG  :CTTAAG  	130	3297.40	-55.17
GATATA  :TATATC  	4018	9277.97	-54.65
GTTAAA  :TTTAAC  	6941	13211.91	-54.61
GGTACC  :GGTACC  	155	3010.60	-52.06
TGTACA  :TGTACA  	957	4403.25	-51.95
AGCGCT  :AGCGCT  	742	4011.24	-51.63
ATGCAT  :ATGCAT  	79	2774.00	-51.18
GAATTA  :TAATTC  	7058	12770.50	-50.60
GTCGAC  :GTCGAC  	9	2421.22	-49.03
AAATTC  :GAATTT  	8758	14641.05	-48.67
AGTACT  :AGTACT  	138	2563.56	-47.92
CAATTC  :GAATTG  	5827	10736.82	-47.42
TGCGCA  :TGCGCA  	19	2084.88	-45.25
GCGCGC  :GCGCGC  	427	2801.99	-44.88
ATATAA  :TTATAT  	5491	9872.62	-44.13
ATTAAG  :CTTAAT  	4516	8583.45	-43.93
GCCGGC  :GCCGGC  	275	2441.19	-43.85
CTATAA  :TTATAG  	3483	7149.85	-43.39
CCATGA  :TCATGG  	3891	7692.29	-43.37
CCGCGG  :CCGCGG  	36	1947.69	-43.32
ACCGGC  :GCCGGT  	1027	3629.63	-43.21
CCGATC  :GATCGG  	2502	5720.18	-42.57
GTGCAC  :GTGCAC  	55	1912.12	-42.48
CGCGCG  :CGCGCG  	350	2364.88	-41.44
ATATAG  :CTATAT  	4204	7840.21	-41.09
AATATG  :CATATT  	4687	8358.40	-40.18
TGGCCA  :TGGCCA  	655	2726.51	-39.68
CATATC  :GATATG  	3339	6528.45	-39.49
GACGTC  :GACGTC  	15	1522.75	-38.64
GATCGA  :TCGATC  	2296	5023.60	-38.50
ATATAC  :GTATAT  	2222	4827.29	-37.51
GTATAC  :GTATAC  	421	2152.50	-37.33
AAGCTA  :TAGCTT  	4233	7440.34	-37.20
ACTAGG  :CCTAGT  	2523	5187.22	-37.01
CTTAAA  :TTTAAG  	4359	7545.55	-36.70
GACGCC  :GGCGTC  	88	1446.51	-35.72
CAGCTA  :TAGCTG  	3305	6087.75	-35.68
AATCGC  :GCGATT  	3775	6652.55	-35.30
CCTAGC  :GCTAGG  	2594	5092.01	-35.02
CCCGGA  :TCCGGG  	3614	6344.20	-34.29
ACATGT  :ACATGT  	16	1186.87	-33.99
GCGATA  :TATCGC  	3553	6140.63	-33.04
ATCGAA  :TTCGAT  	2843	5213.92	-32.85
ATCGAG  :CTCGAT  	2948	5335.34	-32.70
ATGCAA  :TTGCAT  	2354	4501.96	-32.02
ACATGC  :GCATGT  	44	1107.44	-31.96
GCGCGA  :TCGCGC  	2068	4108.93	-31.85
CATCGC  :GCGATG  	2262	4340.06	-31.55
GCATGC  :GCATGC  	26	1033.33	-31.34
AGCGCG  :CGCGCT  	1363	3079.95	-30.94
CCTAGA  :TCTAGG  	3485	5841.01	-30.84
ACGCGT  :ACGCGT  	9	944.71	-30.45
CTTAAC  :GTTAAG  	3465	5773.59	-30.40
TGATCA  :TGATCA  	2043	3825.95	-28.83
CGGCCG  :CGGCCG  	377	1486.62	-28.78
GTATAA  :TTATAC  	2518	4402.23	-28.41
ATCGAC  :GTCGAT  	2582	4474.75	-28.30
CTGCAA  :TTGCAG  	3221	5276.03	-28.30
CCCGAG  :CTCGGG  	649	1860.84	-28.10
CTATAC  :GTATAG  	1857	3495.97	-27.73
GGATCC  :GGATCC  	147	1041.30	-27.72
ACGATC  :GATCGT  	1801	3397.95	-27.40
TACGTA  :TACGTA  	8	732.47	-26.77
GGTACA  :TGTACC  	2056	3640.94	-26.27
GAGCTC  :GAGCTC  	67	801.10	-25.94
CATATA  :TATATG  	3205	5042.79	-25.89
GTGCAA  :TTGCAC  	2160	3737.71	-25.81
GAGCAC  :GTGCTC  	234	1077.93	-25.71
CCCGGC  :GCCGGG  	2064	3604.47	-25.67
AGTACA  :TGTACT  	1886	3359.76	-25.43
CGCGCA  :TGCGCG  	1027	2220.47	-25.33
CAGCTC  :GAGCTG  	768	1834.36	-24.90
AGCGCC  :GGCGCT  	2581	4178.92	-24.73
GGCACC  :GGTGCC  	646	1626.17	-24.31
CCGCGA  :TCGCGG  	2042	3425.74	-23.65
CTGCAC  :GTGCAG  	1476	2699.08	-23.55
CGTACA  :TGTACG  	596	1500.05	-23.34
GGGCCC  :GGGCCC  	104	725.40	-23.07
AGCGCA  :TGCGCT  	1653	2891.88	-23.04
AACGTG  :CACGTT  	729	1658.46	-22.83
ACCGGA  :TCCGGT  	4599	6388.48	-22.40
ACGCGA  :TCGCGT  	1295	2385.85	-22.34
CGGCCA  :TGGCCG  	1016	2013.28	-22.23
CGTACG  :CGTACG  	12	511.02	-22.08
ACTAGA  :TCTAGT  	2872	4318.65	-22.02
AGATCT  :AGATCT  	635	1474.28	-21.86
GCTAGA  :TCTAGC  	2820	4239.38	-21.81
AACGTC  :GACGTT  	1819	3001.87	-21.59
GAGCTA  :TAGCTC  	1549	2658.63	-21.52
CTCGAC  :GTCGAG  	1740	2886.86	-21.35
ACCGGG  :CCCGGT  	3897	5359.24	-19.98
AACGTA  :TACGTT  	1188	2081.95	-19.60
AAGCTC  :GAGCTT  	1317	2241.92	-19.54
AGGCCG  :CGGCCT  	430	1067.63	-19.52
GCATGA  :TCATGC  	1758	2780.43	-19.39
AGGCCA  :TGGCCT  	712	1445.86	-19.30
AGGCCT  :AGGCCT  	241	766.73	-18.99
ACATGA  :TCATGT  	2000	2979.85	-17.95
ACATGG  :CCATGT  	2093	3063.83	-17.54
GGGCCA  :TGGCCC  	758	1406.35	-17.29
CCGCGC  :GCGCGG  	1545	2336.11	-16.37
ACGCGC  :GCGCGT  	970	1626.98	-16.29
ATGCAG  :CTGCAT  	2323	3250.96	-16.28
GTCGAA  :TTCGAC  	1962	2821.17	-16.18
GATCCC  :GGGATC  	929	1559.99	-15.98
CTCGAA  :TTCGAG  	2452	3363.73	-15.72
CCATGC  :GCATGG  	2036	2858.79	-15.39
CACGTA  :TACGTG  	214	583.47	-15.30
CGCGCC  :GGCGCG  	2347	3208.70	-15.22
CACGTG  :CACGTG  	139	464.79	-15.11
ATGCAC  :GTGCAT  	1580	2303.09	-15.07
ATTCCG  :CGGAAT  	3148	4095.08	-14.80
GCCGGA  :TCCGGC  	3345	4296.71	-14.52
ACTAGC  :GCTAGT  	2882	3764.86	-14.39
GAGCCC  :GGGCTC  	853	1376.73	-14.12
ACACGT  :ACGTGT  	69	317.54	-13.95
GGTTAC  :GTAACC  	2377	3159.54	-13.93
GGTCAC  :GTGACC  	1640	2301.53	-13.79
AGTACG  :CGTACT  	685	1144.57	-13.59
CGGCCC  :GGGCCG  	603	1038.46	-13.51
CAGATG  :CATCTG  	2995	3822.67	-13.39
AGTACC  :GGTACT  	2076	2778.11	-13.32
CGCACA  :TGTGCG  	1415	2011.06	-13.29
ACGCGG  :CCGCGT  	874	1356.46	-13.10
AGGCCC  :GGGCCT  	389	745.78	-13.07
GGGGCA  :TGCCCC  	1534	2127.80	-12.87
GAAATC  :GATTTC  	5441	6468.38	-12.78
GGTAAC  :GTTACC  	2958	3736.74	-12.74
CGCACG  :CGTGCG  	585	983.64	-12.71
CATCCG  :CGGATG  	1616	2199.08	-12.44
ATTGGG  :CCCAAT  	5477	6432.91	-11.92
CAATCG  :CGATTG  	1929	2523.92	-11.84
CACGCA  :TGCGTG  	585	939.92	-11.58
AGGCGG  :CCGCCT  	3672	4441.18	-11.55
AGCCGC  :GCGGCT  	3136	3847.17	-11.47
GGCGCA  :TGCGCC  	2387	3012.77	-11.40
CCGCTC  :GAGCGG  	952	1371.02	-11.32
GGGCAC  :GTGCCC  	539	873.10	-11.31
CTTCTC  :GAGAAG  	2736	3390.10	-11.24
GCAAAC  :GTTTGC  	2492	3118.70	-11.22
GCCGCA  :TGCGGC  	1858	2408.58	-11.22
ACCTAA  :TTAGGT  	3098	3775.38	-11.03
CCGGCG  :CGCCGG  	1850	2383.71	-10.93
GATGGC  :GCCATC  	3444	4146.47	-10.91
CTAGGC  :GCCTAG  	1376	1843.96	-10.90
AATTCA  :TGAATT  	5444	6308.34	-10.89
AAGGCG  :CGCCTT  	3428	4113.84	-10.70
CCTGAG  :CTCAGG  	2327	2897.12	-10.59
AAGCAA  :TTGCTT  	3371	4044.04	-10.59
CGACCG  :CGGTCG  	1058	1458.55	-10.49
AGATCA  :TGATCT  	1865	2374.97	-10.47
TCCGAA  :TTCGGA  	2722	3321.27	-10.40
AAATCA  :TGATTT  	9894	10975.76	-10.33
AATTGA  :TCAATT  	8332	9326.17	-10.30
GAATAA  :TTATTC  	3885	4580.09	-10.27
AAAATT  :AATTTT  	12576	13776.31	-10.24
TCGCAA  :TTGCGA  	2838	3435.63	-10.20
GAAAAC  :GTTTTC  	5168	5948.25	-10.12
GCGGCA  :TGCCGC  	1690	2159.50	-10.10
ATAACA  :TGTTAT  	2870	3464.06	-10.10
GTAGGA  :TCCTAC  	2245	2774.88	-10.06
AAGCTG  :CAGCTT  	4413	5133.57	-10.06
CTAAGC  :GCTTAG  	1736	2208.14	-10.05
CAGCCG  :CGGCTG  	2667	3238.47	-10.04
GAGACC  :GGTCTC  	1851	2332.14	-9.96
CACGTC  :GACGTG  	553	841.28	-9.94
GATTGC  :GCAATC  	2444	2982.67	-9.87
CGTACC  :GGTACG  	893	1240.36	-9.86
AATCTA  :TAGATT  	3842	4490.69	-9.68
CTCTGC  :GCAGAG  	1396	1806.74	-9.66
CTACGC  :GCGTAG  	824	1151.49	-9.65
GACAAC  :GTTGTC  	2671	3216.96	-9.63
CTACTC  :GAGTAG  	2413	2932.22	-9.59
CGCTAA  :TTAGCG  	2714	3260.24	-9.57
AGGCTA  :TAGCCT  	3246	3837.16	-9.55
ACGCAT  :ATGCGT  	1109	1475.41	-9.54
ACGTCA  :TGACGT  	782	1095.92	-9.48
TACGCA  :TGCGTA  	778	1090.65	-9.47
AACGCA  :TGCGTT  	1858	2312.40	-9.45
CCTACC  :GGTAGG  	3355	3944.40	-9.39
GAACTC  :GAGTTC  	2749	3286.06	-9.37
AAGTAA  :TTACTT  	2862	3408.44	-9.36
CTCACA  :TGTGAG  	1275	1654.16	-9.32
CCGTTC  :GAACGG  	1747	2182.47	-9.32
GATTAC  :GTAATC  	3282	3856.97	-9.26
GTCCAC  :GTGGAC  	1047	1391.63	-9.24
TTGAAA  :TTTCAA  	5660	6398.59	-9.24
ATTTGG  :CCAAAT  	6904	7713.36	-9.22
ATGCGC  :GCGCAT  	964	1295.71	-9.22
GAAAGC  :GCTTTC  	3384	3958.84	-9.14
CTAATC  :GATTAG  	4004	4624.84	-9.13
CGGCAG  :CTGCCG  	1265	1634.11	-9.13
CCGCAC  :GTGCGG  	2049	2504.64	-9.11
GGCGGA  :TCCGCC  	3479	4058.17	-9.09
CCTAAG  :CTTAGG  	1736	2157.13	-9.07
CGGCGA  :TCGCCG  	4007	4622.35	-9.05
CACCCG  :CGGGTG  	2683	3191.36	-9.00
CTTTGC  :GCAAAG  	2331	2804.86	-8.95
ATTTAA  :TTAAAT  	7667	8490.80	-8.95
ATAGGG  :CCCTAT  	3909	4506.48	-8.90
CACAAG  :CTTGTG  	1604	2002.32	-8.90
CAAATG  :CATTTG  	3458	4020.79	-8.88
GATGAC  :GTCATC  	3121	3656.22	-8.85
CAACCG  :CGGTTG  	2745	3249.41	-8.85
ATCCCG  :CGGGAT  	2747	3249.47	-8.82
CGTCGA  :TCGACG  	744	1026.11	-8.81
ACTTCG  :CGAAGT  	1245	1594.96	-8.76
GCGGGA  :TCCCGC  	3086	3611.07	-8.74
ATAATG  :CATTAT  	4587	5218.09	-8.74
CTCCGC  :GCGGAG  	1262	1612.86	-8.74
CGCCGA  :TCGGCG  	2670	3159.62	-8.71
TTCAAA  :TTTGAA  	5417	6096.16	-8.70
GCCTCA  :TGAGGC  	2399	2864.02	-8.69
ACTTTG  :CAAAGT  	3546	4101.62	-8.68
CCCATC  :GATGGG  	3474	4020.66	-8.62
ATAGGA  :TCCTAT  	2526	2996.47	-8.60
TTCCAA  :TTGGAA  	4566	5184.56	-8.59
CAAGCG  :CGCTTG  	2117	2549.00	-8.56
CGTCAA  :TTGACG  	2695	3176.71	-8.55
ATAGAA  :TTCTAT  	3642	4192.25	-8.50
ATCGCG  :CGCGAT  	3763	4318.69	-8.46
GATTCC  :GGAATC  	3500	4035.39	-8.43
TAGGAA  :TTCCTA  	3558	4097.13	-8.43
ACTGAA  :TTCAGT  	2964	3456.96	-8.39
CTTCGC  :GCGAAG  	1232	1561.87	-8.35
ACCTGA  :TCAGGT  	3780	4328.63	-8.34
GTAAAC  :GTTTAC  	3413	3935.29	-8.33
AGAATG  :CATTCT  	2451	2898.46	-8.31
TAGCAA  :TTGCTA  	4069	4630.66	-8.26
TCAAAA  :TTTTGA  	9233	10058.51	-8.24
CTGAGC  :GCTCAG  	1548	1905.44	-8.19
GAAGAC  :GTCTTC  	2076	2484.10	-8.19
CTATCC  :GGATAG  	3121	3612.84	-8.18
CTGCTC  :GAGCAG  	1611	1972.34	-8.14
AGTCTG  :CAGACT  	2499	2939.61	-8.13
ACCATA  :TATGGT  	4150	4699.52	-8.02
ATAAAG  :CTTTAT  	4418	4983.18	-8.01
AACAGA  :TCTGTT  	4116	4659.99	-7.97
AATGGA  :TCCATT  	3414	3908.26	-7.91
GAACCA  :TGGTTC  	3502	4001.39	-7.90
AAAAGA  :TCTTTT  	4054	4585.01	-7.84
GATGCC  :GGCATC  	2785	3230.16	-7.83
CGCATA  :TATGCG  	1432	1760.68	-7.83
GGACAC  :GTGTCC  	1147	1444.06	-7.82
ATGGCG  :CGCCAT  	4302	4843.40	-7.78
AAGCCA  :TGGCTT  	6592	7254.07	-7.78
GGTGAC  :GTCACC  	2684	3115.84	-7.74
ACGAGA  :TCTCGT  	1471	1798.66	-7.73
AAAAAA  :TTTTTT  	11414	12268.06	-7.72
ACAGGG  :CCCTGT  	2792	3230.42	-7.72
ACAAGG  :CCTTGT  	2135	2522.26	-7.71
TCACCA  :TGGTGA  	4850	5415.32	-7.69
GTGGCA  :TGCCAC  	2567	2984.55	-7.64
CACATG  :CATGTG  	615	835.95	-7.64
GCCGAC  :GTCGGC  	1671	2012.56	-7.61
GACGTA  :TACGTC  	809	1056.11	-7.60
GTCAAC  :GTTGAC  	3517	3994.35	-7.56
TAAGAA  :TTCTTA  	2144	2516.55	-7.43
ATTCAC  :GTGAAT  	2538	2939.04	-7.40
ATAAGA  :TCTTAT  	1707	2041.04	-7.40
AAGATC  :GATCTT  	1242	1530.64	-7.38
ATATCG  :CGATAT  	3507	3970.23	-7.35
ACATTG  :CAATGT  	2452	2843.63	-7.35
ACGTTA  :TAACGT  	1197	1478.46	-7.32
ATGCCA  :TGGCAT  	3673	4143.41	-7.31
GCGCAC  :GTGCGC  	1041	1304.98	-7.31
GCTGCC  :GGCAGC  	1886	2230.38	-7.29
GAGGAC  :GTCCTC  	1571	1884.90	-7.23
CAAACG  :CGTTTG  	1939	2283.63	-7.21
GAGGCA  :TGCCTC  	1682	2003.76	-7.19
ATGATA  :TATCAT  	5041	5577.60	-7.19
ATTGAG  :CTCAAT  	5482	6038.76	-7.17
CGCCAG  :CTGGCG  	3004	3421.85	-7.14
ATCCTG  :CAGGAT  	3892	4362.65	-7.13
GCAGAC  :GTCTGC  	1407	1697.52	-7.05
GGGAAA  :TTTCCC  	8983	9674.74	-7.04
AACAAA  :TTTGTT  	5785	6344.73	-7.03
AGAAAG  :CTTTCT  	3351	3783.13	-7.03
GGAATA  :TATTCC  	4378	4867.21	-7.01
CTTGGC  :GCCAAG  	2841	3237.28	-6.97
CATTGG  :CCAATG  	3030	3435.94	-6.93
ACCATG  :CATGGT  	2775	3163.78	-6.91
AGAGAA  :TTCTCT  	2904	3301.08	-6.91
TAGGGA  :TCCCTA  	4126	4592.46	-6.89
GGAGCA  :TGCTCC  	1408	1690.42	-6.87
GAACAC  :GTGTTC  	1649	1952.36	-6.87
AACTAA  :TTAGTT  	4601	5090.34	-6.86
CCCCCC  :GGGGGG  	4871	5373.09	-6.85
CTGGGC  :GCCCAG  	1893	2213.83	-6.82
ACTCTG  :CAGAGT  	2746	3126.61	-6.81
GCTTGA  :TCAAGC  	3645	4077.59	-6.78
GACTCA  :TGAGTC  	2762	3140.62	-6.76
CAGGCA  :TGCCTG  	1572	1863.40	-6.75
CGCCCA  :TGGGCG  	3131	3531.84	-6.75
GGCGAA  :TTCGCC  	2936	3324.30	-6.74
GAGATA  :TATCTC  	3634	4062.23	-6.72
AGAGGA  :TCCTCT  	2777	3152.47	-6.69
ATTTTG  :CAAAAT  	9993	10683.11	-6.68
ATTATA  :TATAAT  	4796	5280.50	-6.67
CGGGTA  :TACCCG  	2864	3241.70	-6.64
AATTTA  :TAAATT  	8637	9274.73	-6.63
TCGGAA  :TTCCGA  	3934	4371.81	-6.62
GCACAC  :GTGTGC  	693	888.04	-6.55
ATAGTG  :CACTAT  	2558	2909.70	-6.52
GCTTCC  :GGAAGC  	3632	4046.44	-6.52
ACAATA  :TATTGT  	4242	4686.05	-6.49
GCCCAC  :GTGGGC  	1412	1676.25	-6.46
ATTTCA  :TGAAAT  	5403	5895.52	-6.42
TAACAA  :TTGTTA  	3968	4392.66	-6.41
GAATGA  :TCATTC  	2309	2637.44	-6.40
ATCATA  :TATGAT  	4122	4552.99	-6.39
AACGGT  :ACCGTT  	2552	2895.32	-6.38
AGATTA  :TAATCT  	4774	5235.40	-6.38
CACCTA  :TAGGTG  	2563	2906.36	-6.37
CCGAGC  :GCTCGG  	719	910.78	-6.36
ATTCGA  :TCGAAT  	1663	1942.87	-6.35
ATGGTG  :CACCAT  	4387	4826.74	-6.33
ATCCGG  :CCGGAT  	2587	2927.63	-6.30
AAATAT  :ATATTT  	8555	9153.91	-6.26
GAAACA  :TGTTTC  	3709	4108.88	-6.24
TCAGAA  :TTCTGA  	5111	5576.44	-6.24
AATCCA  :TGGATT  	4358	4786.28	-6.19
CGCCCG  :CGGGCG  	1580	1843.96	-6.15
AAATGG  :CCATTT  	5624	6103.53	-6.14
GTGAAC  :GTTCAC  	1937	2226.10	-6.13
ACCTAG  :CTAGGT  	2607	2939.01	-6.13
CATAAG  :CTTATG  	1809	2088.45	-6.12
ACACTA  :TAGTGT  	1642	1908.37	-6.10
ATCTGG  :CCAGAT  	4391	4813.40	-6.09
GAGTCA  :TGACTC  	2735	3072.42	-6.09
ATACCG  :CGGTAT  	2146	2446.84	-6.08
CTGACA  :TGTCAG  	2620	2949.46	-6.07
ACATAG  :CTATGT  	1928	2212.34	-6.05
CTCCCC  :GGGGAG  	4410	4829.84	-6.04
GCCTAC  :GTAGGC  	1626	1888.27	-6.04
AGTAAA  :TTTACT  	4340	4755.02	-6.02
GAGATC  :GATCTC  	1184	1410.03	-6.02
GCGAGC  :GCTCGC  	778	964.97	-6.02
CCACCC  :GGGTGG  	4631	5057.39	-6.00
AGAAAA  :TTTTCT  	7130	7654.16	-5.99
CTTTTA  :TAAAAG  	4014	4410.62	-5.97
ACCTTG  :CAAGGT  	2844	3179.77	-5.96
AGCGAC  :GTCGCT  	2050	2337.76	-5.95
CTGAAG  :CTTCAG  	2638	2959.61	-5.91
AGACTA  :TAGTCT  	2473	2784.31	-5.90
ATTGCA  :TGCAAT  	2982	3321.82	-5.90
ACTGCA  :TGCAGT  	1841	2111.88	-5.90
AATCAA  :TTGATT  	9407	9995.89	-5.89
AGTTTA  :TAAACT  	5893	6361.45	-5.88
GGAACA  :TGTTCC  	3576	3944.76	-5.87
GTTCCA  :TGGAAC  	2982	3320.29	-5.87
AGACGC  :GCGTCT  	970	1170.80	-5.87
GCAAGA  :TCTTGC  	1684	1942.58	-5.87
AACCCC  :GGGGTT  	7025	7532.35	-5.85
ACTCTA  :TAGAGT  	2551	2862.88	-5.83
AATGCA  :TGCATT  	2188	2476.85	-5.80
ACTATA  :TATAGT  	2796	3118.47	-5.78
CGACGC  :GCGTCG  	842	1026.66	-5.76
AACCCT  :AGGGTT  	5228	5661.33	-5.76
ATGCTG  :CAGCAT  	3588	3948.57	-5.74
CCTGGC  :GCCAGG  	2342	2636.35	-5.73
ATATGG  :CCATAT  	3746	4112.64	-5.72
GCTCCC  :GGGAGC  	1689	1939.88	-5.70
GCAGGA  :TCCTGC  	2045	2318.31	-5.68
AATGCT  :AGCATT  	4454	4849.06	-5.68
TCGAAA  :TTTCGA  	2460	2757.87	-5.67
ACAAAG  :CTTTGT  	2957	3280.24	-5.65
ATGTTG  :CAACAT  	3420	3766.16	-5.64
ATTGTA  :TACAAT  	3486	3833.73	-5.62
GGAGTA  :TACTCC  	2652	2957.36	-5.62
AATCAG  :CTGATT  	6395	6859.38	-5.61
GGCCAA  :TTGGCC  	1019	1214.41	-5.61
CTAGTC  :GACTAG  	1711	1958.85	-5.60
CGGTGC  :GCACCG  	1562	1797.98	-5.57
GCCAAC  :GTTGGC  	3722	4076.36	-5.55
ACCCGA  :TCGGGT  	3294	3626.67	-5.53
ATACGA  :TCGTAT  	1096	1294.51	-5.52
ACCCCA  :TGGGGT  	5933	6372.99	-5.51
ATTCTA  :TAGAAT  	3676	4024.57	-5.50
CGTCCA  :TGGACG  	1173	1376.75	-5.49
CTCCTC  :GAGGAG  	2519	2809.22	-5.48
CATAGG  :CCTATG  	2254	2528.70	-5.46
ATTGCG  :CGCAAT  	2642	2937.66	-5.46
GATCAA  :TTGATC  	2995	3307.46	-5.43
ATTATG  :CATAAT  	5232	5639.38	-5.43
ACCGAA  :TTCGGT  	3327	3654.84	-5.42
CGTTAG  :CTAACG  	1446	1667.16	-5.42
CGGGGC  :GCCCCG  	1238	1443.66	-5.41
AGGTTA  :TAACCT  	4129	4490.25	-5.39
CAGGGG  :CCCCTG  	3539	3874.34	-5.39
AATTAA  :TTAATT  	11107	11689.01	-5.39
ACAGGA  :TCCTGT  	3617	3953.42	-5.35
ACCAAA  :TTTGGT  	6976	7435.22	-5.33
AGATGA  :TCATCT  	4388	4754.04	-5.31
AGTCCG  :CGGACT  	2321	2590.92	-5.30
TCTGAA  :TTCAGA  	3710	4046.47	-5.29
GCTCCA  :TGGAGC  	1242	1438.29	-5.18
AGCCTC  :GAGGCT  	2837	3123.04	-5.12
CACTTA  :TAAGTG  	1599	1817.19	-5.12
CCACAA  :TTGTGG  	4304	4651.92	-5.10
ATCTAG  :CTAGAT  	2395	2657.90	-5.10
GGATCA  :TGATCC  	1769	1995.99	-5.08
AAACTT  :AAGTTT  	6206	6617.51	-5.06
AAAAGG  :CCTTTT  	4355	4699.37	-5.03
CAACTG  :CAGTTG  	4234	4572.86	-5.01
ATAAAA  :TTTTAT  	7371	7813.43	-5.01
CTAAAC  :GTTTAG  	4412	4756.87	-5.00
GGACC   :GGTCC   	3403	7769.39	-49.57
CATCG   :CGATG   	9063	14591.93	-45.82
AATCG   :CGATT   	13892	19771.92	-41.88
GCGAA   :TTCGC   	8835	12739.33	-34.62
CGATA   :TATCG   	12823	16974.72	-31.91
ATCGG   :CCGAT   	13262	17294.70	-30.70
GGCAC   :GTGCC   	4515	6497.91	-24.61
AATGA   :TCATT   	15065	18239.44	-23.54
CAATC   :GATTG   	14762	17855.90	-23.18
ACGAT   :ATCGT   	7878	10113.57	-22.25
CTCGC   :GCGAG   	7622	9771.93	-21.76
ACGCC   :GGCGT   	5720	7584.85	-21.42
CCATC   :GATGG   	16132	18997.21	-20.82
ATTGG   :CCAAT   	19598	22630.94	-20.19
AAGCA   :TGCTT   	12650	14990.40	-19.14
ATGGG   :CCCAT   	15564	18098.96	-18.87
TTCAA   :TTGAA   	19467	22197.00	-18.35
AGCGG   :CCGCT   	8808	10633.61	-17.72
CCAGC   :GCTGG   	11310	13338.68	-17.58
TCTCA   :TGAGA   	12423	14502.31	-17.28
AACCA   :TGGTT   	21509	24130.09	-16.90
GCGAC   :GTCGC   	9037	10776.92	-16.77
GCCTA   :TAGGC   	8140	9774.36	-16.54
GCGGA   :TCCGC   	8954	10633.81	-16.30
CGCAA   :TTGCG   	9207	10879.25	-16.05
AACGA   :TCGTT   	7541	9027.64	-15.66
TAAGA   :TCTTA   	7677	9174.07	-15.64
CGGAG   :CTCCG   	7184	8611.56	-15.39
ATTTG   :CAAAT   	24516	27041.59	-15.39
CAGGC   :GCCTG   	7833	9316.71	-15.38
ATGAG   :CTCAT   	10129	11793.01	-15.34
CAACC   :GGTTG   	17399	19499.34	-15.06
AAGGA   :TCCTT   	11199	12904.94	-15.03
CCTGC   :GCAGG   	7540	8955.50	-14.97
AAACA   :TGTTT   	18654	20802.60	-14.92
TAAAA   :TTTTA   	27847	30436.88	-14.88
CTGTC   :GACAG   	9751	11323.61	-14.79
CCCCG   :CGGGG   	10920	12545.13	-14.52
AACTA   :TAGTT   	16799	18775.98	-14.45
CTGGC   :GCCAG   	11340	12978.29	-14.39
CACTC   :GAGTG   	6776	8057.17	-14.28
TAGGA   :TCCTA   	11962	13597.80	-14.04
TAATA   :TATTA   	21319	23398.65	-13.62
TGTAA   :TTACA   	11332	12851.61	-13.42
TCACA   :TGTGA   	8625	9954.13	-13.33
AGGGA   :TCCCT   	13590	15225.56	-13.27
GGGAC   :GTCCC   	8574	9875.96	-13.11
CGCCA   :TGGCG   	17357	19094.47	-12.59
CCTTC   :GAAGG   	10176	11519.62	-12.53
CGCAG   :CTGCG   	7005	8129.90	-12.48
AGTCA   :TGACT   	13047	14549.30	-12.47
AAGGG   :CCCTT   	12037	13483.16	-12.47
CAAAC   :GTTTG   	17629	19356.64	-12.44
TGACA   :TGTCA   	11721	13144.07	-12.42
GCTCC   :GGAGC   	5723	6705.73	-12.01
GAATC   :GATTC   	12885	14319.78	-12.00
ATAGG   :CCTAT   	12792	14188.84	-11.74
CTTGC   :GCAAG   	7398	8465.85	-11.61
AGGAA   :TTCCT   	17452	19046.74	-11.57
CCTCC   :GGAGG   	10771	12016.46	-11.37
CAGGG   :CCCTG   	12229	13541.86	-11.29
AGTTC   :GAACT   	12612	13925.89	-11.15
AGCAC   :GTGCT   	7571	8584.14	-10.94
AATAA   :TTATT   	25399	27181.64	-10.83
CGGCA   :TGCCG   	7149	8124.58	-10.83
ACTTG   :CAAGT   	10858	12041.75	-10.80
AAGAG   :CTCTT   	8287	9297.83	-10.49
GCTTA   :TAAGC   	9280	10333.98	-10.38
TCCAA   :TTGGA   	14736	16027.62	-10.21
ATCCG   :CGGAT   	9496	10538.26	-10.16
ACAGA   :TCTGT   	12589	13775.01	-10.12
CAGTC   :GACTG   	9860	10906.16	-10.03
CGAGC   :GCTCG   	3485	4122.86	-9.94
TAACA   :TGTTA   	13576	14773.77	-9.87
AAAAG   :CTTTT   	20419	21875.16	-9.86
CGGGC   :GCCCG   	4962	5699.29	-9.77
TGAAA   :TTTCA   	20288	21692.42	-9.55
ACTGA   :TCAGT   	13083	14215.76	-9.51
ATTAG   :CTAAT   	19713	21087.73	-9.48
CCACG   :CGTGG   	4636	5327.50	-9.48
AGAGA   :TCTCT   	10186	11187.61	-9.48
ATAAC   :GTTAT   	15353	16566.97	-9.44
CCCTC   :GAGGG   	10980	12003.92	-9.35
GCACC   :GGTGC   	9314	10246.35	-9.22
CCCAC   :GTGGG   	12510	13575.30	-9.15
CCTAA   :TTAGG   	14860	15998.08	-9.01
ACCAA   :TTGGT   	20753	22088.18	-9.00
CGAAG   :CTTCG   	6344	7101.33	-8.99
AGCCC   :GGGCT   	10646	11605.84	-8.92
AAATG   :CATTT   	19412	20692.25	-8.91
CTCAG   :CTGAG   	11058	12029.19	-8.86
AAAAA   :TTTTT   	39769	41565.01	-8.84
GCATA   :TATGC   	7990	8811.64	-8.76
AGGTG   :CACCT   	11321	12287.37	-8.73
CCCCC   :GGGGG   	19361	20583.70	-8.54
CGCTA   :TAGCG   	9807	10677.44	-8.43
TCAAA   :TTTGA   	27550	28981.65	-8.43
AGACG   :CGTCT   	5637	6285.54	-8.18
ATAGA   :TCTAT   	12607	13548.66	-8.10
GACCC   :GGGTC   	10243	11095.03	-8.10
TGGAA   :TTCCA   	17202	18276.69	-7.96
ACCCA   :TGGGT   	19092	20208.39	-7.86
CTATC   :GATAG   	14519	15463.35	-7.60
AACGG   :CCGTT   	11158	11952.38	-7.27
CAGCC   :GGCTG   	14924	15838.00	-7.27
TATGA   :TCATA   	12547	13373.60	-7.15
TCAGA   :TCTGA   	15314	16221.98	-7.14
AAAGA   :TCTTT   	15235	16135.49	-7.10
AACAA   :TTGTT   	19998	21017.86	-7.05
CTGCC   :GGCAG   	8643	9301.86	-6.84
ACTCG   :CGAGT   	7415	8021.75	-6.78
AGTGG   :CCACT   	10567	11285.36	-6.77
GTAAC   :GTTAC   	9803	10480.52	-6.62
CACCC   :GGGTG   	15533	16379.35	-6.62
CATAC   :GTATG   	6557	7114.29	-6.61
GCAGA   :TCTGC   	9527	10190.59	-6.58
AGAAC   :GTTCT   	12158	12898.51	-6.53
ATCTG   :CAGAT   	14846	15661.81	-6.53
GCTAC   :GTAGC   	11032	11736.38	-6.51
ATGAC   :GTCAT   	10726	11418.23	-6.48
GAGAC   :GTCTC   	8055	8647.93	-6.38
ATCAA   :TTGAT   	29339	30432.59	-6.28
GGCTA   :TAGCC   	16584	17394.27	-6.15
ACGGA   :TCCGT   	7840	8379.35	-5.90
GTCAC   :GTGAC   	7375	7898.01	-5.89
GCAAC   :GTTGC   	10173	10778.32	-5.84
AGTGA   :TCACT   	9083	9628.18	-5.56
CTCAC   :GTGAG   	7664	8157.25	-5.46
AGAAT   :ATTCT   	16690	17405.92	-5.43
AAAGG   :CCTTT   	15615	16296.22	-5.34
CTTTC   :GAAAG   	13814	14453.24	-5.32
GAGAA   :TTCTC   	15130	15789.77	-5.26
ATCCC   :GGGAT   	17173	17868.51	-5.21
ACAAA   :TTTGT   	18900	19624.28	-5.18
AATAG   :CTATT   	18394	19104.58	-5.15
ATACA   :TGTAT   	9535	10042.57	-5.07
CTACC   :GGTAG   	14776	15400.26	-5.04
AATT    :AATT    	63152	238046.70	-364.92
TTAA    :TTAA    	48147	187075.82	-325.73
GATC    :GATC    	23788	125581.41	-289.94
ATAT    :ATAT    	38836	142572.49	-277.67
TATA    :TATA    	25709	120235.52	-275.05
GGCC    :GGCC    	5285	81006.26	-267.65
AGCT    :AGCT    	17723	102300.79	-266.45
TCGA    :TCGA    	16403	89064.21	-245.09
CTAG    :CTAG    	19074	90748.08	-239.53
CCGG    :CCGG    	19992	91391.55	-237.79
GCGC    :GCGC    	12500	74580.72	-228.58
AATC    :GATT    	81252	172899.51	-223.27
CATG    :CATG    	14644	72991.50	-217.14
CGCG    :CGCG    	10550	64826.00	-214.20
TGCA    :TGCA    	14835	71405.07	-212.82
ATAA    :TTAT    	79791	163315.23	-209.21
AATA    :TATT    	86183	169179.40	-204.35
AATG    :CATT    	62232	131815.72	-193.55
GTAC    :GTAC    	9454	52286.92	-188.04
CTAA    :TTAG    	63232	130294.94	-187.60
ATAG    :CTAT    	56081	113746.12	-172.43
ATAC    :GTAT    	39444	86340.47	-160.62
AGCG    :CGCT    	36028	81435.56	-160.08
CATA    :TATG    	45630	93681.22	-158.09
CCGA    :TCGG    	43071	90220.38	-158.03
GTAA    :TTAC    	50477	98902.07	-155.12
GATA    :TATC    	69757	122879.40	-152.93
CCGC    :GCGG    	42319	82559.36	-140.91
GGCA    :TGCC    	37812	76054.31	-139.45
ACGT    :ACGT    	6771	31050.67	-138.10
CGCA    :TGCG    	33048	68036.05	-134.81
ACGC    :GCGT    	20440	48122.56	-126.64
AGCA    :TGCT    	49952	85468.09	-122.26
ACGA    :TCGT    	25187	52588.05	-119.95
CATC    :GATG    	59965	95741.19	-116.45
AGCC    :GGCT    	58692	91032.99	-107.92
CTAC    :GTAG    	44376	68883.51	-93.85
GCGA    :TCGC    	55623	81501.36	-91.20
ACGG    :CCGT    	33347	53270.71	-86.66
CGCC    :GGCG    	53206	72465.94	-71.93
GAGC    :GCTC    	24078	37822.35	-70.87
GCCC    :GGGC    	31694	45591.72	-65.31
CGAA    :TTCG    	35886	47028.51	-51.56
TCCA    :TGGA    	48893	61046.62	-49.41
GACC    :GGTC    	37413	47997.78	-48.49
ATCC    :GGAT    	54789	66391.64	-45.25
CTTA    :TAAG    	38576	48352.37	-44.62
TGAA    :TTCA    	61724	73426.39	-43.42
GGAC    :GTCC    	30282	37444.43	-37.12
ATTC    :GAAT    	62736	71342.03	-32.39
AGAT    :ATCT    	56220	63659.82	-29.63
AGTG    :CACT    	33586	39443.61	-29.58
CCAG    :CTGG    	55217	60415.91	-21.25
CGAG    :CTCG    	27527	31193.81	-20.81
CACG    :CGTG    	15855	18686.45	-20.74
AAGA    :TCTT    	47986	52401.32	-19.36
ACAC    :GTGT    	26736	29960.97	-18.67
GAAC    :GTTC    	46490	50448.73	-17.69
ACAT    :ATGT    	38830	42366.76	-17.24
TAGA    :TCTA    	48762	52417.16	-16.03
CGTA    :TACG    	18614	20537.86	-13.44
ACTA    :TAGT    	48628	51484.41	-12.64
CCCG    :CGGG    	42519	45148.26	-12.42
ACTG    :CAGT    	48538	51323.45	-12.34
ATTG    :CAAT    	78228	81627.39	-11.97
CCAA    :TTGG    	80224	83267.28	-10.61
GTGA    :TCAC    	39961	41841.07	-9.22
AAAA    :TTTT    	128918	132207.43	-9.14
AAGG    :CCTT    	48464	50432.54	-8.80
AACA    :TGTT    	61806	63893.43	-8.30
ACCT    :AGGT    	50537	52292.78	-7.71
GCAA    :TTGC    	49538	51200.84	-7.38
CAGG    :CCTG    	48675	50290.07	-7.23
ACCG    :CGGT    	41880	43375.36	-7.20
CTGA    :TCAG    	58929	60393.94	-5.99
ATGA    :TCAT    	57772	59165.99	-5.76
AGAG    :CTCT    	38524	39582.20	-5.33
AACC    :GGTT    	81351	82855.34	-5.26
AGGG    :CCCT    	53236	54430.16	-5.14
AAG     :CTT     	201776	248234.29	-95.00
AGG     :CCT     	191352	214766.71	-51.34
GGA     :TCC     	207354	226527.26	-40.97
GAA     :TTC     	242367	261827.51	-38.79
ACA     :TGT     	175177	189825.42	-34.10
CAC     :GTG     	139396	150813.14	-29.73
AGA     :TCT     	198822	208631.31	-21.81
CTC     :GAG     	160761	165754.11	-12.42
GAC     :GTC     	145821	149421.45	-9.42
