N = 5202082
CGATATCG:CGATATCG	256	1127.14	-25.95
GGCGCGCC:GGCGCGCC	203	973.44	-24.70
GCGATCGC:GCGATCGC	249	1008.19	-23.91
GCGCGCGC:GCGCGCGC	208	839.20	-21.79
GCAGCTGC:GCAGCTGC	215	849.93	-21.78
CCAGCTGG:CCAGCTGG	163	760.33	-21.66
CGTTAACG:CGTTAACG	207	821.63	-21.44
CCGCGCGG:CCGCGCGG	192	779.87	-21.05
CTGCGCAG:CTGCGCAG	159	716.82	-20.84
AAATATTT:AAATATTT	180	744.09	-20.68
TATCGATA:TATCGATA	187	748.82	-20.53
GCAATTGC:GCAATTGC	189	751.43	-20.52
TTGCGCAA:TTGCGCAA	169	717.95	-20.49
ATCGCGAT:ATCGCGAT	210	772.15	-20.23
CACCGGTG:CACCGGTG	154	672.97	-20.01
TTTTAAAA:TTTTAAAA	152	668.40	-19.98
CGCGCGCG:CGCGCGCG	178	710.35	-19.98
CAGCGCTG:CAGCGCTG	128	623.27	-19.84
TACCGGTA:TACCGGTA	155	657.87	-19.61
GGTTAACC:GGTTAACC	157	659.30	-19.56
CAGGCCTG:CAGGCCTG	109	579.32	-19.54
CAATATTG:CAATATTG	181	688.24	-19.34
TGATATCA:TGATATCA	137	615.23	-19.28
AAAATTTT:AAAATTTT	161	649.76	-19.18
CATTAATG:CATTAATG	189	691.56	-19.11
ATCATGAT:ATCATGAT	155	635.81	-19.07
TTTATAAA:TTTATAAA	159	641.88	-19.06
AACGCGTT:AACGCGTT	154	614.77	-18.58
TTGATCAA:TTGATCAA	130	574.53	-18.55
CAACGTTG:CAACGTTG	153	610.80	-18.52
TTAATTAA:TTAATTAA	151	605.38	-18.47
AAACGTTT:AAACGTTT	134	577.18	-18.45
AGCGCGCT:AGCGCGCT	141	562.48	-17.77
AATATATT:AATATATT	168	602.88	-17.71
GAATATTC:GAATATTC	147	565.43	-17.60
GGATATCC:GGATATCC	114	505.64	-17.42
AATTAATT:AATTAATT	139	542.75	-17.33
TGCGCGCA:TGCGCGCA	122	513.53	-17.28
AACCGGTT:AACCGGTT	143	539.03	-17.06
ATGCGCAT:ATGCGCAT	125	507.57	-16.98
TTCGCGAA:TTCGCGAA	110	482.38	-16.96
TTTGCAAA:TTTGCAAA	104	464.74	-16.73
ATCCGGAT:ATCCGGAT	141	520.59	-16.64
CTGGCCAG:CTGGCCAG	104	461.25	-16.64
AAGATCTT:AAGATCTT	59	383.26	-16.56
ATAATTAT:ATAATTAT	108	463.18	-16.50
GCTGCAGC:GCTGCAGC	98	446.49	-16.49
TTCCGGAA:TTCCGGAA	110	465.20	-16.47
ATTTAAAT:ATTTAAAT	136	503.62	-16.38
TATTAATA:TATTAATA	144	515.15	-16.35
GAAATTTC:GAAATTTC	106	451.06	-16.25
TAACGTTA:TAACGTTA	97	431.93	-16.12
ATGATCAT:ATGATCAT	125	476.24	-16.10
ACGCGCGT:ACGCGCGT	94	423.74	-16.02
CGGTACCG:CGGTACCG	104	434.73	-15.86
CCTGCAGG:CCTGCAGG	102	425.77	-15.69
TTCATGAA:TTCATGAA	105	428.77	-15.64
CTTTAAAG:CTTTAAAG	128	462.36	-15.55
TAATATTA:TAATATTA	101	417.92	-15.50
CTGATCAG:CTGATCAG	62	352.31	-15.47
GCTTAAGC:GCTTAAGC	102	417.50	-15.44
TAAATTTA:TAAATTTA	132	461.75	-15.35
GCGTACGC:GCGTACGC	91	389.45	-15.12
CCGCGCGC:GCGCGCGG	381	808.99	-15.05
CAGATCTG:CAGATCTG	53	321.29	-14.97
GTTGCAAC:GTTGCAAC	100	392.18	-14.75
ACGATCGT:ACGATCGT	82	361.57	-14.70
CAGTACTG:CAGTACTG	100	387.84	-14.62
GCCGCGGC:GCCGCGGC	69	337.14	-14.60
TGACGTCA:TGACGTCA	91	372.25	-14.58
GATCGATC:GATCGATC	73	342.15	-14.55
GTGCGCAC:GTGCGCAC	81	346.82	-14.27
CGCGCGCC:GGCGCGCG	421	831.56	-14.24
CAAATTTG:CAAATTTG	110	389.57	-14.16
AAGCGCTT:AAGCGCTT	39	271.70	-14.12
GTCGCGAC:GTCGCGAC	71	325.35	-14.10
GATTAATC:GATTAATC	146	442.06	-14.08
AAATATTG:CAATATTT	340	715.62	-14.04
TCGCGCGA:TCGCGCGA	81	339.14	-14.02
GAACGTTC:GAACGTTC	64	305.29	-13.81
GCATATGC:GCATATGC	83	335.14	-13.77
CGTTAACC:GGTTAACG	364	736.00	-13.71
GTGATCAC:GTGATCAC	108	372.29	-13.70
CCAGCTGC:GCAGCTGG	417	803.88	-13.65
AACATGTT:AACATGTT	69	304.50	-13.50
TTTCGAAA:TTTCGAAA	74	310.80	-13.43
CGACGTCG:CGACGTCG	70	303.25	-13.39
ATTTAAAG:CTTTAAAT	189	482.55	-13.36
CGATATCA:TGATATCG	449	832.74	-13.30
GATGCATC:GATGCATC	87	325.43	-13.22
AATGCATT:AATGCATT	96	339.45	-13.21
AACCGGTA:TACCGGTT	276	595.49	-13.09
ACGATCGC:GCGATCGT	284	603.76	-13.01
GATTAATA:TATTAATC	193	477.21	-13.01
AAACGTTG:CAACGTTT	277	593.75	-13.00
AATTAATG:CATTAATT	292	612.65	-12.96
CATCGATG:CATCGATG	92	325.44	-12.94
AAAATTTA:TAAATTTT	245	547.75	-12.94
GGTATACC:GGTATACC	30	222.15	-12.89
ATCGCGAA:TTCGCGAT	292	610.30	-12.89
TGTTAACA:TGTTAACA	57	266.85	-12.85
CATTAATC:GATTAATG	251	552.91	-12.84
AGCGCGCA:TGCGCGCT	240	537.45	-12.83
CTGCGCAA:TTGCGCAG	374	717.38	-12.82
TTACGTAA:TTACGTAA	78	298.27	-12.75
ACCATGGT:ACCATGGT	66	278.50	-12.73
AGCGCGCC:GGCGCGCT	395	739.96	-12.68
CGATATCC:GGATATCG	407	754.93	-12.66
CGCGCGCA:TGCGCGCG	293	603.98	-12.65
CAATATTC:GAATATTG	308	623.82	-12.65
ACAGCTGT:ACAGCTGT	37	227.88	-12.65
GTCATGAC:GTCATGAC	67	276.07	-12.58
TTATATAA:TTATATAA	71	281.77	-12.56
GGATATCA:TGATATCC	262	557.75	-12.52
GACGCGTC:GACGCGTC	100	325.86	-12.51
AAACGTTA:TAACGTTT	220	499.30	-12.50
ATGCGCAA:TTGCGCAT	297	603.67	-12.48
AGCGCGCG:CGCGCGCT	319	632.11	-12.45
ATATATAT:ATATATAT	60	260.98	-12.44
GTAATTAC:GTAATTAC	55	252.31	-12.42
GTTTAAAC:GTTTAAAC	90	307.69	-12.41
CTGTACAG:CTGTACAG	62	262.45	-12.37
AAATATTC:GAATATTT	334	648.64	-12.35
TGAATTCA:TGAATTCA	82	293.07	-12.33
TCAGCTGA:TCAGCTGA	76	282.60	-12.29
CAACGTTC:GAACGTTG	177	431.82	-12.26
GCCCGGGC:GCCCGGGC	60	256.28	-12.26
GGTGCACC:GGTGCACC	47	231.72	-12.14
CCGATCGG:CCGATCGG	45	227.94	-12.12
AAAGCTTT:AAAGCTTT	75	276.06	-12.10
ATTGCAAT:ATTGCAAT	83	288.28	-12.09
CACCGGTA:TACCGGTG	355	665.38	-12.03
GTTTAAAA:TTTTAAAC	199	453.49	-11.95
ACGCGCGC:GCGCGCGT	305	596.32	-11.93
CATTAATA:TATTAATG	306	596.87	-11.91
AGATATCT:AGATATCT	46	222.85	-11.85
GAATATTA:TAATATTC	226	486.11	-11.80
AAAATTTG:CAAATTTT	239	503.12	-11.78
ATGATCAA:TTGATCAT	254	523.08	-11.77
GCAGCTGA:TCAGCTGC	230	490.09	-11.75
CTTTAAAA:TTTTAAAG	279	555.92	-11.75
GTTCGAAC:GTTCGAAC	52	229.67	-11.72
AACCGGTG:CACCGGTT	315	602.29	-11.71
AGATATCG:CGATATCT	240	501.19	-11.67
GTGATCAA:TTGATCAC	212	462.48	-11.65
CATCGATA:TATCGATG	235	493.65	-11.64
GCCATGGC:GCCATGGC	66	249.57	-11.62
ATGCGCAG:CTGCGCAT	318	603.19	-11.61
TCTGCAGA:TCTGCAGA	57	234.77	-11.60
ATAATTAA:TTAATTAT	263	529.53	-11.58
TGTCGACA:TGTCGACA	59	237.27	-11.57
GCTATAGC:GCTATAGC	65	245.16	-11.51
ATGGCCAT:ATGGCCAT	56	230.76	-11.50
TACGCGTA:TACGCGTA	75	259.65	-11.46
TCAATTGA:TCAATTGA	44	209.88	-11.45
CACGCGTG:CACGCGTG	81	268.28	-11.43
CAATATTA:TAATATTG	272	536.31	-11.41
GGCGCGCA:TGCGCGCC	404	707.03	-11.40
CCGCGCGA:TCGCGCGG	257	514.28	-11.35
ACCGCGGT:ACCGCGGT	64	238.71	-11.31
TGCCGGCA:TGCCGGCA	50	215.51	-11.27
ATCCGGAA:TTCCGGAT	243	492.12	-11.23
GAAATTTA:TAAATTTC	217	456.38	-11.21
CAAATTTC:GAAATTTG	190	419.19	-11.19
AATCGATA:TATCGATT	180	405.35	-11.19
ATTTAAAC:GTTTAAAT	172	393.64	-11.17
AATTAATA:TATTAATT	272	528.77	-11.17
AATTAATC:GATTAATT	245	489.82	-11.06
GTTATAAC:GTTATAAC	79	255.78	-11.05
AAATATTA:TAATATTT	299	557.65	-10.95
TGGATCCA:TGGATCCA	54	211.09	-10.81
CCAGCTGA:TCAGCTGG	231	463.54	-10.80
CTGCGCAC:GTGCGCAG	258	498.61	-10.78
ATCGCGAC:GTCGCGAT	260	501.22	-10.77
ACGCGCGG:CCGCGCGT	317	574.86	-10.76
ACAATTGT:ACAATTGT	25	161.56	-10.74
CGTTAACA:TGTTAACG	236	468.24	-10.73
ACAGCTGC:GCAGCTGT	215	440.10	-10.73
CCGATCGC:GCGATCGG	245	479.39	-10.71
GTGCGCAA:TTGCGCAC	260	499.00	-10.70
AATCGATT:AATCGATT	61	219.42	-10.70
GCGCGCGA:TCGCGCGC	287	533.49	-10.67
AACGCGTC:GACGCGTT	222	447.58	-10.66
ATCATGAA:TTCATGAT	279	522.13	-10.64
ATGCGCAC:GTGCGCAT	202	419.57	-10.62
CCATATGG:CCATATGG	64	222.38	-10.62
GACCGGTC:GACCGGTC	48	196.19	-10.58
ATGATCAC:GTGATCAT	204	421.07	-10.58
GGCATGCC:GGCATGCC	47	193.72	-10.54
AGTTAACT:AGTTAACT	43	187.14	-10.54
TGGTACCA:TGGTACCA	45	189.46	-10.50
GTTATAAA:TTTATAAC	194	405.19	-10.49
AGCATGCT:AGCATGCT	37	175.86	-10.47
CGGATCCG:CGGATCCG	34	169.79	-10.42
ACGCGCGA:TCGCGCGT	177	379.09	-10.38
TTGTACAA:TTGTACAA	44	185.02	-10.37
AACGCGTA:TACGCGTT	194	399.53	-10.28
CACGCGTC:GACGCGTG	120	295.67	-10.22
ATCGCGAG:CTCGCGAT	111	282.34	-10.20
TCCCGGGA:TCCCGGGA	34	164.92	-10.19
GTCATGAA:TTCATGAC	155	344.05	-10.19
ATGTACAT:ATGTACAT	48	187.10	-10.17
CTTCGAAG:CTTCGAAG	65	213.52	-10.16
CGCATGCG:CGCATGCG	32	160.81	-10.16
CGTCGACG:CGTCGACG	44	179.23	-10.10
CCGTACGG:CCGTACGG	30	155.51	-10.06
AATATATA:TATATATT	131	307.04	-10.05
ATGATCAG:CTGATCAT	207	409.62	-10.01
ATAGCTAT:ATAGCTAT	50	186.78	-10.01
TATGCATA:TATGCATA	47	181.97	-10.01
AATATATC:GATATATT	154	337.42	-9.99
CAAATTTA:TAAATTTG	219	424.13	-9.96
AGTTAACG:CGTTAACT	195	392.13	-9.96
CATCGATC:GATCGATG	152	333.69	-9.95
GCAATTGA:TCAATTGC	199	397.12	-9.94
CACCGGTC:GACCGGTG	174	363.36	-9.93
GAACGTTA:TAACGTTC	175	363.13	-9.87
ATTGCAAA:TTTGCAAT	178	366.03	-9.83
ATCATGAC:GTCATGAT	218	418.96	-9.82
ATTATAAC:GTTATAAT	70	213.23	-9.81
AACGCGTG:CACGCGTT	210	406.12	-9.73
CTGATCAC:GTGATCAG	177	362.16	-9.73
AAAATTTC:GAAATTTT	315	541.37	-9.73
GAGATCTC:GAGATCTC	41	166.30	-9.72
GATCGATA:TATCGATC	288	506.17	-9.70
ATTTAAAA:TTTTAAAT	347	580.19	-9.68
GATATATC:GATATATC	57	188.85	-9.59
GGTTAACA:TGTTAACC	224	419.44	-9.54
CATGCATG:CATGCATG	37	155.36	-9.50
AACCGGTC:GACCGGTT	154	325.19	-9.49
GGTCGACC:GGTCGACC	26	136.75	-9.47
ATTGCAAC:GTTGCAAT	163	336.24	-9.45
GTCCGGAC:GTCCGGAC	35	149.82	-9.38
ATGGCCAG:CTGGCCAT	157	326.25	-9.37
GACATGTC:GACATGTC	25	133.02	-9.37
TCATATGA:TCATATGA	48	169.91	-9.35
CCTGCAGC:GCTGCAGG	241	436.00	-9.34
GTTGCAAA:TTTGCAAC	235	426.92	-9.29
TTAGCTAA:TTAGCTAA	39	154.24	-9.28
GTACGTAC:GTACGTAC	42	158.52	-9.25
CAGATCTC:GAGATCTG	91	231.15	-9.22
ATAATTAC:GTAATTAT	173	341.86	-9.13
CGAATTCG:CGAATTCG	44	159.17	-9.13
AATGCATC:GATGCATT	166	332.37	-9.13
ATCCGGAC:GTCCGGAT	127	279.27	-9.11
GTCGCGAA:TTCGCGAC	215	396.16	-9.10
GTAATTAA:TTAATTAC	211	390.83	-9.10
GGAATTCC:GGAATTCC	57	178.51	-9.09
TGCATGCA:TGCATGCA	33	140.88	-9.09
AGTTAACC:GGTTAACT	181	351.26	-9.08
CCTTAAGG:CCTTAAGG	22	122.27	-9.07
CCAATTGC:GCAATTGG	138	293.02	-9.06
ACAATTGC:GCAATTGT	180	348.43	-9.02
TCGATCGA:TCGATCGA	25	126.17	-9.01
ATTATAAT:ATTATAAT	58	177.76	-8.98
GACGCGTA:TACGCGTC	138	290.88	-8.96
CGTGCACG:CGTGCACG	43	154.32	-8.96
TGTGCACA:TGTGCACA	32	136.26	-8.93
CGACGTCA:TGACGTCG	173	335.98	-8.89
ATCATGAG:CTCATGAT	99	235.10	-8.88
AAGTACTT:AAGTACTT	32	134.58	-8.84
CCTGCAGA:TCTGCAGG	160	316.16	-8.78
ACCGCGGC:GCCGCGGT	136	283.69	-8.77
GCTGCAGA:TCTGCAGC	166	323.76	-8.77
CAACGTTA:TAACGTTG	315	513.64	-8.77
ATTCGAAT:ATTCGAAT	33	134.44	-8.75
ACTGCAGG:CCTGCAGT	102	236.07	-8.73
AGATATCA:TGATATCT	203	370.28	-8.69
CGCCGGCG:CGCCGGCG	35	135.98	-8.66
CTTCGAAA:TTTCGAAG	119	257.61	-8.64
AATGCATA:TATGCATT	113	248.54	-8.60
TTGGCCAA:TTGGCCAA	21	111.96	-8.60
GAAGCTTC:GAAGCTTC	47	153.26	-8.58
CACGCGTA:TACGCGTG	125	263.93	-8.55
GACCGGTA:TACCGGTC	198	359.26	-8.51
AGATATCC:GGATATCT	180	335.68	-8.50
GCGGCCGC:GCGGCCGC	26	118.28	-8.49
ATTATAAA:TTTATAAT	182	337.79	-8.48
ACGTACGT:ACGTACGT	31	125.87	-8.46
GCGATCGA:TCGATCGC	197	356.66	-8.45
GGAATTCA:TGAATTCC	101	228.73	-8.45
TATATATA:TATATATA	51	156.37	-8.43
CCCGCGGG:CCCGCGGG	18	103.80	-8.42
CCATATGA:TCATATGG	77	194.38	-8.42
ACCATGGC:GCCATGGT	127	263.64	-8.42
GCACGTGC:GCACGTGC	20	106.47	-8.38
ACTTAAGT:ACTTAAGT	24	112.72	-8.36
GATGCATA:TATGCATC	113	243.35	-8.36
GGACGTCC:GGACGTCC	31	124.02	-8.35
CTTTAAAC:GTTTAAAG	215	377.18	-8.35
AAGGCCTG:CAGGCCTT	132	267.68	-8.29
AATGCATG:CATGCATT	104	229.65	-8.29
ACAGCTGG:CCAGCTGT	248	416.25	-8.25
ACCCGGGT:ACCCGGGT	19	102.32	-8.24
TCCGCGGA:TCCGCGGA	13	91.99	-8.24
CGTATACG:CGTATACG	24	110.09	-8.20
AGAATTCT:AGAATTCT	26	113.29	-8.20
ATCCGGAG:CTCCGGAT	116	244.02	-8.20
CTTGCAAC:GTTGCAAG	68	176.66	-8.18
GGGATCCC:GGGATCCC	33	123.55	-8.15
CAGCGCTC:GAGCGCTG	86	200.61	-8.09
CTCCGGAG:CTCCGGAG	28	114.39	-8.08
CCAATTGG:CCAATTGG	28	114.26	-8.07
GCATATGA:TCATATGC	114	238.63	-8.07
CTGATCAA:TTGATCAG	279	449.91	-8.06
CTTATAAA:TTTATAAG	125	253.15	-8.05
CGGTACCA:TGGTACCG	151	286.99	-8.03
AAAGCTTC:GAAGCTTT	91	205.69	-8.00
AAGGCCTA:TAGGCCTT	11	84.41	-7.99
CTTATAAG:CTTATAAG	20	99.84	-7.99
AATCGATC:GATCGATT	142	274.00	-7.97
GTTCGAAA:TTTCGAAC	137	267.17	-7.96
TGTATACA:TGTATACA	17	94.24	-7.96
TAAGCTTA:TAAGCTTA	21	100.36	-7.92
AATATATG:CATATATT	133	260.66	-7.91
AAGCGCTA:TAGCGCTT	50	144.34	-7.85
AATCGATG:CATCGATT	139	267.22	-7.84
ATTCGAAG:CTTCGAAT	68	169.43	-7.79
CATATATG:CATATATG	30	112.70	-7.79
ACTGCAGT:ACTGCAGT	42	130.89	-7.77
ACTGCAGC:GCTGCAGT	121	241.74	-7.77
CGCTAGCG:CGCTAGCG	29	110.45	-7.75
CCATATGC:GCATATGG	145	273.00	-7.75
ACTTAAGC:GCTTAAGT	103	216.93	-7.74
CATGCATC:GATGCATG	110	224.85	-7.66
AGGATCCT:AGGATCCT	16	87.74	-7.66
ACAGCTGA:TCAGCTGT	132	253.77	-7.64
ATGTACAG:CTGTACAT	108	221.59	-7.63
CGAATTCA:TGAATTCG	104	215.98	-7.62
ATACGTAT:ATACGTAT	27	104.65	-7.59
AGTGCACT:AGTGCACT	44	129.89	-7.54
GGACGTCA:TGACGTCC	105	214.86	-7.50
GTACGTAA:TTACGTAC	107	217.44	-7.49
ACGGCCGT:ACGGCCGT	10	74.50	-7.47
GTGGCCAC:GTGGCCAC	26	100.45	-7.43
CTCCGGAA:TTCCGGAG	118	230.68	-7.42
CCGTACGC:GCGTACGG	130	246.09	-7.40
GTGTACAC:GTGTACAC	13	78.58	-7.40
TCCATGGA:TCCATGGA	32	108.49	-7.34
CCGATCGA:TCGATCGG	74	169.59	-7.34
TAGGCCTA:TAGGCCTA	2	57.61	-7.33
GTCCGGAA:TTCCGGAC	145	264.00	-7.32
ATATATAA:TTATATAT	151	271.18	-7.30
GCCCGGGA:TCCCGGGC	101	205.59	-7.29
CGAATTCC:GGAATTCG	74	168.56	-7.28
ACATATGT:ACATATGT	17	83.45	-7.27
AAGATCTC:GAGATCTT	137	252.46	-7.27
AGTTAACA:TGTTAACT	115	223.47	-7.26
AAGGCCTT:AAGGCCTT	43	123.68	-7.25
GGCATGCA:TGCATGCC	72	165.20	-7.25
TGGCGCCA:TGGCGCCA	17	83.08	-7.25
AAAGCTTG:CAAGCTTT	74	167.80	-7.24
CTGTACAA:TTGTACAG	113	220.36	-7.23
CTTCGAAC:GTTCGAAG	114	221.44	-7.22
CTAATTAA:TTAATTAG	62	150.26	-7.20
AGTGCACG:CGTGCACT	56	141.58	-7.19
CTCGCGAC:GTCGCGAG	86	183.27	-7.19
CAGCGCTA:TAGCGCTG	113	218.61	-7.14
AGTCGACT:AGTCGACT	18	83.05	-7.14
ATTGCAAG:CTTGCAAT	64	151.46	-7.11
CAGTACTC:GAGTACTG	53	135.42	-7.08
CCTTAAGC:GCTTAAGG	120	225.94	-7.05
CGCCGGCA:TGCCGGCG	79	171.19	-7.05
CCGGCCGG:CCGGCCGG	20	84.77	-7.03
ATGTACAA:TTGTACAT	91	186.06	-6.97
ATAGCTAA:TTAGCTAT	79	169.73	-6.96
GGGATCCA:TGGATCCC	73	161.50	-6.96
ACGATCGA:TCGATCGT	112	213.59	-6.95
ACGTACGC:GCGTACGT	118	221.40	-6.95
GTATATAA:TTATATAC	62	145.48	-6.92
AAGTACTG:CAGTACTT	124	228.46	-6.91
CGTCGACA:TGTCGACG	107	206.22	-6.91
CGCATGCC:GGCATGCG	85	176.50	-6.89
TACATGTA:TACATGTA	21	84.18	-6.89
AAGCGCTG:CAGCGCTT	272	411.51	-6.88
CTCATGAG:CTCATGAG	23	86.93	-6.86
CGGATCCA:TGGATCCG	95	189.32	-6.86
GCTCGAGC:GCTCGAGC	19	80.29	-6.84
AAACGTTC:GAACGTTT	280	419.77	-6.82
ATACGTAA:TTACGTAT	86	176.67	-6.82
ACTGCAGA:TCTGCAGT	85	175.30	-6.82
CCCATGGG:CCCATGGG	17	76.58	-6.81
AGTCGACA:TGTCGACT	60	140.38	-6.78
AGTGCACA:TGTGCACT	55	133.04	-6.77
CTGGCCAC:GTGGCCAG	116	215.25	-6.77
AGAATTCA:TGAATTCT	91	182.22	-6.76
ACGATCGG:CCGATCGT	173	287.08	-6.73
AAGATCTA:TAGATCTT	35	103.37	-6.72
CTCGCGAG:CTCGCGAG	35	103.24	-6.72
CTCATGAA:TTCATGAG	100	193.06	-6.70
GTAGCTAC:GTAGCTAC	24	86.00	-6.69
CGACGTCC:GGACGTCG	101	193.93	-6.67
ACCGCGGA:TCCGCGGT	67	148.19	-6.67
ACCATGGA:TCCATGGT	86	173.82	-6.66
GGGTACCC:GGGTACCC	8	58.61	-6.61
TCACGTGA:TCACGTGA	10	62.01	-6.60
CGTCGACC:GGTCGACG	74	156.55	-6.60
ACATATGC:GCATATGT	82	167.24	-6.59
AGCATGCA:TGCATGCT	75	157.40	-6.57
AGACGTCT:AGACGTCT	17	73.06	-6.56
CGTGCACC:GGTGCACG	99	189.10	-6.55
GATATATA:TATATATC	86	171.84	-6.55
GCCATGGA:TCCATGGC	81	164.55	-6.51
AACATGTA:TACATGTT	78	160.11	-6.49
CATATATC:GATATATG	68	145.89	-6.45
CAAGCTTG:CAAGCTTG	37	102.00	-6.44
AACATGTG:CACATGTT	70	148.14	-6.42
GTGGCCAA:TTGGCCAC	40	106.05	-6.41
AGCATGCG:CGCATGCT	85	168.17	-6.41
TGAGCTCA:TGAGCTCA	12	62.29	-6.37
CTTGCAAA:TTTGCAAG	104	192.31	-6.37
CAAGCTTC:GAAGCTTG	54	125.03	-6.35
AGTGCACC:GGTGCACT	90	173.49	-6.34
ATTCGAAC:GTTCGAAT	92	175.72	-6.32
CTCGCGAA:TTCGCGAG	129	223.16	-6.30
AGACGTCA:TGACGTCT	84	164.91	-6.30
ACATATGG:CCATATGT	63	136.23	-6.27
GGTCGACA:TGTCGACC	97	180.13	-6.19
CTACGTAA:TTACGTAG	68	141.62	-6.19
CTGGCCAA:TTGGCCAG	134	227.25	-6.19
ATTCGAAA:TTTCGAAT	116	204.41	-6.18
CCAATTGA:TCAATTGG	78	154.86	-6.18
GAGCGCTC:GAGCGCTC	15	64.57	-6.17
CGGTACCC:GGGTACCG	82	159.63	-6.14
ATATATAC:GTATATAT	68	140.01	-6.09
ATTATAAG:CTTATAAT	63	133.22	-6.08
CCCGCGGC:GCCGCGGG	104	187.07	-6.07
GCTTAAGA:TCTTAAGC	83	159.63	-6.07
AGAATTCC:GGAATTCT	70	142.21	-6.06
ACCCGGGC:GCCCGGGT	85	161.93	-6.05
TCTTAAGA:TCTTAAGA	14	61.04	-6.02
AGGTACCG:CGGTACCT	71	142.65	-6.00
CCCATGGC:GCCATGGG	68	138.24	-5.97
CAGGCCTC:GAGGCCTG	82	156.31	-5.94
ACTATAGC:GCTATAGT	44	104.80	-5.94
ATGGCCAC:GTGGCCAT	79	152.25	-5.94
ACCGCGGG:CCCGCGGT	83	157.41	-5.93
CGTATACA:TGTATACG	42	101.86	-5.93
CACATGTG:CACATGTG	22	72.07	-5.90
CGTGCACA:TGTGCACG	74	145.01	-5.90
AGACGTCG:CGACGTCT	77	148.84	-5.89
CATATATA:TATATATG	65	132.75	-5.88
ATGGCCAA:TTGGCCAT	87	160.74	-5.82
CCGGCCGC:GCGGCCGG	42	100.13	-5.81
ATAGCTAC:GTAGCTAT	62	126.74	-5.75
ACGTACGG:CCGTACGT	72	139.91	-5.74
CCACGTGG:CCACGTGG	9	48.89	-5.70
AAAGCTTA:TAAGCTTT	93	166.45	-5.69
TAGCGCTA:TAGCGCTA	27	76.68	-5.67
AACATGTC:GACATGTT	121	201.26	-5.66
GCGTACGA:TCGTACGC	59	121.06	-5.64
CTACGTAC:GTACGTAG	46	103.25	-5.63
ACAATTGA:TCAATTGT	108	184.14	-5.61
GGTGCACA:TGTGCACC	103	177.69	-5.60
AGGTACCA:TGGTACCT	40	94.17	-5.58
CTATATAA:TTATATAG	44	99.57	-5.57
CCCATGGA:TCCATGGG	38	91.15	-5.57
AGCATGCC:GGCATGCT	109	184.57	-5.56
AAGCACTT:AAGTGCTT	106	180.04	-5.52
CTACGTAG:CTACGTAG	22	67.25	-5.52
CAAGCTTA:TAAGCTTG	46	101.17	-5.49
ATATCAGG:CCTGATAT	172	260.41	-5.48
CCTCGAGG:CCTCGAGG	13	52.76	-5.47
CGGATCCC:GGGATCCG	79	144.84	-5.47
GAGGCCTA:TAGGCCTC	11	49.29	-5.45
CACATGTC:GACATGTG	44	97.91	-5.45
ATACGTAC:GTACGTAT	67	128.80	-5.45
GTATATAC:GTATATAC	28	75.11	-5.44
AGGATCCA:TGGATCCT	73	136.09	-5.41
AGGATCCC:GGGATCCT	49	104.12	-5.40
CTGTACAC:GTGTACAG	79	143.60	-5.39
GCTATAGA:TCTATAGC	51	106.67	-5.39
AACGCTTA:TAAGCGTT	138	217.07	-5.37
AGTCGACG:CGTCGACT	63	122.00	-5.34
CTTGCAAG:CTTGCAAG	32	79.58	-5.33
CTCCGGAC:GTCCGGAG	70	130.91	-5.32
GAAGCTTA:TAAGCTTC	65	124.02	-5.30
ATGTACAC:GTGTACAT	63	121.25	-5.29
AGAATTCG:CGAATTCT	73	134.29	-5.29
GTAGCTAA:TTAGCTAC	59	115.17	-5.23
CGGGCCCG:CGGGCCCG	11	46.69	-5.22
CTCATGAC:GTCATGAG	90	154.91	-5.22
ATATATAG:CTATATAT	45	95.83	-5.19
CATGCATA:TATGCATG	101	168.14	-5.18
ACGTACGA:TCGTACGT	26	68.82	-5.16
GTGTACAA:TTGTACAC	64	120.57	-5.15
CTTATAAC:GTTATAAG	95	159.80	-5.13
AAGATCTG:CAGATCTT	255	350.91	-5.12
GGCCGGCC:GGCCGGCC	5	35.22	-5.09
AGGTACCT:AGGTACCT	12	46.81	-5.09
CTAATTAC:GTAATTAG	47	97.01	-5.08
AAGACGCT:AGCGTCTT	127	198.49	-5.07
CGTATACC:GGTATACG	93	156.38	-5.07
TCCGCCAA:TTGGCGGA	179	260.74	-5.06
ACAATTGG:CCAATTGT	77	135.87	-5.05
TAGGCCGA:TCGGCCTA	20	58.68	-5.05
AGACGTCC:GGACGTCT	46	95.19	-5.04
GACATGTA:TACATGTC	54	105.82	-5.04
ACCCGGGG:CCCCGGGT	25	65.84	-5.03
CTTTTTA :TAAAAAG 	832	1238.61	-11.55
CTTCTTA :TAAGAAG 	254	460.17	-9.61
ATTCTTC :GAAGAAT 	619	875.11	-8.66
CTGCCAA :TTGGCAG 	660	919.04	-8.55
AAAAAAA :TTTTTTT 	1747	2132.03	-8.34
ATGCCAG :CTGGCAT 	1446	1780.31	-7.92
CAGCCAA :TTGGCTG 	812	1071.06	-7.92
AAGCGCC :GGCGCTT 	1177	1475.40	-7.77
AAAAACC :GGTTTTT 	1400	1719.70	-7.71
CCAGCAA :TTGCTGG 	2075	2455.34	-7.68
ATTTTTC :GAAAAAT 	1723	2069.32	-7.61
CCACCAA :TTGGTGG 	701	930.58	-7.53
AGCCAGC :GCTGGCT 	1847	2197.27	-7.47
ATTCCAG :CTGGAAT 	877	1127.44	-7.46
AAGTGCC :GGCACTT 	427	602.77	-7.16
AGCCACC :GGTGGCT 	614	817.28	-7.11
CTTCCAA :TTGGAAG 	122	229.26	-7.08
AAGGAAG :CTTCCTT 	393	556.34	-6.93
CAAGAAG :CTTCTTG 	369	527.19	-6.89
GCAGCGC :GCGCTGC 	1631	1932.19	-6.85
ATTCTGC :GCAGAAT 	993	1233.57	-6.85
CTTTCAA :TTGAAAG 	588	772.78	-6.65
AACGCAG :CTGCGTT 	977	1206.11	-6.60
ATTTCAG :CTGAAAT 	1241	1489.86	-6.45
AGCGCAG :CTGCGCT 	1283	1534.33	-6.42
AAATCTG :CAGATTT 	871	1080.35	-6.37
CTGCCGA :TCGGCAG 	1131	1366.37	-6.37
AAGCCAG :CTGGCTT 	1271	1519.07	-6.37
AGACGCC :GGCGTCT 	577	748.45	-6.27
CTTTGCA :TGCAAAG 	589	760.76	-6.23
AAGGTAG :CTACCTT 	224	338.23	-6.21
ATATCAG :CTGATAT 	897	1101.59	-6.16
AAAAATC :GATTTTT 	1726	2000.50	-6.14
CGGCCAA :TTGGCCG 	325	455.51	-6.12
CAATTTA :TAAATTG 	570	734.82	-6.08
CTACGCA :TGCGTAG 	314	439.23	-5.98
CAAAACA :TGTTTTG 	838	1028.97	-5.95
ACATCAG :CTGATGT 	912	1109.69	-5.94
TCGCCGA :TCGGCGA 	923	1121.19	-5.92
CTGGCGA :TCGCCAG 	2848	3181.58	-5.92
CAACCAA :TTGGTTG 	489	637.41	-5.88
ATCTCTG :CAGAGAT 	623	787.94	-5.88
AAGATAG :CTATCTT 	295	414.17	-5.86
CGGATCA :TGATCCG 	684	855.18	-5.85
AAATCAG :CTGATTT 	1464	1701.08	-5.75
CGATCCA :TGGATCG 	573	726.80	-5.71
AATTCAG :CTGAATT 	830	1009.75	-5.66
CTTTACA :TGTAAAG 	385	513.08	-5.65
ACACCAG :CTGGTGT 	943	1132.77	-5.64
AATCCAG :CTGGATT 	1085	1286.99	-5.63
CAATCGA :TCGATTG 	379	503.89	-5.56
AAGGCGG :CCGCCTT 	723	888.49	-5.55
CATTTTA :TAAAATG 	720	885.12	-5.55
CTCGCCA :TGGCGAG 	924	1108.23	-5.53
AAGGTTG :CAACCTT 	517	659.03	-5.53
CCGCTTA :TAAGCGG 	500	639.73	-5.52
AGCACAG :CTGTGCT 	482	618.55	-5.49
ATACTGG :CCAGTAT 	651	806.52	-5.48
GAGCAGC :GCTGCTC 	841	1015.36	-5.47
CTCTTTA :TAAAGAG 	682	840.57	-5.47
CGACCAA :TTGGTCG 	618	769.44	-5.46
CGTGAAA :TTTCACG 	1027	1216.74	-5.44
ATAATAC :GTATTAT 	448	578.66	-5.43
ATCGCTG :CAGCGAT 	1533	1760.79	-5.43
ATTGATC :GATCAAT 	689	846.39	-5.41
ATATCTG :CAGATAT 	788	951.98	-5.32
AACCGCC :GGCGGTT 	1243	1444.14	-5.29
ATTCCTG :CAGGAAT 	863	1031.75	-5.25
CGTGTTA :TAACACG 	297	402.37	-5.25
GCAGCAC :GTGCTGC 	1233	1431.71	-5.25
AATCGCG :CGCGATT 	901	1072.97	-5.25
AAACGCC :GGCGTTT 	1729	1961.09	-5.24
AGCAGTC :GACTGCT 	362	476.23	-5.23
ATCTCAG :CTGAGAT 	282	383.37	-5.18
CAAGTTA :TAACTTG 	205	293.56	-5.17
CGCCCAA :TTGGGCG 	471	596.77	-5.15
GCGTCAA :TTGACGC 	712	862.88	-5.14
CAAACTA :TAGTTTG 	238	331.42	-5.13
CATATTA :TAATATG 	412	528.90	-5.08
AAGGGCG :CGCCCTT 	518	647.26	-5.08
ATTCAGC :GCTGAAT 	1404	1605.95	-5.04
AGGTTTG :CAAACCT 	441	560.05	-5.03
CACCAGG :CCTGGTG 	989	1159.84	-5.02
CCTGACA :TGTCAGG 	578	711.76	-5.01
GTTAATA :TATTAAC 	700	845.65	-5.01
CAAGCTA :TAGCTTG 	131	202.20	-5.01
GGCGCC  :GGCGCC  	143	9612.99	-96.68
GCGCGC  :GCGCGC  	2716	13563.29	-93.26
GCCGGC  :GCCGGC  	369	8144.73	-86.23
CAGCTG  :CAGCTG  	1964	10850.39	-85.40
CTGCAG  :CTGCAG  	1174	9234.32	-83.95
TGCGCA  :TGCGCA  	2243	10796.60	-82.41
CGCGCG  :CGCGCG  	2299	10734.47	-81.50
AAATTT  :AAATTT  	1934	9985.04	-80.65
AGCGCT  :AGCGCT  	848	7846.82	-79.07
AATATT  :AATATT  	2388	10324.66	-78.19
TCCGGA  :TCCGGA  	1133	7961.25	-76.59
AACGTT  :AACGTT  	1892	8853.09	-74.05
ATCGAT  :ATCGAT  	1549	8205.23	-73.54
ATTAAT  :ATTAAT  	2177	8871.49	-71.14
CCGCGG  :CCGCGG  	718	6282.29	-70.24
GATATC  :GATATC  	2294	8615.60	-68.16
ACCGGT  :ACCGGT  	1972	7848.97	-66.39
CGATCG  :CGATCG  	1486	6837.87	-64.76
TTTAAA  :TTTAAA  	1907	7427.90	-64.10
TGATCA  :TGATCA  	1758	7131.00	-63.67
TGGCCA  :TGGCCA  	820	5465.08	-62.87
GCATGC  :GCATGC  	669	5158.61	-62.54
GTTAAC  :GTTAAC  	1779	6950.06	-62.07
TTGCAA  :TTGCAA  	1131	5848.81	-61.72
GTCGAC  :GTCGAC  	615	4762.87	-60.13
TCGCGA  :TCGCGA  	1519	6222.76	-59.66
ACGCGT  :ACGCGT  	1419	5780.94	-57.40
CCATGG  :CCATGG  	667	4429.00	-56.55
CGCGCA  :TGCGCG  	4906	10765.49	-56.53
CCCGGG  :CCCGGG  	517	4160.68	-56.51
TCATGA  :TCATGA  	1291	5435.56	-56.24
CGGCCG  :CGGCCG  	302	3715.53	-56.02
GGTACC  :GGTACC  	603	4081.22	-54.47
GGATCC  :GGATCC  	577	4001.17	-54.15
ATGCAT  :ATGCAT  	974	4635.85	-53.81
AGGCCT  :AGGCCT  	607	3986.24	-53.54
CGTACG  :CGTACG  	614	3958.86	-53.18
TAATTA  :TAATTA  	1160	4808.47	-52.64
TTATAA  :TTATAA  	1045	4483.99	-51.38
AAGCTT  :AAGCTT  	603	3733.38	-51.25
GAATTC  :GAATTC  	722	3865.16	-50.58
GACGTC  :GACGTC  	795	3939.35	-50.12
CAATTG  :CAATTG  	1066	4183.88	-48.22
AGATCT  :AGATCT  	775	3648.23	-47.59
AGCGCG  :CGCGCT  	4653	9177.77	-47.27
GTGCAC  :GTGCAC  	643	3393.22	-47.23
AATATC  :GATATT  	4853	9431.50	-47.19
GCGCGA  :TCGCGC  	4676	9187.00	-47.11
ACCGGA  :TCCGGT  	3723	7904.91	-47.07
ATATAT  :ATATAT  	943	3868.62	-47.05
AGCGCA  :TGCGCT  	4709	9204.29	-46.90
TTCGAA  :TTCGAA  	870	3683.57	-46.37
ATTAAC  :GTTAAT  	3856	7852.22	-45.13
ACGCGA  :TCGCGT  	2509	5997.78	-45.07
CATATG  :CATATG  	767	3325.45	-44.38
AGTACT  :AGTACT  	457	2798.37	-44.27
CACGTG  :CACGTG  	217	2351.86	-44.03
GAGCTC  :GAGCTC  	177	2274.64	-43.99
ACGCGC  :GCGCGT  	4720	8854.86	-43.98
GTTAAA  :TTTAAC  	3515	7185.01	-43.33
ATTAAA  :TTTAAT  	4241	8117.67	-43.06
ACCGGC  :GCCGGT  	4271	7995.48	-41.68
CGATCA  :TGATCG  	3502	6982.89	-41.68
ATGCAA  :TTGCAT  	2304	5207.13	-40.25
AAATTA  :TAATTT  	3610	6929.12	-39.90
AGATCA  :TGATCT  	2274	5100.54	-39.60
TGTACA  :TGTACA  	685	2749.36	-39.38
CGCGCC  :GGCGCG  	6261	10158.27	-38.71
ACATGT  :ACATGT  	544	2462.60	-38.67
ACCGGG  :CCCGGT  	2794	5714.64	-38.66
CCCGGA  :TCCGGG  	2874	5755.37	-38.00
CCGCGC  :GCGCGG  	5590	9230.85	-37.93
GGCGCA  :TGCGCC  	6376	10187.62	-37.80
CATATC  :GATATG  	2615	5352.64	-37.44
GATATA  :TATATC  	1661	4034.26	-37.38
GGGCCC  :GGGCCC  	85	1555.13	-37.29
AATATG  :CATATT  	3064	5859.53	-36.54
CAATTA  :TAATTG  	2081	4485.31	-35.92
AAATTG  :CAATTT  	3588	6463.45	-35.79
ACGCGG  :CCGCGT  	3263	6026.41	-35.62
ATCGAA  :TTCGAT  	2864	5497.68	-35.54
GTGCAA  :TTGCAC  	2087	4454.92	-35.49
AACGTA  :TACGTT  	2062	4418.34	-35.46
CAATTC  :GAATTG  	1776	4021.36	-35.42
CTCGAG  :CTCGAG  	217	1659.12	-35.41
CCATGA  :TCATGG  	2460	4906.54	-34.94
CTTAAA  :TTTAAG  	1794	3997.42	-34.86
TACGTA  :TACGTA  	583	2205.08	-34.55
AACGTC  :GACGTT  	3272	5905.54	-34.29
ATTAAG  :CTTAAT  	2154	4368.62	-33.52
CCGCGA  :TCGCGG  	3607	6252.45	-33.48
CGATCC  :GGATCG  	2824	5230.63	-33.29
ACATGA  :TCATGT  	1659	3658.63	-33.07
CTTAAG  :CTTAAG  	623	2151.26	-32.96
ATGCAG  :CTGCAT  	3914	6542.85	-32.52
GCATGA  :TCATGC  	2947	5295.27	-32.29
GGATCA  :TGATCC  	2986	5341.57	-32.25
AGATCG  :CGATCT  	2725	4994.61	-32.13
GTCGAA  :TTCGAC  	2135	4188.60	-31.74
CAGCTA  :TAGCTG  	1567	3423.00	-31.73
AAATTC  :GAATTT  	3729	6212.39	-31.53
AATATA  :TATATT  	2323	4416.31	-31.51
AGGCCC  :GGGCCT  	919	2489.80	-31.49
GAATTA  :TAATTC  	2256	4311.09	-31.31
CGGCCA  :TGGCCG  	2407	4506.18	-31.28
ATGCAC  :GTGCAT  	2010	3966.17	-31.07
ATATAA  :TTATAT  	2166	4164.95	-30.99
GTATAC  :GTATAC  	416	1684.23	-30.91
TATATA  :TATATA  	565	1889.05	-30.47
AAGCTG  :CAGCTT  	3939	6364.63	-30.42
CTGCAC  :GTGCAG  	3323	5597.69	-30.42
CTTAAC  :GTTAAG  	1998	3866.70	-30.06
CTGCAA  :TTGCAG  	4777	7349.14	-30.02
CGTACA  :TGTACG  	1591	3299.14	-29.75
ATCGAC  :GTCGAT  	3901	6251.44	-29.75
AAGCTC  :GAGCTT  	1356	2914.12	-28.87
GGTACA  :TGTACC  	1691	3349.74	-28.67
CTATAG  :CTATAG  	280	1320.10	-28.63
ATCGAG  :CTCGAT  	1959	3689.65	-28.50
GACGTA  :TACGTC  	1410	2947.30	-28.32
AACGTG  :CACGTT  	2752	4563.03	-26.82
ACATGC  :GCATGT  	1973	3564.21	-26.66
ACATGG  :CCATGT  	1774	3302.55	-26.61
AGGCCA  :TGGCCT  	2872	4667.45	-26.29
GTATAA  :TTATAC  	1383	2748.10	-26.05
ATATAC  :GTATAT  	1239	2552.58	-26.01
CTCGAA  :TTCGAG  	1182	2472.14	-25.95
AGATCC  :GGATCT  	2233	3820.63	-25.69
AGTACA  :TGTACT  	1434	2773.76	-25.45
CACGTC  :GACGTG  	1646	3043.82	-25.34
AGTACC  :GGTACT  	1913	3379.46	-25.23
AGTACG  :CGTACT  	1879	3328.42	-25.13
AGCGCC  :GGCGCT  	6399	8685.12	-24.55
CATATA  :TATATG  	1309	2506.38	-23.92
ATATAG  :CTATAT  	1132	2259.86	-23.73
CCATGC  :GCATGG  	3141	4779.91	-23.72
CCCGGC  :GCCGGG  	4024	5821.31	-23.57
CTATAA  :TTATAG  	1276	2432.96	-23.46
GCCGGA  :TCCGGC  	5974	8052.47	-23.18
CAGCTC  :GAGCTG  	3369	4967.97	-22.70
TAGCTA  :TAGCTA  	340	1079.87	-22.52
CGTACC  :GGTACG  	2605	4019.58	-22.32
AAGCTA  :TAGCTT  	1009	2007.87	-22.30
AGGCCG  :CGGCCT  	2491	3848.51	-21.89
CACGTA  :TACGTG  	1286	2277.29	-20.78
CTCGAC  :GTCGAG  	1741	2811.09	-20.19
GAGCTA  :TAGCTC  	783	1567.26	-19.81
GGGCCA  :TGGCCC  	1858	2915.29	-19.59
GCTAGC  :GCTAGC  	165	636.82	-18.70
CTATAC  :GTATAG  	784	1491.09	-18.31
GAGCCC  :GGGCTC  	409	914.47	-16.72
GAGACC  :GGTCTC  	366	805.34	-15.48
CTGAAG  :CTTCAG  	3318	4301.42	-15.00
GGGCAC  :GTGCCC  	1123	1739.69	-14.79
ACTAGT  :ACTAGT  	83	362.82	-14.69
CGGCCC  :GGGCCG  	1735	2403.78	-13.64
AAAAAA  :TTTTTT  	7547	8818.41	-13.55
CTTTTC  :GAAAAG  	2892	3691.71	-13.17
CAGTTA  :TAACTG  	2249	2962.88	-13.12
ATTGTA  :TACAAT  	1064	1525.27	-11.81
ATTATA  :TATAAT  	1308	1793.16	-11.46
CAACAG  :CTGTTG  	3564	4314.72	-11.43
ACTAGC  :GCTAGT  	249	480.68	-10.57
ATCATA  :TATGAT  	1727	2224.27	-10.55
TGGTAA  :TTACCA  	2839	3438.66	-10.23
GCTAGA  :TCTAGC  	127	299.28	-9.96
CCTGCC  :GGCAGG  	3892	4546.26	-9.71
CACTTA  :TAAGTG  	1106	1478.98	-9.70
GCAGAC  :GTCTGC  	3012	3579.60	-9.49
GAGCAC  :GTGCTC  	1471	1878.62	-9.41
ATTCCA  :TGGAAT  	2245	2723.31	-9.17
AAAATT  :AATTTT  	4555	5211.13	-9.09
CAGAAG  :CTTCTG  	2997	3535.91	-9.07
TTCCAA  :TTGGAA  	759	1050.87	-9.00
CCTGGA  :TCCAGG  	2607	3103.83	-8.92
GGCGAC  :GTCGCC  	3886	4478.25	-8.85
CGACCG  :CGGTCG  	2461	2930.82	-8.68
AAACAA  :TTGTTT  	3409	3945.66	-8.55
CAGCCG  :CGGCTG  	4159	4738.67	-8.42
CCCACC  :GGTGGG  	1756	2144.13	-8.38
AAGCCA  :TGGCTT  	3585	4113.51	-8.24
CAGACA  :TGTCTG  	2421	2852.34	-8.08
GAAGAC  :GTCTTC  	1966	2356.95	-8.05
ATTTTA  :TAAAAT  	3476	3979.53	-7.99
TCTAGA  :TCTAGA  	46	140.64	-7.98
AATCAA  :TTGATT  	3736	4255.63	-7.97
ACCATA  :TATGGT  	1895	2274.93	-7.97
GCGGAC  :GTCCGC  	1701	2060.57	-7.92
GATTCC  :GGAATC  	1562	1907.02	-7.90
CTTGAC  :GTCAAG  	672	910.38	-7.90
ATGATA  :TATCAT  	2346	2760.97	-7.90
GACGCC  :GGCGTC  	3556	4058.87	-7.90
CCAGGA  :TCCTGG  	2703	3145.20	-7.89
ATTCTA  :TAGAAT  	593	818.22	-7.87
CCTAGG  :CCTAGG  	19	95.98	-7.86
CTGTGA  :TCACAG  	1393	1715.10	-7.78
TTGAAA  :TTTCAA  	3380	3863.30	-7.78
CCACCC  :GGGTGG  	1559	1897.69	-7.78
GGGTAC  :GTACCC  	1151	1446.28	-7.77
CCTAGC  :GCTAGG  	126	247.23	-7.71
GAAGGA  :TCCTTC  	1586	1920.69	-7.64
ATTCGA  :TCGAAT  	1274	1576.05	-7.61
CTGCGA  :TCGCAG  	2335	2732.60	-7.61
CTTCCC  :GGGAAG  	2094	2468.67	-7.54
CTCAAA  :TTTGAG  	1825	2176.80	-7.54
ATCCGG  :CCGGAT  	4234	4752.51	-7.52
ACTAGA  :TCTAGT  	113	225.90	-7.51
AAGAAT  :ATTCTT  	2294	2680.54	-7.47
ATATTA  :TAATAT  	2592	3000.44	-7.46
GACGAC  :GTCGTC  	2075	2440.66	-7.40
CTTTCC  :GGAAAG  	2752	3167.55	-7.39
GAACTA  :TAGTTC  	816	1055.86	-7.38
CAAGTG  :CACTTG  	901	1151.13	-7.37
ACGCCA  :TGGCGT  	5967	6559.85	-7.32
ACGCAA  :TTGCGT  	2667	3068.77	-7.25
CGGTTA  :TAACCG  	3004	3424.62	-7.19
CTACAG  :CTGTAG  	1240	1519.38	-7.17
CCGCCC  :GGGCGG  	2897	3308.69	-7.16
GCACCC  :GGGTGC  	1562	1871.33	-7.15
AAACTT  :AAGTTT  	2230	2593.28	-7.14
CCCGCC  :GGCGGG  	3495	3938.33	-7.07
AAACGA  :TCGTTT  	2544	2923.58	-7.02
CCAAGG  :CCTTGG  	485	665.84	-7.01
CTGTTA  :TAACAG  	2277	2635.76	-6.99
GCCGAC  :GTCGGC  	3114	3526.24	-6.94
AAGTTC  :GAACTT  	1826	2146.83	-6.93
CCATTA  :TAATGG  	2903	3295.79	-6.84
AAAGCT  :AGCTTT  	2467	2828.41	-6.80
GAAACA  :TGTTTC  	2825	3207.08	-6.75
GATCTA  :TAGATC  	638	831.87	-6.72
ATCAAT  :ATTGAT  	4227	4685.30	-6.70
CTCTTA  :TAAGAG  	803	1016.32	-6.69
TGTCAA  :TTGACA  	1197	1451.93	-6.69
CAAACC  :GGTTTG  	3089	3482.85	-6.68
CCCGAG  :CTCGGG  	733	935.35	-6.62
CATTTA  :TAAATG  	2429	2776.96	-6.60
AAAGTT  :AACTTT  	2702	3063.49	-6.53
GGCAAC  :GTTGCC  	4524	4983.96	-6.52
ATTCAA  :TTGAAT  	2235	2563.52	-6.49
AAGAGC  :GCTCTT  	2014	2326.24	-6.48
ACGCTA  :TAGCGT  	1741	2032.14	-6.46
CTTTGC  :GCAAAG  	4023	4452.85	-6.44
TCACCA  :TGGTGA  	5589	6091.27	-6.44
CCATCC  :GGATGG  	2575	2919.31	-6.37
ACTAGG  :CCTAGT  	100	186.61	-6.34
AAGGCC  :GGCCTT  	1710	1991.61	-6.31
GAATAA  :TTATTC  	3494	3884.98	-6.28
CAGCGA  :TCGCTG  	5376	5855.77	-6.27
GAGGAC  :GTCCTC  	583	753.42	-6.21
ATCACG  :CGTGAT  	3069	3428.09	-6.14
ATTCGG  :CCGAAT  	1609	1873.70	-6.12
AATTGG  :CCAATT  	1463	1715.35	-6.09
CTGCTA  :TAGCAG  	1213	1442.74	-6.05
CAAGAG  :CTCTTG  	977	1181.05	-5.94
AGGCAG  :CTGCCT  	2312	2615.03	-5.93
AGGGTC  :GACCCT  	601	764.71	-5.92
AAACCC  :GGGTTT  	2337	2638.22	-5.87
CATGCG  :CGCATG  	2206	2496.79	-5.82
GATGAC  :GTCATC  	3804	4178.19	-5.79
AAGTGC  :GCACTT  	2173	2458.44	-5.76
CATACC  :GGTATG  	2018	2292.87	-5.74
ACGGCA  :TGCCGT  	4587	4991.70	-5.73
CCCAGA  :TCTGGG  	2202	2483.97	-5.66
CTGGAC  :GTCCAG  	2387	2679.78	-5.66
CCAGCA  :TGCTGG  	8813	9359.20	-5.65
CCTACC  :GGTAGG  	801	977.39	-5.64
ATTGGA  :TCCAAT  	675	837.91	-5.63
ACCCGG  :CCGGGT  	2608	2910.94	-5.62
GAAATA  :TATTTC  	3284	3620.87	-5.60
CCGGCG  :CGCCGG  	4913	5321.11	-5.60
AACCTT  :AAGGTT  	2335	2620.47	-5.58
CGCCTA  :TAGGCG  	881	1062.00	-5.55
GAGTGC  :GCACTC  	1287	1501.32	-5.53
AAATCT  :AGATTT  	2753	3057.84	-5.51
AAGGGT  :ACCCTT  	1193	1398.71	-5.50
CACATG  :CATGTG  	1253	1463.06	-5.49
CAAGCG  :CGCTTG  	2017	2278.39	-5.48
GAAGTA  :TACTTC  	1692	1932.12	-5.46
CGCTGC  :GCAGCG  	6157	6598.42	-5.44
AGGGCC  :GGCCCT  	720	881.21	-5.43
CGTCTA  :TAGACG  	594	739.78	-5.36
GGGATA  :TATCCC  	1941	2191.61	-5.35
GATGCC  :GGCATC  	4414	4783.30	-5.34
GATCCA  :TGGATC  	2367	2640.40	-5.32
CCTAGA  :TCTAGG  	59	116.18	-5.31
CGAAAA  :TTTTCG  	4257	4617.21	-5.30
GAACTC  :GAGTTC  	1660	1890.54	-5.30
GCACGC  :GCGTGC  	3455	3778.73	-5.27
CCAAAA  :TTTTGG  	2750	3040.20	-5.26
ACTATA  :TATAGT  	747	905.03	-5.25
CTTCTC  :GAGAAG  	1880	2121.86	-5.25
GAGAAC  :GTTCTC  	1756	1990.05	-5.25
GACAAC  :GTTGTC  	2242	2503.30	-5.22
CAATCG  :CGATTG  	2519	2794.27	-5.21
AACCCA  :TGGGTT  	2008	2254.83	-5.20
CGAGAG  :CTCTCG  	947	1120.93	-5.20
CGCCGA  :TCGGCG  	4501	4863.00	-5.19
CAACGC  :GCGTTG  	4466	4823.88	-5.16
CAATAG  :CTATTG  	1400	1603.86	-5.09
CCTCAG  :CTGAGG  	886	1049.59	-5.05
GCGAAC  :GTTCGC  	3283	3584.48	-5.04
AGATAT  :ATATCT  	2493	2757.27	-5.03
ACGAAA  :TTTCGT  	2660	2931.24	-5.01
TCCAA   :TTGGA   	2983	5877.77	-37.78
CCAGG   :CCTGG   	13439	18110.18	-34.77
TCCGA   :TCGGA   	4230	6977.37	-32.91
TCGCA   :TGCGA   	8647	12268.18	-32.73
TACCA   :TGGTA   	9307	12274.55	-26.82
CTCAG   :CTGAG   	5721	8057.42	-26.05
TAGCA   :TGCTA   	4623	6637.48	-24.74
GTCAA   :TTGAC   	7303	9591.33	-23.39
GGACC   :GGTCC   	3182	4729.10	-22.51
GAGAC   :GTCTC   	3386	4902.82	-21.67
ACCAG   :CTGGT   	18227	21228.85	-20.64
GAACC   :GGTTC   	7848	9858.48	-20.27
TCACA   :TGTGA   	6585	8425.60	-20.07
AAAAG   :CTTTT   	14286	16871.20	-19.94
TCTCA   :TGAGA   	5723	7382.54	-19.33
GAGCC   :GGCTC   	5004	6562.33	-19.25
TCAGA   :TCTGA   	9700	11781.24	-19.20
AAGCA   :TGCTT   	10360	12463.18	-18.86
TATCA   :TGATA   	12226	14466.28	-18.65
TGACA   :TGTCA   	8343	10198.48	-18.39
GCAGC   :GCTGC   	20222	22984.05	-18.26
TAACA   :TGTTA   	8581	10391.02	-17.77
GAATC   :GATTC   	8072	9770.86	-17.20
CCAAG   :CTTGG   	2692	3739.23	-17.13
GCCAC   :GTGGC   	13055	15160.33	-17.12
TAAGA   :TCTTA   	4652	5961.22	-16.97
TAGGA   :TCCTA   	1341	2047.64	-15.62
TCAAA   :TTTGA   	11924	13669.29	-14.95
AGGCA   :TGCCT   	9604	11176.86	-14.89
TCCCA   :TGGGA   	5876	7130.10	-14.86
CAGAG   :CTCTG   	8089	9522.50	-14.70
TGCCA   :TGGCA   	18859	20921.10	-14.29
GAAGC   :GCTTC   	12725	14439.16	-14.29
ATTTG   :CAAAT   	11176	12781.90	-14.22
TAATA   :TATTA   	9583	11072.45	-14.17
CTGCC   :GGCAG   	16763	18690.31	-14.12
AATCG   :CGATT   	11418	12977.67	-13.71
GCAAC   :GTTGC   	15260	17021.47	-13.52
TGTAA   :TTACA   	7068	8267.36	-13.20
ACCCC   :GGGGT   	4159	5096.52	-13.14
TCTAA   :TTAGA   	2710	3482.47	-13.09
AAATG   :CATTT   	13732	15327.28	-12.90
CCCCG   :CGGGG   	5917	6982.68	-12.76
GCGAC   :GTCGC   	12123	13602.67	-12.70
TTCAA   :TTGAA   	11836	13289.21	-12.62
GACCC   :GGGTC   	4069	4952.68	-12.56
CAGCC   :GGCTG   	16822	18396.99	-11.63
GAAAC   :GTTTC   	12652	14025.28	-11.61
ATCAT   :ATGAT   	13948	15378.12	-11.55
CCACC   :GGTGG   	13172	14550.01	-11.44
AGTTA   :TAACT   	6617	7605.80	-11.35
GGGAC   :GTCCC   	3141	3841.73	-11.31
AGATG   :CATCT   	10051	11232.19	-11.16
ACACG   :CGTGT   	5240	6108.34	-11.12
AAGGA   :TCCTT   	5957	6877.35	-11.11
GACGC   :GCGTC   	13118	14445.82	-11.06
ACGGA   :TCCGT   	7153	8123.95	-10.78
CTGTC   :GACAG   	7599	8594.07	-10.74
TACGA   :TCGTA   	5259	6088.89	-10.64
CGCAA   :TTGCG   	14375	15681.86	-10.45
ACTCG   :CGAGT   	4449	5196.51	-10.37
CACCC   :GGGTG   	7568	8516.86	-10.29
GATAC   :GTATC   	8384	9367.52	-10.17
AATAG   :CTATT   	6096	6941.93	-10.16
AGCCG   :CGGCT   	11214	12329.26	-10.06
TACAA   :TTGTA   	5947	6768.76	-9.99
AACTT   :AAGTT   	8318	9274.46	-9.94
GCTCC   :GGAGC   	6049	6863.52	-9.84
GCACC   :GGTGC   	12989	14146.51	-9.75
GGCAC   :GTGCC   	10554	11589.50	-9.63
ACTTG   :CAAGT   	3757	4392.91	-9.60
AAGAC   :GTCTT   	6316	7109.38	-9.42
AGAAG   :CTTCT   	9401	10329.69	-9.15
AATGA   :TCATT   	12324	13377.28	-9.12
GCTAC   :GTAGC   	7058	7863.69	-9.09
CACTG   :CAGTG   	11626	12625.24	-8.90
GTAAC   :GTTAC   	9256	10140.92	-8.80
AACTA   :TAGTT   	4091	4691.70	-8.77
CAGTC   :GACTG   	8046	8869.66	-8.75
CACAG   :CTGTG   	7648	8451.32	-8.75
ATAAT   :ATTAT   	13002	14007.53	-8.51
AGCAT   :ATGCT   	10719	11630.72	-8.46
GAGGC   :GCCTC   	5559	6217.00	-8.35
CGCCG   :CGGCG   	22746	24022.38	-8.25
AGGTG   :CACCT   	8730	9530.79	-8.21
TATGA   :TCATA   	7507	8220.14	-7.87
AGAGC   :GCTCT   	6802	7479.69	-7.84
TAAAA   :TTTTA   	15556	16557.25	-7.79
AGTAG   :CTACT   	3632	4132.27	-7.79
ACCTG   :CAGGT   	13784	14722.08	-7.74
AGGCG   :CGCCT   	13167	14081.64	-7.72
TACTA   :TAGTA   	2735	3165.96	-7.66
ACTGC   :GCAGT   	11885	12740.59	-7.59
AACCG   :CGGTT   	14202	15106.94	-7.37
ACCGC   :GCGGT   	17116	18092.50	-7.27
CGACG   :CGTCG   	11978	12786.49	-7.16
CACTC   :GAGTG   	5432	5983.81	-7.14
ACGAG   :CTCGT   	4191	4674.80	-7.08
AAATA   :TATTT   	14176	15022.50	-6.92
ATTAG   :CTAAT   	4165	4626.34	-6.79
AGTTG   :CAACT   	8754	9406.80	-6.74
CGTTC   :GAACG   	11031	11755.63	-6.69
AAACG   :CGTTT   	15555	16404.19	-6.64
CGGTC   :GACCG   	9568	10238.09	-6.63
CATCC   :GGATG   	11863	12589.86	-6.49
AAAGG   :CCTTT   	10452	11135.40	-6.48
GTCAC   :GTGAC   	8864	9493.00	-6.46
AAGTA   :TACTT   	5750	6258.41	-6.43
ACAAT   :ATTGT   	9534	10165.39	-6.27
CCATC   :GATGG   	14505	15278.56	-6.27
GATGC   :GCATC   	15788	16580.36	-6.16
CCCAG   :CTGGG   	11195	11854.09	-6.06
AAACA   :TGTTT   	14187	14900.44	-5.85
CGGAG   :CTCCG   	6240	6715.80	-5.81
ACGCA   :TGCGT   	11913	12554.14	-5.73
ATACG   :CGTAT   	7374	7873.18	-5.63
CGCTC   :GAGCG   	9222	9765.12	-5.50
GACAC   :GTGTC   	5208	5619.97	-5.50
CCTCC   :GGAGG   	4008	4369.27	-5.47
CAACC   :GGTTG   	11272	11865.18	-5.45
CCCGA   :TCGGG   	6267	6699.97	-5.29
GCGC    :GCGC    	38837	167895.90	-320.18
CGCG    :CGCG    	30737	151023.48	-314.12
GGCC    :GGCC    	14096	100365.70	-274.98
GATC    :GATC    	21140	107239.90	-265.67
TGCA    :TGCA    	22337	106382.30	-260.35
AATT    :AATT    	21922	100907.06	-251.09
TTAA    :TTAA    	24044	100893.67	-244.32
CATG    :CATG    	17125	84961.66	-234.65
CCGG    :CCGG    	27651	99242.86	-229.45
ATAT    :ATAT    	21839	87795.87	-224.50
AGCT    :AGCT    	15107	76189.35	-222.93
TATA    :TATA    	10664	59968.74	-202.51
ACGT    :ACGT    	15915	68452.33	-202.14
CGCA    :TGCG    	55804	126752.61	-201.75
TCGA    :TCGA    	17033	64391.29	-187.80
CCGC    :GCGG    	63388	129083.19	-185.16
GTAC    :GTAC    	13472	57658.47	-185.05
AATC    :GATT    	46922	104025.30	-178.85
AGCC    :GGCT    	39809	87445.97	-162.46
CCGA    :TCGG    	35417	79939.83	-158.70
CATA    :TATG    	30068	71379.58	-155.70
ATAC    :GTAT    	29908	71148.96	-155.68
ACGC    :GCGT    	57160	107204.79	-154.44
GCGA    :TCGC    	55858	103976.12	-150.74
AGCG    :CGCT    	59238	107267.80	-148.18
AATG    :CATT    	48932	92591.74	-144.78
ATAA    :TTAT    	50140	94117.20	-144.66
ACGG    :CCGT    	41237	82422.12	-144.61
ACGA    :TCGT    	32008	66390.77	-134.30
CGCC    :GGCG    	77564	123116.11	-131.39
GGCA    :TGCC    	61564	103330.22	-131.24
GTAA    :TTAC    	40294	76271.71	-131.24
AGCA    :TGCT    	51205	90028.88	-130.53
GATA    :TATC    	45311	80193.78	-124.14
CATC    :GATG    	58943	95453.02	-119.27
CTAG    :CTAG    	1087	14983.75	-113.69
CTAA    :TTAG    	16560	38881.42	-113.63
AATA    :TATT    	47959	77789.90	-107.76
ATAG    :CTAT    	20940	36269.97	-80.78
CCAA    :TTGG    	29634	44867.31	-72.23
CAAG    :CTTG    	21444	31690.94	-57.74
CTAC    :GTAG    	20090	29392.85	-54.42
GGAC    :GTCC    	19022	26193.09	-44.42
CTTA    :TAAG    	22151	28918.99	-39.91
AACC    :GGTT    	45074	53281.22	-35.74
ATTC    :GAAT    	39077	46353.60	-33.95
CCTA    :TAGG    	9117	12836.98	-32.87
CGAA    :TTCG    	42544	49152.02	-29.95
CACG    :CGTG    	36624	42238.83	-27.43
GACC    :GGTC    	30547	35700.37	-27.37
CACA    :TGTG    	29365	34393.27	-27.20
CAGA    :TCTG    	49412	55687.17	-26.74
GAAC    :GTTC    	40108	45296.63	-24.49
ACAG    :CTGT    	38019	42737.13	-22.92
CCCA    :TGGG    	29844	34039.41	-22.81
CTGA    :TCAG    	56010	61167.66	-20.98
AGAT    :ATCT    	36865	40696.69	-19.07
CTCA    :TGAG    	27199	30486.42	-18.88
AAGC    :GCTT    	43925	47956.44	-18.49
TACA    :TGTA    	24054	27049.11	-18.26
GCAC    :GTGC    	40144	43778.07	-17.44
GAGC    :GCTC    	29749	32790.68	-16.85
AGTC    :GACT    	21461	24004.84	-16.46
CTGC    :GCAG    	64740	68989.37	-16.29
AAAC    :GTTT    	55968	59652.64	-15.17
CGAG    :CTCG    	22981	25371.60	-15.05
ACCC    :GGGT    	26972	29539.20	-14.98
AGAC    :GTCT    	23566	25847.75	-14.23
ACTG    :CAGT    	46230	49273.10	-13.77
ACAC    :GTGT    	24863	27119.38	-13.74
TAGA    :TCTA    	12568	14167.32	-13.46
CCTC    :GAGG    	18938	20813.38	-13.03
CGTA    :TACG    	30862	33219.37	-12.98
CGGA    :TCCG    	38484	41032.27	-12.63
TCCA    :TGGA    	38023	40267.05	-11.23
ATGC    :GCAT    	48437	50569.73	-9.53
GCCC    :GGGC    	34987	36778.88	-9.38
AAAT    :ATTT    	58781	61044.59	-9.22
CGGC    :GCCG    	64150	66342.25	-8.57
AGGC    :GCCT    	37604	38902.51	-6.61
CAAA    :TTTG    	53757	55283.55	-6.53
ACCT    :AGGT    	30183	31244.80	-6.03
CAA     :TTG     	169947	215239.42	-99.71
CCC     :GGG     	108295	140986.04	-88.27
CTC     :GAG     	96899	125002.57	-80.46
ACA     :TGT     	132102	157578.54	-65.17
AAG     :CTT     	141715	158080.27	-41.80
CAC     :GTG     	149067	162159.29	-33.03
GAC     :GTC     	122870	134205.05	-31.35
GGA     :TCC     	128108	138918.71	-29.40
AGG     :CCT     	114548	123279.13	-25.17
ACT     :AGT     	111858	115731.86	-11.52
