N = 3434386
GCGATCGC:GCGATCGC	5601	22069.13	-111.21
AAAATTTT:AAAATTTT	418	1927.08	-34.39
AAATATTT:AAATATTT	229	1000.17	-24.39
TTGATCAA:TTGATCAA	250	945.67	-22.63
GCCATGGC:GCCATGGC	165	789.27	-22.22
TTTTAAAA:TTTTAAAA	241	902.95	-22.03
GAAATTTC:GAAATTTC	179	722.65	-20.23
CAAATTTG:CAAATTTG	140	642.49	-19.83
TTGGCCAA:TTGGCCAA	124	550.47	-18.18
CAATATTG:CAATATTG	170	616.67	-17.99
AAAGCTTT:AAAGCTTT	144	557.17	-17.51
TTTGCAAA:TTTGCAAA	130	519.30	-17.08
CCCTAGGG:CCCTAGGG	133	523.47	-17.07
GAATATTC:GAATATTC	108	475.74	-16.86
ATTTAAAT:ATTTAAAT	58	381.45	-16.56
TAAATTTA:TAAATTTA	136	504.61	-16.41
AATTAATT:AATTAATT	155	517.08	-15.92
ATGGCCAT:ATGGCCAT	77	391.45	-15.89
AAAATTTA:TAAATTTT	488	986.12	-15.86
AAAATTTC:GAAATTTT	655	1180.09	-15.29
GATTAATC:GATTAATC	93	394.08	-15.17
CCAATTGG:CCAATTGG	112	419.77	-15.02
CATCGATG:CATCGATG	106	406.29	-14.90
ACCATGGT:ACCATGGT	81	363.09	-14.80
AAACGTTT:AAACGTTT	102	396.46	-14.79
TTTATAAA:TTTATAAA	96	384.12	-14.70
AAAATTTG:CAAATTTT	624	1112.72	-14.65
GCAATTGC:GCAATTGC	72	339.58	-14.52
CAAATTTC:GAAATTTG	304	681.39	-14.46
AATATATT:AATATATT	80	348.52	-14.38
AAGATCTT:AAGATCTT	55	303.05	-14.25
CTTTAAAG:CTTTAAAG	95	367.79	-14.22
AAATATTG:CAATATTT	391	785.35	-14.07
CAAGCTTG:CAAGCTTG	78	320.09	-13.53
ACGATCGC:GCGATCGT	190	483.72	-13.36
CCCATGGG:CCCATGGG	76	310.73	-13.32
GTTTAAAA:TTTTAAAC	194	487.89	-13.31
GAAATTTA:TAAATTTC	277	603.87	-13.30
ATGATCAT:ATGATCAT	48	253.98	-12.93
GTTGCAAC:GTTGCAAC	70	288.04	-12.85
GCGATCGA:TCGATCGC	113	354.73	-12.84
CATTAATG:CATTAATG	66	279.26	-12.76
ATCTAGAT:ATCTAGAT	53	257.79	-12.76
GGAATTCC:GGAATTCC	69	282.60	-12.71
CAATATTC:GAATATTG	249	541.64	-12.58
GGTTAACC:GGTTAACC	65	270.29	-12.49
CTGATCAG:CTGATCAG	47	238.78	-12.41
GTGATCAA:TTGATCAC	224	501.06	-12.38
ATCGCGAT:ATCGCGAT	83	295.83	-12.37
TTCCGGAA:TTCCGGAA	60	258.94	-12.36
CAACGTTG:CAACGTTG	60	258.29	-12.34
GCCCGGGC:GCCCGGGC	68	270.81	-12.32
CCGATCGC:GCGATCGG	129	360.42	-12.19
CTTTAAAA:TTTTAAAG	285	576.28	-12.13
TTAATTAA:TTAATTAA	67	260.82	-12.00
AAATATTC:GAATATTT	375	689.80	-11.99
TCCATGGA:TCCATGGA	49	227.97	-11.85
GAGATCTC:GAGATCTC	29	193.56	-11.83
GATCGATC:GATCGATC	44	216.08	-11.71
TTCTAGAA:TTCTAGAA	58	238.29	-11.68
GTTTAAAC:GTTTAAAC	74	263.62	-11.68
ATGATCAA:TTGATCAT	232	490.08	-11.66
ATTGCAAT:ATTGCAAT	64	245.22	-11.57
ATCATGAT:ATCATGAT	69	252.75	-11.56
AATTAATC:GATTAATT	206	451.41	-11.55
GGATATCC:GGATATCC	60	237.88	-11.53
GTGATCAC:GTGATCAC	78	265.49	-11.51
CAAATTTA:TAAATTTG	295	569.40	-11.50
AGAATTCT:AGAATTCT	42	205.86	-11.42
CTGGCCAG:CTGGCCAG	55	226.13	-11.38
TGAATTCA:TGAATTCA	38	193.76	-11.19
ATTTAAAA:TTTTAAAT	316	586.88	-11.18
CGGTACCG:CGGTACCG	55	221.34	-11.18
TTGCGCAA:TTGCGCAA	48	209.92	-11.18
ACAATTGT:ACAATTGT	58	224.51	-11.11
GGCGCGCC:GGCGCGCC	45	203.27	-11.10
ATAATTAT:ATAATTAT	41	196.05	-11.07
TATCGATA:TATCGATA	52	211.46	-10.97
GAAGCTTC:GAAGCTTC	53	211.80	-10.91
ACCATGGG:CCCATGGT	136	335.89	-10.91
TTCGCGAA:TTCGCGAA	39	188.86	-10.91
GTGGCCAC:GTGGCCAC	54	213.12	-10.90
AAGCGCTT:AAGCGCTT	35	180.50	-10.83
GGGATCCC:GGGATCCC	37	180.37	-10.68
AAAGCTTG:CAAGCTTT	204	422.31	-10.62
ATTGCAAA:TTTGCAAT	157	356.85	-10.58
CCCATGGC:GCCATGGG	260	495.23	-10.57
TCAATTGA:TCAATTGA	49	197.17	-10.55
TGATATCA:TGATATCA	39	180.26	-10.52
CAGATCTG:CAGATCTG	48	194.54	-10.51
ATCCGGAT:ATCCGGAT	56	206.38	-10.47
AAGGCCTT:AAGGCCTT	33	168.84	-10.45
GCCATGGA:TCCATGGC	209	424.18	-10.45
AATTAATG:CATTAATT	177	380.00	-10.41
CCTTAAGG:CCTTAAGG	52	198.42	-10.39
CTGATCAA:TTGATCAG	250	475.19	-10.33
CGATATCG:CGATATCG	36	169.50	-10.25
CGGATCCG:CGGATCCG	45	182.76	-10.19
TAATATTA:TAATATTA	29	154.17	-10.08
AATCGATG:CATCGATT	113	282.30	-10.08
CCAATTGC:GCAATTGG	183	377.55	-10.01
GCCTAGGC:GCCTAGGC	39	166.01	-9.86
CTGGCCAA:TTGGCCAG	170	352.82	-9.73
CGTTAACG:CGTTAACG	33	151.78	-9.64
CACCGGTG:CACCGGTG	39	160.74	-9.60
AATCGATT:AATCGATT	62	196.16	-9.58
TTCATGAA:TTCATGAA	43	166.10	-9.55
ACAATTGG:CCAATTGT	141	306.99	-9.47
GTGGCCAA:TTGGCCAC	168	342.52	-9.43
CTTTAAAC:GTTTAAAG	145	311.38	-9.43
AATTAATA:TATTAATT	118	273.52	-9.40
CTCCGGAG:CTCCGGAG	45	165.93	-9.39
GTTGCAAA:TTTGCAAC	203	386.76	-9.34
GGATCGCC:GGCGATCC	300	510.83	-9.33
ATAGCTAT:ATAGCTAT	28	136.45	-9.28
GCTGCAGC:GCTGCAGC	35	147.91	-9.28
ATTTAAAG:CTTTAAAT	195	374.56	-9.28
TAGATCTA:TAGATCTA	24	129.28	-9.26
CAATATTA:TAATATTG	146	308.34	-9.25
GGCGATCA:TGATCGCC	471	718.43	-9.23
TTGTACAA:TTGTACAA	30	138.67	-9.23
AAATATTA:TAATATTT	210	392.68	-9.22
TATTAATA:TATTAATA	34	144.69	-9.20
AAAGCTTC:GAAGCTTT	173	343.53	-9.20
ACCATGGC:GCCATGGT	323	535.32	-9.18
CTTGCAAG:CTTGCAAG	29	135.32	-9.14
AGATATCT:AGATATCT	38	148.97	-9.09
ATGGCCAA:TTGGCCAT	269	464.20	-9.06
CGCCGGCG:CGCCGGCG	32	137.56	-9.00
GCTTAAGC:GCTTAAGC	46	159.21	-8.97
CCCTAGGC:GCCTAGGG	143	294.79	-8.84
CTGATCAC:GTGATCAG	112	251.78	-8.81
CAGCGCTG:CAGCGCTG	38	143.37	-8.80
TGGTACCA:TGGTACCA	45	153.34	-8.75
ACCATGGA:TCCATGGT	140	287.70	-8.71
AGTTAACT:AGTTAACT	15	103.58	-8.70
GTAATTAC:GTAATTAC	38	140.51	-8.65
ATGGCCAC:GTGGCCAT	143	288.83	-8.58
TGGATCCA:TGGATCCA	28	121.81	-8.50
GTGCGCAC:GTGCGCAC	25	116.86	-8.50
AAACGTTG:CAACGTTT	168	320.00	-8.50
AAGATCTG:CAGATCTT	111	242.81	-8.46
CGATCGCG:CGCGATCG	471	693.27	-8.44
ATCGCGAA:TTCGCGAT	108	236.37	-8.35
CATTAATC:GATTAATG	180	331.74	-8.33
AATGCATT:AATGCATT	39	136.11	-8.32
AGCGATCG:CGATCGCT	708	965.81	-8.30
ATGGCCAG:CTGGCCAT	155	297.52	-8.26
TAACGTTA:TAACGTTA	32	123.85	-8.25
GCGGCCGC:GCGGCCGC	23	109.14	-8.25
CCAATTGA:TCAATTGG	148	287.69	-8.24
AAACGTTA:TAACGTTT	99	221.59	-8.24
TCCCGGGA:TCCCGGGA	29	118.43	-8.22
CATCGATA:TATCGATG	153	293.11	-8.18
ACAATTGA:TCAATTGT	92	210.39	-8.16
TGTTAACA:TGTTAACA	14	92.17	-8.14
CGAATTCG:CGAATTCG	31	120.06	-8.13
AGAATTCC:GGAATTCT	115	241.20	-8.13
AAAGCTTA:TAAGCTTT	120	247.00	-8.08
CAGGCCTG:CAGGCCTG	24	107.16	-8.03
CTCTAGAG:CTCTAGAG	16	92.49	-7.95
GCTATAGC:GCTATAGC	27	109.87	-7.91
CATCGATC:GATCGATG	161	296.29	-7.86
CTTGCAAC:GTTGCAAG	87	197.43	-7.86
GTCGCGAC:GTCGCGAC	12	83.42	-7.82
ATAATTAA:TTAATTAT	109	226.13	-7.79
ATTGCAAC:GTTGCAAT	139	265.77	-7.78
ATCCGGAA:TTCCGGAT	113	231.17	-7.77
GGGTACCC:GGGTACCC	37	123.02	-7.76
ATCCGGAG:CTCCGGAT	80	185.05	-7.72
CAAGCTTC:GAAGCTTG	136	260.38	-7.71
CTGCGCAG:CTGCGCAG	14	83.73	-7.62
TAAGCTTA:TAAGCTTA	30	109.50	-7.60
CGTTAACC:GGTTAACG	95	202.55	-7.56
CCCCGGGG:CCCCGGGG	32	111.78	-7.55
TGCTAGCA:TGCTAGCA	20	92.33	-7.53
CCCCGGGC:GCCCGGGG	75	173.99	-7.50
AATCGATA:TATCGATT	97	203.67	-7.47
GGTGCACC:GGTGCACC	19	89.39	-7.45
GCAATTGA:TCAATTGC	139	258.75	-7.44
CTTGCAAA:TTTGCAAG	144	265.09	-7.44
CCTTAAGC:GCTTAAGG	79	177.74	-7.41
GAATATTA:TAATATTC	149	270.82	-7.40
GGCTAGCC:GGCTAGCC	24	96.73	-7.39
CTGTACAG:CTGTACAG	15	81.27	-7.35
TGCCGGCA:TGCCGGCA	12	75.82	-7.33
GATCGATA:TATCGATC	107	213.76	-7.30
AGATATCC:GGATATCT	89	188.25	-7.23
GGATATCA:TGATATCC	103	207.07	-7.23
AGATCGCC:GGCGATCT	212	346.00	-7.20
CTGGCCAC:GTGGCCAG	113	219.53	-7.19
ATGCGCAT:ATGCGCAT	30	102.77	-7.18
ATGCGCAA:TTGCGCAT	60	146.88	-7.17
CGGATCCC:GGGATCCG	86	181.56	-7.09
ATGTACAT:ATGTACAT	22	88.54	-7.07
ATCATGAA:TTCATGAT	104	204.89	-7.05
ATCTAGAA:TTCTAGAT	137	247.85	-7.04
TGGGCCCA:TGGGCCCA	23	89.63	-7.04
GGGTACCA:TGGTACCC	55	137.35	-7.03
CGAATTCC:GGAATTCG	89	184.20	-7.01
GCCGCGGC:GCCGCGGC	23	89.01	-7.00
ATGATCAC:GTGATCAT	147	259.67	-6.99
ACAATTGC:GCAATTGT	160	276.11	-6.99
GTTATAAA:TTTATAAC	55	136.56	-6.98
GAGCGCTC:GAGCGCTC	18	80.22	-6.95
CTAATTAG:CTAATTAG	11	68.46	-6.94
CCGCGCGG:CCGCGCGG	28	95.86	-6.93
AAACGTTC:GAACGTTT	89	181.95	-6.89
TCCTAGGA:TCCTAGGA	21	84.18	-6.89
CAGCGCTC:GAGCGCTG	36	107.24	-6.88
GGAATTCA:TGAATTCC	129	234.00	-6.86
ATAATTAC:GTAATTAT	78	165.97	-6.83
TCTTAAGA:TCTTAAGA	21	82.53	-6.77
CTCTAGAA:TTCTAGAG	66	148.45	-6.77
CGAATTCA:TGAATTCG	69	152.52	-6.76
CGATATCC:GGATATCG	105	200.80	-6.76
CCCTAGGA:TCCTAGGG	112	209.92	-6.76
CCCATGGA:TCCATGGG	156	266.15	-6.75
CAGATCTC:GAGATCTG	100	194.05	-6.75
GAAGCTTA:TAAGCTTC	69	152.29	-6.75
GCCCGGGA:TCCCGGGC	89	179.08	-6.73
TGGCGCCA:TGGCGCCA	18	76.70	-6.70
CCACGTGG:CCACGTGG	25	87.62	-6.69
AATCGATC:GATCGATT	110	205.87	-6.68
CAACGTTC:GAACGTTG	66	146.86	-6.67
GTCATGAC:GTCATGAC	22	82.41	-6.65
GATTAATA:TATTAATC	136	238.78	-6.65
CGGTACCA:TGGTACCG	94	184.23	-6.65
ACTTAAGT:ACTTAAGT	9	60.84	-6.65
ACTATAGT:ACTATAGT	9	60.78	-6.64
CATTAATA:TATTAATG	107	201.01	-6.63
GAGATCTA:TAGATCTC	75	158.19	-6.61
ACCTAGGG:CCCTAGGT	65	143.82	-6.57
ATCGCGAG:CTCGCGAT	46	116.72	-6.55
ATTATAAT:ATTATAAT	12	64.32	-6.52
ATCATGAC:GTCATGAT	66	144.32	-6.52
AAAAAAAA:TTTTTTTT	324	463.99	-6.50
AGCTAGCT:AGCTAGCT	18	73.81	-6.50
GTAATTAA:TTAATTAC	102	191.44	-6.46
CGGTACCC:GGGTACCG	82	165.01	-6.46
CAAGCTTA:TAAGCTTG	99	187.22	-6.45
AGCGCGCT:AGCGCGCT	16	69.50	-6.42
ATTTAAAC:GTTTAAAT	203	317.11	-6.41
GAACGTTC:GAACGTTC	25	83.50	-6.40
GTAGCTAC:GTAGCTAC	14	65.75	-6.38
GGTTAACA:TGTTAACC	78	157.84	-6.36
AGATATCG:CGATATCT	79	158.91	-6.34
CAGTACTG:CAGTACTG	22	77.27	-6.29
CTAATTAA:TTAATTAG	61	133.62	-6.28
CTCCGGAA:TTCCGGAG	117	207.28	-6.27
TCTGCAGA:TCTGCAGA	17	68.89	-6.25
GATGCATC:GATGCATC	22	76.27	-6.21
GTGCGCAA:TTGCGCAC	79	156.63	-6.20
TAGCGCTA:TAGCGCTA	15	64.98	-6.20
AAGATCTA:TAGATCTT	111	197.94	-6.18
ATGATCAG:CTGATCAT	150	246.26	-6.13
GCTTAAGA:TCTTAAGC	49	114.63	-6.13
GAGGCCTC:GAGGCCTC	6	48.38	-6.09
AAGTACTT:AAGTACTT	14	61.91	-6.09
AGATATCA:TGATATCT	86	163.87	-6.08
AAGCGCTG:CAGCGCTT	84	160.87	-6.06
CAACGTTA:TAACGTTG	98	178.86	-6.05
AATGCATC:GATGCATT	41	101.89	-6.03
TGCGCGCA:TGCGCGCA	5	45.78	-6.03
TTAGCTAA:TTAGCTAA	27	81.29	-6.02
ATTGCAAG:CTTGCAAT	101	182.16	-6.01
TCGGCCGA:TCGGCCGA	5	45.58	-6.01
CTCGCCCC:GGGGCGAG	160	256.06	-6.00
ATCTAGAC:GTCTAGAT	53	117.96	-5.98
ACTGCAGT:ACTGCAGT	12	57.01	-5.96
CGATATCA:TGATATCG	96	174.80	-5.96
GGGCGCCC:GGGCGCCC	17	65.00	-5.95
AGAATTCA:TGAATTCT	116	199.72	-5.92
ATCGCGAC:GTCGCGAT	83	157.09	-5.91
CGGATCCA:TGGATCCG	77	149.20	-5.91
AGGATCCT:AGGATCCT	9	50.93	-5.88
TACCGGTA:TACCGGTA	14	59.19	-5.87
TGACGTCA:TGACGTCA	18	65.53	-5.87
AACCGGTT:AACCGGTT	19	67.00	-5.86
CGGCGCCG:CGGCGCCG	13	57.40	-5.86
TGAGCTCA:TGAGCTCA	6	45.25	-5.84
TTATATAA:TTATATAA	16	61.56	-5.81
AAGCGCTA:TAGCGCTT	48	108.30	-5.79
ACCCGGGT:ACCCGGGT	11	53.28	-5.79
TAGGCCTA:TAGGCCTA	7	46.15	-5.76
GTCATGAA:TTCATGAC	55	117.00	-5.73
TTACGTAA:TTACGTAA	16	60.49	-5.72
CGCTAGCG:CGCTAGCG	12	53.99	-5.71
GATATATC:GATATATC	8	46.98	-5.69
CTAATTAC:GTAATTAG	42	98.08	-5.66
CTATATAG:CTATATAG	6	43.10	-5.65
AACGCGTT:AACGCGTT	9	48.19	-5.65
GGCCGGCC:GGCCGGCC	8	46.40	-5.64
GCCTAGGA:TCCTAGGC	57	118.22	-5.63
CAGATCTA:TAGATCTG	88	158.59	-5.61
AGAATTCG:CGAATTCT	87	157.22	-5.60
ATTATAAA:TTTATAAT	87	157.19	-5.60
ATAGCTAA:TTAGCTAT	48	105.32	-5.59
TTTCGAAA:TTTCGAAA	20	65.03	-5.58
GGCATGCC:GGCATGCC	6	42.04	-5.56
CGGGCCCG:CGGGCCCG	16	58.33	-5.54
TCAGCTGA:TCAGCTGA	19	62.97	-5.54
TCGCGCGA:TCGCGCGA	12	51.93	-5.54
AGTTAACC:GGTTAACT	96	167.32	-5.51
TCTATAGA:TCTATAGA	16	57.75	-5.49
CCTGCAGG:CCTGCAGG	8	44.70	-5.49
GTCTAGAA:TTCTAGAC	55	113.41	-5.48
GAGTACTC:GAGTACTC	9	46.31	-5.48
AAGGCCTG:CAGGCCTT	71	134.51	-5.48
AACCGGTG:CACCGGTT	48	103.78	-5.48
GCAGCTGC:GCAGCTGC	12	51.12	-5.47
GTCTAGAC:GTCTAGAC	14	53.98	-5.44
CTCCGGAC:GTCCGGAG	34	83.74	-5.44
AAGTACTG:CAGTACTT	24	69.17	-5.43
AAAAATTT:AAATTTTT	824	995.26	-5.43
CCTTAAGA:TCTTAAGG	67	127.97	-5.39
GACGCGTC:GACGCGTC	9	45.22	-5.39
ATGCGCAG:CTGCGCAT	41	92.76	-5.37
GCTGCAGA:TCTGCAGC	47	100.94	-5.37
AGAGCTCT:AGAGCTCT	14	52.48	-5.31
AGTTAACG:CGTTAACT	66	125.39	-5.30
GGGATCCA:TGGATCCC	84	148.23	-5.28
AGGATCCA:TGGATCCT	32	78.76	-5.27
GTCCGGAA:TTCCGGAC	51	104.61	-5.24
CTGCGCAC:GTGCGCAG	47	98.92	-5.22
AAGATCTC:GAGATCTT	161	242.20	-5.22
CGCCGGCA:TGCCGGCG	50	102.13	-5.16
AGCCGGCT:AGCCGGCT	9	42.46	-5.13
ATCATGAG:CTCATGAT	30	74.03	-5.12
AGGGTTTA:TAAACCCT	166	246.28	-5.12
CCTCGAGG:CCTCGAGG	7	38.46	-5.07
GGACGTCC:GGACGTCC	16	52.86	-5.07
CAGGCCTC:GAGGCCTG	29	72.00	-5.07
ACTTAAGG:CCTTAAGT	57	109.87	-5.04
AATATATA:TATATATT	41	88.43	-5.04
ATTCGAAT:ATTCGAAT	10	43.06	-5.04
AGCGCGCC:GGCGCGCT	64	118.86	-5.03
AGGTACCG:CGGTACCT	48	97.42	-5.01
GCAATGGC:GCCATTGC	268	363.42	-5.01
GCTATAGA:TCTATAGC	35	79.66	-5.00
GCGATCA :TGATCGC 	924	2058.96	-25.02
GCGATCC :GGATCGC 	657	1617.29	-23.88
AGATCGC :GCGATCT 	445	1131.60	-20.41
CGATCGA :TCGATCG 	187	648.68	-18.13
AATCGCC :GGCGATT 	962	1618.91	-16.33
AGCGATC :GATCGCT 	1134	1812.21	-15.94
CCGATCG :CGATCGG 	190	558.93	-15.61
CGCGATC :GATCGCG 	814	1212.56	-11.45
GGCGATA :TATCGCC 	535	863.69	-11.19
CATCGCC :GGCGATG 	1065	1497.64	-11.18
ACGATCG :CGATCGT 	255	499.31	-10.93
AAAAAAA :TTTTTTT 	1936	2467.73	-10.71
GATCGCA :TGCGATC 	1091	1432.46	-9.02
CCTCAGG :CCTGAGG 	187	343.98	-8.46
GCTCAGC :GCTGAGC 	164	312.90	-8.42
GGTCACC :GGTGACC 	402	599.00	-8.05
AAACCCC :GGGGTTT 	1021	1298.38	-7.70
AGGCGAG :CTCGCCT 	339	509.64	-7.56
CACCGCG :CGCGGTG 	190	317.17	-7.14
GCGAAGC :GCTTCGC 	244	379.32	-6.95
GCCAGGC :GCCTGGC 	438	609.39	-6.94
CTGGCGA :TCGCCAG 	941	1176.90	-6.88
CTTTTTA :TAAAAAG 	697	898.11	-6.71
AAAAACC :GGTTTTT 	1313	1578.86	-6.69
CCCCCCC :GGGGGGG 	332	469.08	-6.33
AAGCCCC :GGGGCTT 	675	859.56	-6.30
ATCCAGG :CCTGGAT 	616	791.73	-6.25
GGTAACC :GGTTACC 	230	345.69	-6.22
GCGGAGC :GCTCCGC 	144	239.68	-6.18
AGCAGCG :CGCTGCT 	345	477.93	-6.08
CTCCAGA :TCTGGAG 	514	670.94	-6.06
AAGTTGG :CCAACTT 	391	528.61	-5.99
CATTGGA :TCCAATG 	272	388.81	-5.92
AGGCCCC :GGGGCCT 	390	521.81	-5.77
GCTAAGC :GCTTAGC 	111	190.48	-5.76
AACCCTC :GAGGGTT 	700	867.99	-5.70
CCTGGCA :TGCCAGG 	472	611.67	-5.65
GCCCGGC :GCCGGGC 	316	432.11	-5.59
CATATTA :TAATATG 	105	178.85	-5.52
CCCGTTA :TAACGGG 	313	425.06	-5.44
AAAACCC :GGGTTTT 	1241	1447.63	-5.43
CCTTGGA :TCCAAGG 	555	697.17	-5.39
AGAGATC :GATCTCT 	316	427.05	-5.37
CACCAAG :CTTGGTG 	723	881.69	-5.34
ATGGTGG :CCACCAT 	795	959.09	-5.30
CTTCTTA :TAAGAAG 	123	197.04	-5.27
CATTAGA :TCTAATG 	156	237.15	-5.27
AGGCGAC :GTCGCCT 	445	570.81	-5.27
CAAAAAG :CTTTTTG 	1159	1352.33	-5.26
CTTTGCA :TGCAAAG 	345	456.66	-5.23
CCTCGGA :TCCGAGG 	245	340.80	-5.19
ACTCAGT :ACTGAGT 	231	324.36	-5.18
ATTTTCG :CGAAAAT 	984	1160.17	-5.17
CTCAAGA :TCTTGAG 	361	473.13	-5.16
AGGCGAA :TTCGCCT 	495	622.48	-5.11
CAGCGGA :TCCGCTG 	354	463.80	-5.10
ATATGTG :CACATAT 	102	167.75	-5.08
AGGGTTC :GAACCCT 	331	436.75	-5.06
CCCTGGA :TCCAGGG 	776	929.79	-5.04
CGGTCAG :CTGACCG 	265	360.56	-5.03
CTTCAAG :CTTGAAG 	348	455.38	-5.03
AATTTCC :GGAAATT 	1411	1612.39	-5.02
AAATTT  :AAATTT  	3516	16534.30	-101.49
CGATCG  :CGATCG  	6133	15582.34	-75.87
AATATT  :AATATT  	2056	9140.17	-74.20
TGGCCA  :TGGCCA  	1328	7015.05	-67.97
TTTAAA  :TTTAAA  	1806	7641.54	-66.83
CCATGG  :CCATGG  	1595	7288.42	-66.76
CGATCA  :TGATCG  	2853	9131.41	-65.79
GGGCCC  :GGGCCC  	158	4191.90	-62.34
ATCGAT  :ATCGAT  	1005	5339.73	-59.37
AGATCG  :CGATCT  	1568	6246.77	-59.25
AAGCTT  :AAGCTT  	1106	5182.11	-56.67
TCCGGA  :TCCGGA  	621	4331.70	-56.42
GGCGCC  :GGCGCC  	207	3574.03	-56.35
CGATCC  :GGATCG  	2241	6895.48	-56.11
GAATTC  :GAATTC  	785	4561.74	-55.96
CCCGGG  :CCCGGG  	511	4053.76	-55.68
TTGCAA  :TTGCAA  	1124	5088.66	-55.62
TTCGAA  :TTCGAA  	160	3315.39	-54.83
CTCGAG  :CTCGAG  	65	3072.94	-54.29
CAATTG  :CAATTG  	1154	4877.89	-53.36
ATTAAT  :ATTAAT  	1272	4960.69	-52.41
TGATCA  :TGATCA  	1538	5351.10	-52.17
CGGCCG  :CGGCCG  	198	2902.24	-50.22
TCTAGA  :TCTAGA  	587	3274.93	-46.99
CTGCAG  :CTGCAG  	301	2732.85	-46.54
TAATTA  :TAATTA  	632	3287.12	-46.33
GGATCC  :GGATCC  	509	3051.38	-46.05
GATATC  :GATATC  	731	3408.94	-45.89
AAATTG  :CAATTT  	4772	8980.67	-44.47
TCGCGA  :TCGCGA  	549	2933.56	-44.04
AGGCCT  :AGGCCT  	344	2574.89	-43.98
GGTACC  :GGTACC  	504	2821.21	-43.64
CAGCTG  :CAGCTG  	162	2135.69	-42.72
TGCGCA  :TGCGCA  	497	2724.59	-42.69
GCCGGC  :GCCGGC  	285	2347.14	-42.58
CCGCGG  :CCGCGG  	91	1946.62	-42.07
AACGTT  :AACGTT  	791	3116.53	-41.68
CCTAGG  :CCTAGG  	656	2751.03	-39.96
ACCGGT  :ACCGGT  	264	2087.82	-39.93
AAATTA  :TAATTT  	3956	7372.26	-39.83
AAATTC  :GAATTT  	5026	8684.76	-39.31
GTCGAC  :GTCGAC  	50	1636.38	-39.23
ATTAAA  :TTTAAT  	3087	6156.89	-39.16
TCATGA  :TCATGA  	452	2278.32	-38.27
GAGCTC  :GAGCTC  	183	1744.10	-37.39
GTTAAC  :GTTAAC  	589	2408.07	-37.08
AGCGCT  :AGCGCT  	450	2124.65	-36.34
CAATTC  :GAATTG  	2242	4717.16	-36.06
GCGCGC  :GCGCGC  	274	1690.77	-34.46
AGATCT  :AGATCT  	802	2504.25	-34.03
CGGCCA  :TGGCCG  	2279	4512.13	-33.27
CATCGC  :GCGATG  	2223	4425.38	-33.13
AATATC  :GATATT  	3124	5581.96	-32.93
CAATTA  :TAATTG  	1968	4004.28	-32.20
CCATGA  :TCATGG  	2039	4074.96	-31.91
CCCGGA  :TCCGGG  	2142	4190.43	-31.66
GTGCAC  :GTGCAC  	121	1205.10	-31.23
CCGATC  :GATCGG  	1725	3591.69	-31.16
ACCGGC  :GCCGGT  	749	2213.68	-31.14
AGGCCA  :TGGCCT  	2230	4250.06	-31.01
CTTAAG  :CTTAAG  	475	1775.95	-30.88
ATCGAA  :TTCGAT  	2208	4207.53	-30.84
ATGCAT  :ATGCAT  	225	1359.12	-30.77
AGTACT  :AGTACT  	199	1312.12	-30.74
GACGTC  :GACGTC  	178	1255.43	-30.41
ATTAAC  :GTTAAT  	1673	3456.25	-30.35
GTTAAA  :TTTAAC  	2308	4289.68	-30.28
CGCGCG  :CGCGCG  	163	1219.60	-30.26
TGTACA  :TGTACA  	315	1459.51	-29.96
TTATAA  :TTATAA  	398	1593.48	-29.96
CTTAAA  :TTTAAG  	1879	3683.89	-29.75
AAGCTA  :TAGCTT  	1050	2522.76	-29.33
GATCGA  :TCGATC  	2002	3776.47	-28.89
GAATTA  :TAATTC  	2080	3872.34	-28.82
ATATAT  :ATATAT  	322	1399.61	-28.81
ATTAAG  :CTTAAT  	1467	2968.16	-27.57
CGCGCA  :TGCGCG  	647	1822.88	-27.55
GCATGC  :GCATGC  	110	943.64	-27.14
GGGCCA  :TGGCCC  	3435	5422.76	-27.01
ATGCAA  :TTGCAT  	1259	2629.85	-26.74
CCCGAG  :CTCGGG  	174	1025.89	-26.60
ATCGAG  :CTCGAT  	2360	4050.76	-26.58
CTGCAA  :TTGCAG  	2111	3729.15	-26.51
CTATAG  :CTATAG  	233	1110.75	-26.34
TAGCTA  :TAGCTA  	311	1228.14	-26.18
GCTAGC  :GCTAGC  	313	1221.58	-26.00
CCTAGC  :GCTAGG  	740	1833.19	-25.54
CATATG  :CATATG  	106	843.80	-25.40
GCGCGA  :TCGCGC  	1031	2227.10	-25.35
GCGATA  :TATCGC  	1282	2559.85	-25.27
AATATA  :TATATT  	1123	2300.74	-24.56
CTTAAC  :GTTAAG  	952	2068.00	-24.55
AAGCTC  :GAGCTT  	1670	3006.35	-24.38
AGGCCC  :GGGCCT  	1902	3285.38	-24.15
AGCGCA  :TGCGCT  	1243	2405.99	-23.72
AGATCA  :TGATCT  	2231	3660.67	-23.64
AATATG  :CATATT  	1541	2777.13	-23.47
GAGCCC  :GGGCTC  	493	1340.28	-23.15
ATCGAC  :GTCGAT  	1699	2955.98	-23.13
AGCGCC  :GGCGCT  	1555	2755.64	-22.88
GTGCAA  :TTGCAC  	1344	2476.35	-22.76
CGTACG  :CGTACG  	56	622.88	-22.72
ACCGGA  :TCCGGT  	1796	3007.29	-22.10
CCTAGA  :TCTAGG  	1809	3001.57	-21.78
AGGCCG  :CGGCCT  	1602	2733.67	-21.65
ACATGT  :ACATGT  	83	617.87	-21.52
AAGCTG  :CAGCTT  	2087	3326.77	-21.51
AGCGCG  :CGCGCT  	750	1609.73	-21.43
ACGATC  :GATCGT  	1541	2631.72	-21.27
ACTAGT  :ACTAGT  	82	601.35	-21.18
GCTAGA  :TCTAGC  	1056	2000.15	-21.12
CATATC  :GATATG  	829	1696.01	-21.06
ACGCGT  :ACGCGT  	85	600.88	-21.05
CCCGGC  :GCCGGG  	1919	3084.60	-21.00
AATCGC  :GCGATT  	2403	3654.64	-20.72
CTATAA  :TTATAG  	575	1330.40	-20.71
GATATA  :TATATC  	631	1405.08	-20.65
AACGTC  :GACGTT  	1075	1978.02	-20.31
GGTACA  :TGTACC  	1117	2029.18	-20.26
ACATGG  :CCATGT  	1194	2122.09	-20.15
CTCGAC  :GTCGAG  	1289	2242.43	-20.14
GTATAC  :GTATAC  	59	509.13	-19.95
ACTAGG  :CCTAGT  	575	1286.21	-19.83
AGTACC  :GGTACT  	1070	1923.99	-19.47
CCATGC  :GCATGG  	1631	2622.53	-19.37
AACGTG  :CACGTT  	487	1128.51	-19.10
ACATGC  :GCATGT  	236	763.57	-19.09
TACGTA  :TACGTA  	81	510.17	-19.00
AACGTA  :TACGTT  	598	1260.94	-18.67
GCCGGA  :TCCGGC  	2179	3188.59	-17.89
CAGCTA  :TAGCTG  	902	1619.54	-17.83
CGTACA  :TGTACG  	404	953.46	-17.80
ATATAA  :TTATAT  	807	1493.40	-17.77
TATATA  :TATATA  	156	579.13	-17.58
ATGCAC  :GTGCAT  	651	1279.79	-17.58
GGATCA  :TGATCC  	2932	4040.82	-17.45
GGCGCA  :TGCGCC  	2153	3120.54	-17.33
GTCGAA  :TTCGAC  	1494	2329.21	-17.31
GCATGA  :TCATGC  	811	1466.26	-17.12
CAGCTC  :GAGCTG  	1193	1929.99	-16.78
AGTACA  :TGTACT  	762	1383.85	-16.72
ATATAG  :CTATAT  	658	1246.84	-16.68
CCGCGA  :TCGCGG  	1580	2389.67	-16.57
ACGCGA  :TCGCGT  	730	1327.67	-16.41
GAGCTA  :TAGCTC  	843	1463.56	-16.22
ACCGGG  :CCCGGT  	2036	2909.21	-16.20
ACTAGA  :TCTAGT  	801	1403.35	-16.08
CGGCCC  :GGGCCG  	2541	3487.96	-16.04
AGCGAT  :ATCGCT  	2596	3548.01	-15.99
ATATAC  :GTATAT  	383	844.15	-15.87
ATGCAG  :CTGCAT  	1238	1927.24	-15.70
CTGCAC  :GTGCAG  	1151	1814.76	-15.59
GGCGAA  :TTCGCC  	2554	3458.18	-15.38
ACGCGC  :GCGCGT  	523	1007.94	-15.28
GGCGAC  :GTCGCC  	2342	3196.59	-15.12
CACGTG  :CACGTG  	103	408.64	-15.12
ACGCGG  :CCGCGT  	586	1081.52	-15.07
GTATAA  :TTATAC  	481	900.72	-13.99
ATCGCG  :CGCGAT  	1737	2407.09	-13.66
ATTCGA  :TCGAAT  	921	1415.20	-13.14
ATTCTA  :TAGAAT  	978	1482.21	-13.10
AAAAAA  :TTTTTT  	8078	9333.67	-13.01
ATTTTA  :TAAAAT  	2848	3628.52	-12.96
CGTACC  :GGTACG  	855	1325.62	-12.93
CCGCGC  :GCGCGG  	1268	1814.19	-12.83
ACATGA  :TCATGT  	749	1186.46	-12.70
AGTACG  :CGTACT  	532	904.04	-12.38
CTCGAA  :TTCGAG  	2500	3191.87	-12.25
AGGCGG  :CCGCCT  	1626	2198.57	-12.22
ATCGCA  :TGCGAT  	2052	2675.51	-12.06
ATTGTA  :TACAAT  	892	1298.16	-11.28
ATTATA  :TATAAT  	504	824.81	-11.17
ACTAGC  :GCTAGT  	534	857.09	-11.04
AGATCC  :GGATCT  	2185	2764.31	-11.02
GAAATC  :GATTTC  	2625	3252.05	-11.00
CACGTC  :GACGTG  	426	716.25	-10.85
ATAGGG  :CCCTAT  	1039	1429.47	-10.33
CATATA  :TATATG  	426	699.05	-10.33
CACGTA  :TACGTG  	236	456.59	-10.32
ACTTCG  :CGAAGT  	1010	1394.54	-10.30
CCCCGC  :GCGGGG  	1804	2283.61	-10.04
GACGTA  :TACGTC  	518	800.30	-9.98
CCCGCC  :GGCGGG  	2203	2716.76	-9.86
CTTCGC  :GCGAAG  	1249	1643.04	-9.72
CGCGCC  :GGCGCG  	1647	2087.79	-9.65
CTCGCC  :GGCGAG  	2091	2577.84	-9.59
CCCCCC  :GGGGGG  	2259	2762.41	-9.58
ACCAGG  :CCTGGT  	1836	2293.81	-9.56
GTGATA  :TATCAC  	750	1058.08	-9.47
CGGCGA  :TCGCCG  	4200	4854.27	-9.40
ATTGGA  :TCCAAT  	1322	1705.52	-9.29
GAAAAC  :GTTTTC  	2535	3041.16	-9.18
ATTTCG  :CGAAAT  	2155	2584.24	-8.45
CTTTTC  :GAAAAG  	2306	2747.64	-8.43
CTATAC  :GTATAG  	521	752.01	-8.42
AAAATT  :AATTTT  	7582	8349.35	-8.41
GCCGCA  :TGCGGC  	2408	2839.47	-8.10
ACTTTG  :CAAAGT  	2081	2482.27	-8.06
GAGGGA  :TCCCTC  	1461	1790.46	-7.79
CCTGGC  :GCCAGG  	2389	2798.51	-7.74
ATAGAA  :TTCTAT  	1068	1351.65	-7.72
ACCTGG  :CCAGGT  	1792	2149.63	-7.72
AAAAGG  :CCTTTT  	2667	3096.07	-7.71
ATCCGG  :CCGGAT  	1937	2306.79	-7.70
ACCTAG  :CTAGGT  	674	905.18	-7.68
CCCCTC  :GAGGGG  	2009	2383.77	-7.68
ACTGGG  :CCCAGT  	2100	2481.21	-7.66
AAGTTG  :CAACTT  	1729	2077.63	-7.65
AAGCCA  :TGGCTT  	2829	3265.29	-7.64
ATTTGA  :TCAAAT  	2416	2819.47	-7.60
ATCGGA  :TCCGAT  	814	1059.62	-7.55
ATTGCA  :TGCAAT  	1596	1927.04	-7.54
CTTCTC  :GAGAAG  	1228	1521.96	-7.54
CTAATC  :GATTAG  	1047	1312.82	-7.34
CTCTAA  :TTAGAG  	1085	1354.89	-7.33
ATGATA  :TATCAT  	761	991.50	-7.32
AAAGTG  :CACTTT  	1533	1844.22	-7.25
ACCGAA  :TTCGGT  	1768	2096.80	-7.18
GCCCGA  :TCGGGC  	1167	1438.74	-7.17
GAGAAC  :GTTCTC  	1003	1254.77	-7.11
AATCAA  :TTGATT  	3730	4186.99	-7.07
ATGGTA  :TACCAT  	1108	1368.56	-7.04
CTATTC  :GAATAG  	831	1059.25	-7.01
CTTGGC  :GCCAAG  	3135	3549.42	-6.96
TGTCAA  :TTGACA  	1363	1644.19	-6.94
GGTCAC  :GTGACC  	1476	1767.18	-6.93
CGCAAG  :CTTGCG  	909	1140.51	-6.86
GAAATA  :TATTTC  	2072	2402.87	-6.75
GATGAC  :GTCATC  	1748	2053.79	-6.75
ACCCGG  :CCGGGT  	1208	1465.73	-6.73
CATACG  :CGTATG  	189	305.60	-6.67
ATCTGG  :CCAGAT  	2137	2467.26	-6.65
ATTGGG  :CCCAAT  	3065	3455.78	-6.65
ACAGGG  :CCCTGT  	1595	1881.53	-6.61
CGAGCG  :CGCTCG  	535	710.33	-6.58
CGCTAG  :CTAGCG  	571	750.80	-6.56
AGCCCC  :GGGGCT  	2032	2349.95	-6.56
GAAGAC  :GTCTTC  	1271	1524.32	-6.49
CACTTA  :TAAGTG  	461	622.87	-6.49
CACCAA  :TTGGTG  	3519	3924.38	-6.47
GAGGCA  :TGCCTC  	1191	1433.61	-6.41
CGTTAG  :CTAACG  	631	811.54	-6.34
ATATTA  :TAATAT  	1149	1384.16	-6.32
AGGGCG  :CGCCCT  	2028	2332.92	-6.32
GACGCC  :GGCGTC  	1224	1465.48	-6.31
AAAGGG  :CCCTTT  	2231	2549.36	-6.31
CGTAAG  :CTTACG  	454	608.62	-6.27
ACAATG  :CATTGT  	1980	2277.44	-6.23
GAACAC  :GTGTTC  	675	856.49	-6.20
ACTATG  :CATAGT  	843	1043.21	-6.20
CCTGTC  :GACAGG  	1010	1226.54	-6.18
ACTGAA  :TTCAGT  	1426	1678.29	-6.16
CCTCCC  :GGGAGG  	1379	1626.10	-6.13
GCCGAC  :GTCGGC  	1719	1992.04	-6.12
AAACTG  :CAGTTT  	2581	2906.19	-6.03
GAGTTA  :TAACTC  	839	1032.67	-6.03
GCCTGA  :TCAGGC  	1334	1571.13	-5.98
AATCCA  :TGGATT  	2524	2840.89	-5.95
CCCAGC  :GCTGGG  	2772	3100.72	-5.91
AGGGCC  :GGCCCT  	1565	1814.52	-5.86
CTCCGC  :GCGGAG  	1055	1261.58	-5.82
CTCTGA  :TCAGAG  	792	973.35	-5.81
CCACCC  :GGGTGG  	2123	2407.80	-5.81
GATTCC  :GGAATC  	1822	2086.84	-5.80
ACATTG  :CAATGT  	1984	2258.87	-5.79
CCGCTC  :GAGCGG  	1151	1364.12	-5.77
ATTAGA  :TCTAAT  	1145	1357.13	-5.76
CAAATA  :TATTTG  	1943	2211.56	-5.71
ACAAGG  :CCTTGT  	1190	1403.23	-5.69
AGCTTC  :GAAGCT  	1603	1846.92	-5.68
ATGGCG  :CGCCAT  	2858	3177.47	-5.67
ACATCG  :CGATGT  	1658	1903.67	-5.63
AATGCA  :TGCATT  	1167	1375.40	-5.62
CTAGGC  :GCCTAG  	1004	1198.48	-5.62
GGTAAC  :GTTACC  	1214	1426.14	-5.62
AATGTG  :CACATT  	1403	1629.76	-5.62
CTTTGC  :GCAAAG  	2493	2788.77	-5.60
CTACCC  :GGGTAG  	1067	1266.15	-5.60
ACTGGA  :TCCAGT  	1294	1511.52	-5.60
AAACGG  :CCGTTT  	2546	2844.19	-5.59
ATATGG  :CCATAT  	836	1012.08	-5.54
TGGTAA  :TTACCA  	1964	2225.03	-5.54
CATAAG  :CTTATG  	390	513.89	-5.47
GACTGC  :GCAGTC  	999	1186.42	-5.44
ATAGCA  :TGCTAT  	684	841.29	-5.42
CAAAAG  :CTTTTG  	2951	3260.34	-5.42
ACTTGG  :CCAAGT  	1655	1886.42	-5.33
GACATC  :GATGTC  	1499	1719.29	-5.31
GCTTGA  :TCAAGC  	2064	2317.52	-5.27
GGCACC  :GGTGCC  	2354	2622.56	-5.25
ACGCTG  :CAGCGT  	948	1123.64	-5.24
CGACCG  :CGGTCG  	937	1111.18	-5.23
CACAAG  :CTTGTG  	833	997.80	-5.22
GATTGC  :GCAATC  	2088	2338.87	-5.19
ATCATA  :TATGAT  	945	1118.12	-5.18
ACTCTA  :TAGAGT  	698	847.95	-5.15
ACGTCG  :CGACGT  	565	700.87	-5.13
AATGAA  :TTCATT  	1872	2105.83	-5.10
GCCAAC  :GTTGGC  	2746	3024.97	-5.07
ATGACG  :CGTCAT  	1127	1310.29	-5.06
ACGTTG  :CAACGT  	1088	1268.33	-5.06
ACCAAA  :TTTGGT  	3357	3663.25	-5.06
AGACGG  :CCGTCT  	998	1171.10	-5.06
GCAGAC  :GTCTGC  	1066	1244.34	-5.06
ACTCAA  :TTGAGT  	1723	1944.52	-5.02
CTCCAC  :GTGGAG  	1233	1422.29	-5.02
GCACAC  :GTGTGC  	422	538.47	-5.02
GAGCAC  :GTGCTC  	937	1103.11	-5.00
GGACC   :GGTCC   	429	3924.93	-55.83
AATCG   :CGATT   	7748	11716.90	-36.73
TCGCA   :TGCGA   	4934	7824.63	-32.72
GCGAA   :TTCGC   	6187	8787.69	-27.78
AAATG   :CATTT   	9202	11790.23	-23.88
ATTTG   :CAAAT   	11283	14042.10	-23.33
TCCGA   :TCGGA   	3426	4997.46	-22.25
CACCC   :GGGTG   	7392	9495.18	-21.61
CTCGC   :GCGAG   	4612	6273.33	-20.99
ATCGG   :CCGAT   	7872	9936.54	-20.74
CTTTC   :GAAAG   	6313	8080.96	-19.69
ACGAT   :ATCGT   	5768	7442.64	-19.43
AATAG   :CTATT   	4803	6340.60	-19.33
CTTGC   :GCAAG   	5652	7280.34	-19.10
CCTCC   :GGAGG   	5793	7438.52	-19.10
CCGCC   :GGCGG   	10835	12988.53	-18.93
ATGGG   :CCCAT   	7688	9500.26	-18.62
TAGCA   :TGCTA   	3201	4423.23	-18.39
CTGGC   :GCCAG   	8944	10843.89	-18.27
ACAAG   :CTTGT   	4457	5851.74	-18.25
TGACA   :TGTCA   	4829	6271.01	-18.23
CCTTC   :GAAGG   	5697	7217.71	-17.92
CCATC   :GATGG   	8690	10445.26	-17.20
TCCCA   :TGGGA   	8676	10393.00	-16.87
TAATA   :TATTA   	4155	5391.26	-16.85
CAACC   :GGTTG   	8528	10203.51	-16.61
AGCGA   :TCGCT   	6543	7965.06	-15.95
CCCCC   :GGGGG   	10879	12588.35	-15.26
TCAGA   :TCTGA   	4719	5885.52	-15.22
AAGCA   :TGCTT   	7298	8711.84	-15.17
GCGAC   :GTCGC   	5719	6936.90	-14.64
ACTTG   :CAAGT   	4818	5944.62	-14.62
ATAAG   :CTTAT   	2679	3525.24	-14.26
CACTC   :GAGTG   	2805	3648.07	-13.97
ACCAG   :CTGGT   	7331	8614.59	-13.85
ATTAG   :CTAAT   	4582	5603.67	-13.66
CTCCC   :GGGAG   	6695	7896.77	-13.54
TAAGA   :TCTTA   	2786	3594.91	-13.50
CCTGC   :GCAGG   	5821	6944.47	-13.50
CGAGC   :GCTCG   	3411	4290.76	-13.44
TCCAA   :TTGGA   	7587	8837.00	-13.31
TAGGA   :TCCTA   	2942	3748.42	-13.18
AAGGG   :CCCTT   	7750	8998.24	-13.18
TAACA   :TGTTA   	3576	4425.11	-12.77
TCTCA   :TGAGA   	4697	5644.76	-12.63
ATTGG   :CCAAT   	10979	12379.37	-12.61
CATTC   :GAATG   	5333	6326.98	-12.51
CTTCC   :GGAAG   	6542	7624.32	-12.41
ACTCG   :CGAGT   	2876	3621.84	-12.40
AACGA   :TCGTT   	5919	6937.74	-12.24
CGATA   :TATCG   	5427	6400.21	-12.18
TGGAA   :TTCCA   	7556	8686.51	-12.15
ATGAG   :CTCAT   	3864	4681.34	-11.95
CGGTC   :GACCG   	3917	4726.05	-11.78
CAGCC   :GGCTG   	7491	8549.66	-11.46
AGGCA   :TGCCT   	6149	7110.11	-11.41
AGACG   :CGTCT   	3459	4193.08	-11.34
TATCA   :TGATA   	4782	5628.98	-11.30
CCCAC   :GTGGG   	7575	8618.60	-11.26
CAATC   :GATTG   	8960	10083.19	-11.20
CTGTC   :GACAG   	4596	5415.81	-11.15
AAAAG   :CTTTT   	12394	13676.69	-10.99
AAACG   :CGTTT   	7737	8748.08	-10.82
ACTGG   :CCAGT   	7089	8058.83	-10.82
TAAAA   :TTTTA   	12157	13403.51	-10.79
CCAGC   :GCTGG   	8859	9927.75	-10.74
GAGCC   :GGCTC   	4829	5624.22	-10.61
TCACA   :TGTGA   	4569	5336.34	-10.51
AACCG   :CGGTT   	6923	7832.54	-10.29
CAGTC   :GACTG   	4568	5317.18	-10.28
ATACG   :CGTAT   	1926	2429.98	-10.23
CTGCC   :GGCAG   	8070	9036.07	-10.18
CCTAA   :TTAGG   	4330	5041.12	-10.02
AATGA   :TCATT   	7244	8139.24	-9.93
AGATG   :CATCT   	5384	6160.46	-9.90
TTCAA   :TTGAA   	9830	10830.88	-9.63
TACCA   :TGGTA   	5799	6572.81	-9.55
CTACC   :GGTAG   	4517	5200.84	-9.49
CACGC   :GCGTG   	2110	2592.31	-9.48
AAGAG   :CTCTT   	4673	5353.85	-9.31
TGAAA   :TTTCA   	9796	10746.57	-9.18
CTCTC   :GAGAG   	3480	4059.99	-9.11
ATAGA   :TCTAT   	4028	4644.79	-9.06
CATAC   :GTATG   	1997	2440.53	-8.98
GAACC   :GGTTC   	5649	6359.30	-8.92
AACAT   :ATGTT   	5543	6236.27	-8.79
CGCCC   :GGGCG   	10535	11471.02	-8.75
ATCTG   :CAGAT   	6824	7574.45	-8.63
ATTCG   :CGAAT   	5615	6297.90	-8.61
ATCAG   :CTGAT   	7085	7838.45	-8.52
CCACC   :GGTGG   	11125	12031.27	-8.28
AACTA   :TAGTT   	4120	4665.54	-7.99
CCCGA   :TCGGG   	6095	6735.16	-7.81
TGCCA   :TGGCA   	10465	11290.32	-7.78
TGTAA   :TTACA   	4550	5093.05	-7.62
AGCCG   :CGGCT   	5811	6418.42	-7.59
AGGGA   :TCCCT   	6790	7442.54	-7.57
CCGTC   :GACGG   	6255	6881.42	-7.56
CGGGC   :GCCCG   	6613	7246.11	-7.45
ACACG   :CGTGT   	1448	1759.61	-7.43
AGTCA   :TGACT   	4711	5233.23	-7.22
AAGCG   :CGCTT   	6600	7209.27	-7.18
AGTCG   :CGACT   	4042	4512.99	-7.02
GACTC   :GAGTC   	3221	3637.21	-6.90
AAAAC   :GTTTT   	13718	14547.35	-6.89
AACTT   :AAGTT   	7093	7694.64	-6.87
GAGGC   :GCCTC   	6287	6843.05	-6.73
CTATC   :GATAG   	4083	4516.81	-6.46
GCGGA   :TCCGC   	5476	5972.52	-6.43
CGAAC   :GTTCG   	4059	4476.75	-6.25
CGCTC   :GAGCG   	3974	4374.11	-6.05
GTCAA   :TTGAC   	8065	8609.39	-5.87
CGTTC   :GAACG   	4172	4565.73	-5.83
AACCA   :TGGTT   	9928	10524.97	-5.83
ATCTA   :TAGAT   	4963	5386.98	-5.78
CGTGC   :GCACG   	2496	2795.93	-5.67
GAATC   :GATTC   	7067	7557.90	-5.65
ACGCC   :GGCGT   	5579	6003.21	-5.48
ACGGA   :TCCGT   	4526	4907.53	-5.45
ACCTG   :CAGGT   	5461	5877.98	-5.44
CTCAC   :GTGAG   	4121	4481.76	-5.39
AGCAT   :ATGCT   	5212	5609.75	-5.31
AGTAG   :CTACT   	3136	3447.72	-5.31
AAAGG   :CCTTT   	9555	10087.23	-5.31
GGCAC   :GTGCC   	6167	6592.28	-5.24
CAGGC   :GCCTG   	7454	7910.25	-5.14
CCAAA   :TTTGG   	15773	16417.19	-5.04
GGCC    :GGCC    	16017	88610.40	-247.08
AATT    :AATT    	26131	101914.19	-240.99
GATC    :GATC    	22992	81783.44	-208.07
CCGG    :CCGG    	12502	59235.95	-193.69
TCGA    :TCGA    	12830	59677.67	-193.46
TTAA    :TTAA    	15508	63253.81	-191.61
GCGC    :GCGC    	9312	51995.46	-188.62
CGCG    :CGCG    	6717	44955.09	-181.54
TGCA    :TGCA    	9525	49167.49	-180.07
AATC    :GATT    	38756	91295.64	-176.24
AGCT    :AGCT    	9507	41686.39	-158.57
CATG    :CATG    	8900	39970.49	-156.32
CCGA    :TCGG    	25452	59456.40	-140.68
ATAT    :ATAT    	10723	37008.10	-137.38
AGCC    :GGCT    	28150	60777.03	-133.53
TATA    :TATA    	4437	23873.29	-126.23
CTAG    :CTAG    	7153	28166.20	-125.72
ACGT    :ACGT    	4493	23797.96	-125.58
AATG    :CATT    	32444	63824.45	-125.38
GTAC    :GTAC    	5814	25300.08	-122.96
CGCA    :TGCG    	21507	47014.14	-118.45
GGCA    :TGCC    	36717	66005.69	-115.11
ACGC    :GCGT    	14059	35176.50	-113.18
CTAA    :TTAG    	19545	42209.23	-111.00
ATAA    :TTAT    	24288	48382.88	-110.32
GATA    :TATC    	21170	44186.42	-110.21
CATC    :GATG    	31310	57174.50	-109.08
CCGC    :GCGG    	30418	55497.75	-107.33
AGCG    :CGCT    	21893	43289.90	-103.49
ATAC    :GTAT    	12586	30599.15	-103.44
ACGA    :TCGT    	19064	37685.63	-96.46
CATA    :TATG    	14376	30890.56	-94.39
ATAG    :CTAT    	15818	32285.87	-92.08
GTAA    :TTAC    	22076	40004.08	-90.16
AGCA    :TGCT    	26456	45272.68	-89.02
AATA    :TATT    	29718	49325.72	-88.93
GCGA    :TCGC    	36086	55704.29	-83.80
CGCC    :GGCG    	42353	63114.88	-83.41
CTAC    :GTAG    	15009	26694.70	-71.80
ACGG    :CCGT    	24994	37545.90	-65.14
CACG    :CGTG    	12373	16602.51	-32.90
GGAC    :GTCC    	14501	19011.97	-32.81
CTTA    :TAAG    	14068	18205.13	-30.74
CGAA    :TTCG    	25877	31206.46	-30.31
GACC    :GGTC    	20523	25022.84	-28.55
ACAC    :GTGT    	11721	15185.11	-28.17
TCCA    :TGGA    	26623	30851.09	-24.18
AGAT    :ATCT    	26999	31251.76	-24.17
CTGA    :TCAG    	23997	27363.49	-20.43
AACC    :GGTT    	34013	37479.81	-18.01
CGAG    :CTCG    	18473	20888.72	-16.77
TGAA    :TTCA    	29799	32803.47	-16.67
GAAC    :GTTC    	21234	23770.99	-16.51
CCCG    :CGGG    	28015	30887.46	-16.42
GAGC    :GCTC    	19083	21448.52	-16.20
ACCT    :AGGT    	20038	22208.70	-14.61
GCCC    :GGGC    	37716	40627.97	-14.53
CCAA    :TTGG    	48840	52051.86	-14.19
CAAA    :TTTG    	52852	56176.49	-14.14
ATTC    :GAAT    	29872	32061.35	-12.28
ATCC    :GGAT    	32250	34406.29	-11.68
AGTG    :CACT    	16802	18355.72	-11.50
CAGA    :TCTG    	26704	28327.37	-9.69
CGGA    :TCCG    	20787	22197.67	-9.50
CCTA    :TAGG    	16682	17850.00	-8.77
GTTA    :TAAC    	17582	18771.56	-8.71
ACCC    :GGGT    	30562	32072.86	-8.48
CACA    :TGTG    	19089	20260.84	-8.26
AAGG    :CCTT    	29047	30397.83	-7.78
TACA    :TGTA    	14142	15069.15	-7.57
GCTA    :TAGC    	15969	16885.12	-7.07
AGGC    :GCCT    	26966	28132.65	-6.98
ATTG    :CAAT    	39853	41071.20	-6.05
AAGT    :ACTT    	21498	22334.97	-5.62
AAAG    :CTTT    	38250	39352.95	-5.59
GGA     :TCC     	104794	123708.52	-54.77
GAA     :TTC     	122739	140382.09	-48.08
AAG     :CTT     	110144	122888.32	-37.02
AGG     :CCT     	100971	108292.53	-22.61
ACA     :TGT     	81889	87681.90	-19.82
CTC     :GAG     	82158	87583.80	-18.57
GAC     :GTC     	75824	79744.20	-14.05
CAC     :GTG     	82418	84803.32	-8.29
CCC     :GGG     	145818	147937.14	-5.63
