N = 2056355
TTTTAAAA:TTTTAAAA	338	1334.70	-27.29
AAAATTTT:AAAATTTT	276	1163.31	-26.02
AAATATTT:AAATATTT	169	641.80	-18.67
TTTATAAA:TTTATAAA	156	571.34	-17.38
AAGGCCTT:AAGGCCTT	102	478.16	-17.20
AATATATT:AATATATT	99	431.15	-16.00
AAGCGCTT:AAGCGCTT	82	385.66	-15.46
CGATATCG:CGATATCG	129	453.15	-15.23
CAATATTG:CAATATTG	110	413.64	-14.93
AAAGCTTT:AAAGCTTT	100	389.82	-14.68
ATCGCGAT:ATCGCGAT	98	379.34	-14.45
GCCATGGC:GCCATGGC	84	337.60	-13.80
TTGGCCAA:TTGGCCAA	98	351.89	-13.54
ATCATGAT:ATCATGAT	79	321.23	-13.52
GAATATTC:GAATATTC	78	316.92	-13.42
TGATATCA:TGATATCA	100	349.15	-13.33
ATGGCCAT:ATGGCCAT	73	304.62	-13.27
ATTATAAT:ATTATAAT	84	313.80	-12.97
GGCGCGCC:GGCGCGCC	64	278.67	-12.86
CTTTAAAG:CTTTAAAG	70	283.04	-12.66
CTTTAAAA:TTTTAAAG	301	614.63	-12.65
AAATATTG:CAATATTT	236	515.24	-12.30
ATAATTAT:ATAATTAT	74	277.53	-12.22
AACCGGTT:AACCGGTT	64	259.21	-12.13
TAAATTTA:TAAATTTA	68	265.35	-12.12
ATAGCTAT:ATAGCTAT	78	278.06	-12.00
ATTTAAAA:TTTTAAAT	279	559.53	-11.86
TTCATGAA:TTCATGAA	68	256.17	-11.76
TTGATCAA:TTGATCAA	60	238.26	-11.55
GAAATTTC:GAAATTTC	67	248.75	-11.52
TAATATTA:TAATATTA	60	236.94	-11.50
GGATATCC:GGATATCC	56	230.04	-11.48
ATTTAAAT:ATTTAAAT	60	234.56	-11.40
AAATATTC:GAATATTT	212	451.00	-11.26
ATTATAAA:TTTATAAT	192	423.43	-11.25
AAAATTTC:GAAATTTT	279	537.93	-11.17
AAAATTTA:TAAATTTT	293	555.60	-11.14
TTATATAA:TTATATAA	64	231.97	-11.03
AACGCGTT:AACGCGTT	59	223.67	-11.01
CTGATCAG:CTGATCAG	42	194.57	-10.94
TTTCGAAA:TTTCGAAA	59	221.26	-10.91
GCGGCCGC:GCGGCCGC	44	188.86	-10.54
CAGGCCTG:CAGGCCTG	17	140.25	-10.41
TTTGCAAA:TTTGCAAA	70	225.33	-10.35
AAGATCTT:AAGATCTT	35	169.48	-10.33
CGATATCA:TGATATCG	193	397.76	-10.27
ATGATCAT:ATGATCAT	20	142.50	-10.26
CCGATCGG:CCGATCGG	40	174.65	-10.19
GCTATAGC:GCTATAGC	42	176.47	-10.12
CACCGGTG:CACCGGTG	32	158.38	-10.04
GCGATCGC:GCGATCGC	49	184.58	-9.98
AGATATCG:CGATATCT	106	266.22	-9.82
TCGATCGA:TCGATCGA	22	136.71	-9.81
AGCGCGCT:AGCGCGCT	46	173.91	-9.70
TATCGATA:TATCGATA	48	176.10	-9.65
CAATATTA:TAATATTG	143	313.06	-9.61
AAAATTTG:CAAATTTT	193	377.17	-9.48
GCGCGCGC:GCGCGCGC	48	171.37	-9.42
CGGGCCCG:CGGGCCCG	37	149.64	-9.21
TCAATTGA:TCAATTGA	40	154.24	-9.20
ATGGCCAA:TTGGCCAT	163	327.40	-9.09
TTCGCGAA:TTCGCGAA	41	152.68	-9.04
GATATATC:GATATATC	40	151.04	-9.04
AAATATTA:TAATATTT	213	389.96	-8.96
TCAGCTGA:TCAGCTGA	33	138.12	-8.94
GGATATCA:TGATATCC	133	283.41	-8.93
CCATATGG:CCATATGG	47	159.61	-8.91
CGATATCC:GGATATCG	163	322.87	-8.90
GTCATGAC:GTCATGAC	40	148.12	-8.88
GAAATTTA:TAAATTTC	115	256.92	-8.85
TGAATTCA:TGAATTCA	35	138.45	-8.79
ATCATGAA:TTCATGAT	138	286.86	-8.79
GTTTAAAA:TTTTAAAC	149	301.14	-8.77
CAGCGCTG:CAGCGCTG	15	104.56	-8.76
GAATATTA:TAATATTC	131	274.03	-8.64
CTGGCCAG:CTGGCCAG	43	146.00	-8.52
CTGGCCAA:TTGGCCAG	99	226.66	-8.48
AGAATTCT:AGAATTCT	27	119.68	-8.47
ACGATCGT:ACGATCGT	17	101.74	-8.40
CCAATTGG:CCAATTGG	43	143.46	-8.39
CAATATTC:GAATATTG	203	362.06	-8.36
GTTGCAAC:GTTGCAAC	35	130.49	-8.36
AGATATCA:TGATATCT	106	233.69	-8.35
ATTGCAAT:ATTGCAAT	42	141.06	-8.34
AGATATCT:AGATATCT	53	156.41	-8.27
CCGCGCGG:CCGCGCGG	34	127.16	-8.26
TCGGCCGA:TCGGCCGA	11	88.67	-8.25
ATCCGGAT:ATCCGGAT	29	117.81	-8.18
AAAGCTTG:CAAGCTTT	82	195.37	-8.11
CGCGCGCG:CGCGCGCG	27	113.16	-8.10
GATGCATC:GATGCATC	33	121.80	-8.05
ATTTAAAG:CTTTAAAT	129	257.66	-8.02
CTTATAAA:TTTATAAG	88	201.55	-8.00
CAAATTTG:CAAATTTG	34	122.29	-7.98
GCAGCTGC:GCAGCTGC	16	92.28	-7.94
TCATATGA:TCATATGA	27	109.90	-7.91
CTGATCAA:TTGATCAG	100	215.31	-7.86
ATGCGCAT:ATGCGCAT	36	123.14	-7.85
GTTGCAAA:TTTGCAAC	69	171.48	-7.83
GCAATTGC:GCAATTGC	25	105.26	-7.82
TGCGCGCA:TGCGCGCA	18	93.73	-7.82
AAACGTTT:AAACGTTT	18	93.68	-7.82
AATCGATT:AATCGATT	33	117.52	-7.80
TCTTAAGA:TCTTAAGA	20	96.46	-7.79
ACCATGGT:ACCATGGT	20	96.37	-7.78
ATCGCGAA:TTCGCGAT	120	240.66	-7.78
GCCGCGGC:GCCGCGGC	24	101.84	-7.71
CGGTACCG:CGGTACCG	18	91.21	-7.67
AGCGCGCC:GGCGCGCT	107	220.14	-7.63
ATCGCGAC:GTCGCGAT	94	202.32	-7.62
TACCGGTA:TACCGGTA	27	104.00	-7.55
TGGCGCCA:TGGCGCCA	32	111.68	-7.54
CCAGCTGG:CCAGCTGG	27	103.40	-7.51
TTGCGCAA:TTGCGCAA	26	101.21	-7.48
GTCATGAA:TTCATGAC	91	194.79	-7.44
TGACGTCA:TGACGTCA	18	87.55	-7.43
AATATATC:GATATATT	137	255.19	-7.40
CCCATGGG:CCCATGGG	20	89.67	-7.36
CTTGCAAG:CTTGCAAG	29	103.76	-7.34
GATCGATC:GATCGATC	25	96.29	-7.27
TTCCGGAA:TTCCGGAA	22	90.76	-7.22
ATTGCAAA:TTTGCAAT	82	178.29	-7.21
CAGATCTG:CAGATCTG	13	75.72	-7.21
CGAATTCG:CGAATTCG	27	98.38	-7.20
ACCATGGC:GCCATGGT	84	180.37	-7.18
ATAGCTAA:TTAGCTAT	60	146.92	-7.17
GAAGCTTC:GAAGCTTC	13	74.56	-7.13
ATCATGAC:GTCATGAT	113	218.13	-7.12
GTCGCGAC:GTCGCGAC	34	107.90	-7.11
AACATGTT:AACATGTT	21	87.23	-7.09
CAAATTTA:TAAATTTG	85	180.14	-7.09
ATGGCCAG:CTGGCCAT	108	210.89	-7.09
CAAATTTC:GAAATTTG	81	174.41	-7.07
TCGCGCGA:TCGCGCGA	21	86.78	-7.06
GTTATAAC:GTTATAAC	16	76.95	-6.95
GTTATAAA:TTTATAAC	111	209.68	-6.82
AACCGGTA:TACCGGTT	77	164.19	-6.80
CGCGCGCC:GGCGCGCG	87	177.58	-6.80
GCATATGC:GCATATGC	26	90.55	-6.78
CCGATCGC:GCGATCGG	89	179.54	-6.76
ACGATCGC:GCGATCGT	58	137.03	-6.75
CGTTAACG:CGTTAACG	24	86.76	-6.74
CCTTAAGG:CCTTAAGG	8	60.23	-6.73
TGCCGGCA:TGCCGGCA	23	85.04	-6.73
GGCATGCC:GGCATGCC	23	84.05	-6.66
TTCTAGAA:TTCTAGAA	25	87.12	-6.66
GGTTAACC:GGTTAACC	22	82.01	-6.63
CATCGATG:CATCGATG	20	78.82	-6.63
CCAATTGA:TCAATTGG	68	148.75	-6.62
TGGGCCCA:TGGGCCCA	13	67.27	-6.62
ATATATAT:ATATATAT	17	73.46	-6.59
TATGCATA:TATGCATA	11	63.43	-6.58
CATGCATG:CATGCATG	13	66.18	-6.54
CGGATCCG:CGGATCCG	16	70.22	-6.47
CTTGCAAA:TTTGCAAG	73	152.90	-6.46
CAAGCTTG:CAAGCTTG	34	97.92	-6.46
CCTATAGG:CCTATAGG	5	51.23	-6.46
ATTGCAAG:CTTGCAAT	50	120.98	-6.45
AACCGGTG:CACCGGTT	111	202.62	-6.44
AAGGCCTA:TAGGCCTT	59	133.18	-6.43
GTTTAAAC:GTTTAAAC	15	67.94	-6.42
AATGCATT:AATGCATT	13	64.34	-6.40
GGAATTCC:GGAATTCC	18	72.40	-6.39
CCATATGA:TCATATGG	59	132.44	-6.38
TCCATGGA:TCCATGGA	17	70.28	-6.36
CTGCGCAG:CTGCGCAG	12	61.86	-6.34
AATTAATT:AATTAATT	14	64.76	-6.31
GTCGCGAA:TTCGCGAC	57	128.35	-6.30
CCCATGGC:GCCATGGG	91	173.99	-6.29
ATTATAAC:GTTATAAT	77	155.40	-6.29
AATATATA:TATATATT	57	128.06	-6.28
ATAATTAA:TTAATTAT	61	133.29	-6.26
ACGGCCGT:ACGGCCGT	16	67.15	-6.24
CCGATCGA:TCGATCGG	77	154.52	-6.24
GCTATAGA:TCTATAGC	51	118.66	-6.21
ATGATCAA:TTGATCAT	100	184.26	-6.21
CTTATAAG:CTTATAAG	19	71.10	-6.18
GGCTAGCC:GGCTAGCC	21	74.14	-6.17
AGCGCGCA:TGCGCGCT	58	127.67	-6.17
CATCGATA:TATCGATG	51	117.82	-6.16
AGATATCC:GGATATCT	105	189.68	-6.15
CGCCGGCG:CGCCGGCG	5	47.12	-6.14
ATTCGAAT:ATTCGAAT	15	64.01	-6.13
ATAATTAC:GTAATTAT	58	126.89	-6.12
ACGGCCGC:GCGGCCGT	48	112.62	-6.09
CCGCGCGC:GCGCGCGG	74	147.62	-6.06
AAGCGCTA:TAGCGCTT	67	137.94	-6.04
CCATATGC:GCATATGG	54	120.22	-6.04
ACAGCTGT:ACAGCTGT	12	57.97	-6.04
ACCGCGGT:ACCGCGGT	10	54.55	-6.03
ATGCGCAA:TTGCGCAT	48	111.64	-6.02
CATATATC:GATATATG	21	71.98	-6.01
ATATATAA:TTATATAT	62	130.54	-6.00
AATCGATA:TATCGATT	72	143.86	-5.99
GCACGTGC:GCACGTGC	6	47.08	-5.99
TTAGCTAA:TTAGCTAA	25	77.63	-5.97
GCCATGGA:TCCATGGC	80	154.04	-5.97
ATTCGAAA:TTTCGAAT	54	119.01	-5.96
AATCGATC:GATCGATT	45	106.38	-5.95
ACGCGCGC:GCGCGCGT	36	93.06	-5.92
GAGGCCTC:GAGGCCTC	12	56.04	-5.88
GCGATCGA:TCGATCGC	85	158.85	-5.86
CCGCGCGA:TCGCGCGG	45	105.05	-5.86
AAGGCCTG:CAGGCCTT	165	258.96	-5.84
AAGGCCTC:GAGGCCTT	89	163.70	-5.84
ATTTAAAC:GTTTAAAT	61	126.24	-5.81
CCGGCCGG:CCGGCCGG	17	63.05	-5.80
GAACGTTC:GAACGTTC	12	54.84	-5.78
CTTCGAAG:CTTCGAAG	12	54.48	-5.76
GATCGATA:TATCGATC	65	130.22	-5.72
AGAATTCA:TGAATTCT	64	128.72	-5.70
TGGATCCA:TGGATCCA	8	47.11	-5.70
TCTGCAGA:TCTGCAGA	13	55.39	-5.70
TCTATAGA:TCTATAGA	29	79.79	-5.69
CCAATTGC:GCAATTGG	60	122.88	-5.67
TGTTAACA:TGTTAACA	12	53.43	-5.67
AACCGGTC:GACCGGTT	55	115.98	-5.66
GCTTAAGC:GCTTAAGC	15	58.12	-5.66
GATGCATA:TATGCATC	35	87.90	-5.64
TTAATTAA:TTAATTAA	19	64.01	-5.63
GCAATTGA:TCAATTGC	64	127.41	-5.62
CTATATAA:TTATATAG	35	87.34	-5.60
TATTAATA:TATTAATA	19	63.67	-5.60
AGCGCGCG:CGCGCGCT	74	140.28	-5.60
CCAGCTGA:TCAGCTGG	59	119.50	-5.53
CGAATTCA:TGAATTCG	57	116.71	-5.53
AACGCGTG:CACGCGTT	30	79.16	-5.53
GCGCGCGA:TCGCGCGC	61	121.95	-5.52
GTAATTAC:GTAATTAC	16	58.02	-5.52
GACATGTC:GACATGTC	9	46.58	-5.51
GTGGCCAA:TTGGCCAC	45	100.04	-5.50
ATTGCAAC:GTTGCAAT	72	135.67	-5.47
GATTAATC:GATTAATC	16	57.31	-5.46
CGGCGCCG:CGGCGCCG	8	44.27	-5.45
GACGCGTC:GACGCGTC	11	49.23	-5.45
ACGCGCGT:ACGCGCGT	12	50.54	-5.42
AAGCGCTG:CAGCGCTT	124	200.81	-5.42
AGCTAGCT:AGCTAGCT	10	47.25	-5.42
AGACGTCT:AGACGTCT	9	45.55	-5.42
CAGGCCTC:GAGGCCTG	38	88.66	-5.38
GGGCGCCC:GGGCGCCC	6	40.04	-5.38
CCTATAGA:TCTATAGG	21	63.93	-5.37
AGCCGGCT:AGCCGGCT	18	59.24	-5.36
CAAGCTTC:GAAGCTTG	36	85.45	-5.35
ATTATAAG:CTTATAAT	84	149.37	-5.35
AGCATGCT:AGCATGCT	13	51.20	-5.34
AAAGCTTC:GAAGCTTT	101	170.49	-5.32
CCCATGGA:TCCATGGG	32	79.38	-5.32
AAAGCTTA:TAAGCTTT	40	90.31	-5.29
TGTCGACA:TGTCGACA	13	50.33	-5.26
CTTTAAAC:GTTTAAAG	77	138.67	-5.24
GCCTAGGC:GCCTAGGC	15	53.19	-5.24
TAGCGCTA:TAGCGCTA	13	49.34	-5.17
CGAATTCC:GGAATTCG	37	84.40	-5.16
CACCGGTA:TACCGGTG	70	128.34	-5.15
AGGCGCCT:AGGCGCCT	14	50.56	-5.14
TGGTACCA:TGGTACCA	12	46.86	-5.09
AGGCGCCA:TGGCGCCT	31	75.14	-5.09
GTTCGAAA:TTTCGAAC	33	77.94	-5.09
CCGGCCGC:GCGGCCGG	56	109.12	-5.09
GGCGCGCA:TGCGCGCC	97	161.61	-5.08
ATCGCGAG:CTCGCGAT	55	107.68	-5.08
AACGCGTC:GACGCGTT	53	104.93	-5.07
ATCCGGAA:TTCCGGAT	52	103.40	-5.06
ACGATCGG:CCGATCGT	75	133.30	-5.05
CATGCATC:GATGCATG	42	89.78	-5.04
AGAATTCG:CGAATTCT	56	108.51	-5.04
CCAGCTGC:GCAGCTGG	48	97.68	-5.03
ACAATTGG:CCAATTGT	30	72.91	-5.03
CGCGCGCA:TGCGCGCG	52	102.99	-5.02
ACAGCTGA:TCAGCTGT	42	89.48	-5.02
AAAAAAA :TTTTTTT 	1395	1747.39	-8.43
AAAAACC :GGTTTTT 	740	950.13	-6.82
CTTTTTA :TAAAAAG 	829	1048.78	-6.79
CATTTTA :TAAAATG 	415	565.59	-6.33
CAATTTA :TAAATTG 	311	425.79	-5.56
ATTTTTC :GAAAAAT 	1169	1370.62	-5.45
CTCAAAG :CTTTGAG 	169	248.87	-5.06
AAATTT  :AAATTT  	1491	7052.18	-66.34
AATATT  :AATATT  	1555	6959.67	-64.89
TGATCA  :TGATCA  	523	4837.35	-62.10
TTTAAA  :TTTAAA  	1479	6318.95	-60.98
GATATC  :GATATC  	1144	4936.37	-54.04
ATCGAT  :ATCGAT  	458	3674.85	-53.11
GCCGGC  :GCCGGC  	208	3181.53	-52.76
TCCGGA  :TCCGGA  	164	3032.09	-52.12
AAGCTT  :AAGCTT  	459	3568.38	-52.10
ACCGGT  :ACCGGT  	531	3424.36	-49.49
CAGCTG  :CAGCTG  	383	3100.31	-48.84
CGATCG  :CGATCG  	590	3400.27	-48.23
TGGCCA  :TGGCCA  	719	3457.78	-46.61
TTATAA  :TTATAA  	865	3613.56	-45.76
GGCGCC  :GGCGCC  	235	2503.94	-45.37
CCATGG  :CCATGG  	530	2961.33	-44.71
TTCGAA  :TTCGAA  	315	2486.73	-43.58
CGGCCG  :CGGCCG  	386	2567.08	-43.07
AGGCCT  :AGGCCT  	559	2724.44	-41.51
GAATTC  :GAATTC  	423	2437.32	-40.83
CAATTG  :CAATTG  	415	2329.38	-39.69
ATTAAT  :ATTAAT  	215	1979.63	-39.68
TTGCAA  :TTGCAA  	588	2584.15	-39.29
GTCGAC  :GTCGAC  	103	1731.37	-39.15
TCATGA  :TCATGA  	653	2670.53	-39.07
GCATGC  :GCATGC  	180	1778.29	-37.92
GCGCGC  :GCGCGC  	630	2535.64	-37.87
CGCGCG  :CGCGCG  	416	2147.03	-37.38
CTGCAG  :CTGCAG  	143	1659.93	-37.25
TAATTA  :TAATTA  	333	1982.26	-37.06
CCGCGG  :CCGCGG  	187	1687.73	-36.55
AATATC  :GATATT  	3069	5861.35	-36.53
TGCGCA  :TGCGCA  	269	1826.78	-36.46
ATATAT  :ATATAT  	508	2200.37	-36.10
AGCGCT  :AGCGCT  	438	2077.35	-35.99
TCGCGA  :TCGCGA  	570	2150.88	-34.10
ATGCAT  :ATGCAT  	309	1671.47	-33.34
AAATTC  :GAATTT  	2011	4145.89	-33.19
AGATCT  :AGATCT  	213	1380.62	-31.43
CATATG  :CATATG  	346	1541.16	-30.46
GGATCC  :GGATCC  	157	1187.47	-29.91
CTATAG  :CTATAG  	305	1360.66	-28.63
GTTAAC  :GTTAAC  	239	1248.69	-28.58
GCGCGA  :TCGCGC  	964	2335.35	-28.39
AGGCCA  :TGGCCT  	1519	3069.29	-28.00
AATATG  :CATATT  	1684	3275.05	-27.82
AAATTG  :CAATTT  	2288	4053.05	-27.75
CAATTA  :TAATTG  	884	2148.82	-27.30
CCATGA  :TCATGG  	1390	2812.18	-26.84
CTTAAA  :TTTAAG  	1100	2389.23	-26.39
AACGTT  :AACGTT  	237	1117.45	-26.35
GTTAAA  :TTTAAC  	1419	2808.98	-26.24
TATATA  :TATATA  	263	1126.43	-25.73
GACGTC  :GACGTC  	170	971.37	-25.72
GATATA  :TATATC  	1110	2358.07	-25.72
ATATAA  :TTATAT  	1467	2819.78	-25.49
CGCGCA  :TGCGCG  	850	1980.44	-25.41
CTCGAG  :CTCGAG  	64	749.64	-25.05
ATTAAA  :TTTAAT  	2050	3536.83	-25.02
AAATTA  :TAATTT  	2214	3738.88	-24.96
TAGCTA  :TAGCTA  	286	1106.05	-24.66
CTATAA  :TTATAG  	1058	2217.40	-24.63
ATGCAA  :TTGCAT  	959	2078.30	-24.56
CATATC  :GATATG  	1490	2758.21	-24.16
ACGCGT  :ACGCGT  	264	1032.87	-23.93
CGATCA  :TGATCG  	2542	4055.65	-23.79
AGCGCC  :GGCGCT  	1164	2280.70	-23.40
ACGCGA  :TCGCGT  	588	1490.50	-23.38
AGATCG  :CGATCT  	1080	2166.68	-23.36
CTTAAG  :CTTAAG  	212	903.38	-23.01
AATATA  :TATATT  	1585	2799.93	-22.98
ACCGGC  :GCCGGT  	1990	3300.71	-22.83
ACCGGA  :TCCGGT  	1948	3222.26	-22.47
AGATCC  :GGATCT  	480	1280.41	-22.38
GCTAGC  :GCTAGC  	191	836.12	-22.31
CAGCTA  :TAGCTG  	895	1851.78	-22.24
CGATCC  :GGATCG  	1014	2009.41	-22.22
AGCGCG  :CGCGCT  	1108	2111.90	-21.86
AAGCTA  :TAGCTT  	1016	1986.66	-21.79
ATCGAA  :TTCGAT  	1841	3022.97	-21.51
ACATGT  :ACATGT  	124	682.53	-21.38
GGGCAC  :GTGCCC  	198	800.66	-21.30
TCTAGA  :TCTAGA  	108	640.01	-21.03
GTGCAC  :GTGCAC  	50	533.75	-20.94
GCATGA  :TCATGC  	1216	2179.21	-20.64
ACATGA  :TCATGT  	594	1350.08	-20.58
AGGCCG  :CGGCCT  	1589	2644.59	-20.54
CATATA  :TATATG  	580	1317.58	-20.33
CGGCCC  :GGGCCG  	196	751.00	-20.26
CCGCGC  :GCGCGG  	1154	2068.69	-20.12
AGCGCA  :TGCGCT  	1061	1948.04	-20.11
GAATTA  :TAATTC  	1270	2198.04	-19.81
CGGCCA  :TGGCCG  	1914	2979.33	-19.53
ATATAG  :CTATAT  	934	1730.31	-19.15
CAATTC  :GAATTG  	1455	2382.74	-19.02
GGTACC  :GGTACC  	140	600.42	-18.79
GGGCCA  :TGGCCC  	318	871.61	-18.76
CTGCAA  :TTGCAG  	1233	2071.11	-18.43
CTCGAA  :TTCGAG  	685	1365.34	-18.42
GAGCTC  :GAGCTC  	55	439.87	-18.35
ATCGAC  :GTCGAT  	1624	2522.41	-17.90
ACGCGC  :GCGCGT  	901	1618.33	-17.84
CGCGCC  :GGCGCG  	1489	2318.63	-17.24
GTGCAA  :TTGCAC  	586	1174.44	-17.18
CCATGC  :GCATGG  	1480	2294.80	-17.02
AGATCA  :TGATCT  	1720	2584.29	-17.01
ACGCGG  :CCGCGT  	714	1320.30	-16.69
CTTAAC  :GTTAAG  	519	1062.09	-16.67
GTCGAA  :TTCGAC  	1319	2074.96	-16.60
CTCGAC  :GTCGAG  	585	1139.26	-16.43
ACCGGG  :CCCGGT  	456	964.67	-16.38
ATTAAC  :GTTAAT  	930	1572.24	-16.20
CCCGGC  :GCCGGG  	436	929.84	-16.20
ACATGG  :CCATGT  	815	1421.69	-16.10
ATATAC  :GTATAT  	384	851.55	-16.03
GTATAC  :GTATAC  	42	329.55	-15.84
CAGCTC  :GAGCTG  	630	1167.79	-15.74
GGATCA  :TGATCC  	1629	2396.71	-15.69
AAGCTC  :GAGCTT  	701	1252.84	-15.60
AAGCTG  :CAGCTT  	2432	3326.12	-15.52
CCCGGA  :TCCGGG  	441	907.74	-15.49
CCGCGA  :TCGCGG  	1249	1905.28	-15.04
ATCGAG  :CTCGAT  	1059	1659.76	-14.75
ATTAAG  :CTTAAT  	803	1337.30	-14.62
ATGCAG  :CTGCAT  	1071	1665.69	-14.58
ACATGC  :GCATGT  	621	1101.70	-14.49
GTATAA  :TTATAC  	616	1091.26	-14.39
CACGTG  :CACGTG  	87	356.96	-14.29
AGGCCC  :GGGCCT  	380	773.68	-14.16
GGCGCA  :TGCGCC  	1498	2138.73	-13.86
GAGCTA  :TAGCTC  	338	697.51	-13.61
ATGCAC  :GTGCAT  	532	944.54	-13.43
AACGTC  :GACGTT  	617	1041.85	-13.17
AACGTG  :CACGTT  	302	631.57	-13.12
CTGAAG  :CTTCAG  	1094	1605.87	-12.78
CCTAGC  :GCTAGG  	215	489.93	-12.42
CCTAGG  :CCTAGG  	77	287.08	-12.40
GCCGGA  :TCCGGC  	2417	3105.91	-12.37
GAGCCC  :GGGCTC  	154	392.36	-12.03
AAAAAA  :TTTTTT  	5813	6785.92	-11.83
CTGCAC  :GTGCAG  	579	941.27	-11.81
ACTAGT  :ACTAGT  	47	211.40	-11.31
GCTAGA  :TCTAGC  	426	731.52	-11.30
CACGTC  :GACGTG  	322	588.84	-11.00
CTATAC  :GTATAG  	387	669.63	-10.92
TACGTA  :TACGTA  	40	190.30	-10.90
CGTACG  :CGTACG  	27	164.20	-10.71
AACGTA  :TACGTT  	233	461.14	-10.62
GAGCAC  :GTGCTC  	157	353.89	-10.47
GACGCC  :GGCGTC  	526	824.41	-10.40
CCCGGG  :CCCGGG  	102	271.76	-10.30
ACTAGC  :GCTAGT  	216	420.42	-9.97
CCCGAG  :CTCGGG  	255	462.45	-9.65
GAAGAC  :GTCTTC  	966	1309.97	-9.51
CGAATC  :GATTCG  	411	650.00	-9.38
GACGTA  :TACGTC  	237	429.94	-9.31
CCTAGA  :TCTAGG  	243	428.64	-8.97
GGTACA  :TGTACC  	130	279.75	-8.95
ACTAGA  :TCTAGT  	199	367.83	-8.80
CACGTA  :TACGTG  	121	260.63	-8.65
GAATGC  :GCATTC  	772	1052.03	-8.64
AGTACC  :GGTACT  	111	243.84	-8.51
ACTAGG  :CCTAGT  	114	246.35	-8.43
TGTACA  :TGTACA  	36	130.34	-8.26
CATCAG  :CTGATG  	1637	2000.21	-8.13
GAAAAC  :GTTTTC  	1628	1987.38	-8.07
GCCGAC  :GTCGGC  	912	1186.71	-7.98
CCAAAA  :TTTTGG  	3043	3503.20	-7.78
AGTACT  :AGTACT  	22	99.03	-7.74
CTTGAC  :GTCAAG  	608	830.63	-7.73
ACGGTG  :CACCGT  	539	749.84	-7.70
CGGCAG  :CTGCCG  	1415	1732.38	-7.63
ATCAAA  :TTTGAT  	2929	3366.09	-7.54
CTTTTA  :TAAAAG  	2089	2458.82	-7.46
CGACAG  :CTGTCG  	1000	1258.22	-7.28
TGTCAA  :TTGACA  	834	1067.04	-7.14
CGTACA  :TGTACG  	60	146.30	-7.13
AATCAA  :TTGATT  	1957	2298.19	-7.12
ACCCGA  :TCGGGT  	918	1150.89	-6.87
GTAGAC  :GTCTAC  	112	206.32	-6.57
CGTACC  :GGTACG  	198	313.99	-6.55
ATTGAA  :TTCAAT  	1831	2128.22	-6.45
CAAAGA  :TCTTTG  	2169	2478.55	-6.22
GAATCA  :TGATTC  	741	930.43	-6.21
GTTATA  :TATAAC  	731	918.08	-6.18
AAATCC  :GGATTT  	1772	2050.47	-6.15
CAACAG  :CTGTTG  	1397	1639.14	-5.98
ACGACA  :TGTCGT  	682	856.93	-5.98
CGGAAG  :CTTCCG  	1095	1303.51	-5.78
AAAATT  :AATTTT  	3849	4219.36	-5.71
CGCCGA  :TCGGCG  	1218	1432.79	-5.68
CGACTC  :GAGTCG  	166	256.25	-5.64
AGGTAT  :ATACCT  	571	722.38	-5.63
AGTACG  :CGTACT  	64	127.52	-5.62
AAAGGT  :ACCTTT  	1344	1560.34	-5.48
GATGAC  :GTCATC  	1349	1565.66	-5.48
ATGAAA  :TTTCAT  	2295	2570.61	-5.44
CCTTTC  :GAAAGG  	1368	1583.34	-5.41
ACGGCA  :TGCCGT  	1267	1472.35	-5.35
CAAATA  :TATTTG  	1165	1359.46	-5.28
CCTGTC  :GACAGG  	1037	1220.37	-5.25
CAATAG  :CTATTG  	1157	1348.43	-5.21
ATAGCA  :TGCTAT  	944	1117.03	-5.18
AAAGAT  :ATCTTT  	2623	2897.96	-5.11
GTCAAC  :GTTGAC  	607	746.13	-5.09
AAATGT  :ACATTT  	819	977.94	-5.08
GGACAC  :GTGTCC  	254	348.66	-5.07
CAAGAA  :TTCTTG  	1698	1919.19	-5.05
AATTCC  :GGAATT  	1153	1336.80	-5.03
CTTTGA  :TCAAAG  	2142	2386.24	-5.00
CCAGG   :CCTGG   	580	3461.86	-49.02
GGACC   :GGTCC   	406	2002.33	-35.69
GAATC   :GATTC   	3233	4786.19	-22.48
CTCAG   :CTGAG   	958	1874.53	-21.18
ATTTG   :CAAAT   	5155	6747.79	-19.42
CGACG   :CGTCG   	2474	3408.35	-16.02
GACGC   :GCGTC   	2513	3356.34	-14.57
AAAAA   :TTTTT   	19338	21360.39	-13.91
TGACA   :TGTCA   	4034	5014.70	-13.87
AAGGA   :TCCTT   	3773	4682.07	-13.30
GTCAA   :TTGAC   	4279	5184.25	-12.59
ACTTG   :CAAGT   	1431	1983.01	-12.40
AAGCA   :TGCTT   	4933	5805.93	-11.47
TCGCA   :TGCGA   	2958	3642.51	-11.35
GACTC   :GAGTC   	818	1208.70	-11.24
AAAGG   :CCTTT   	7916	8972.39	-11.18
AGGCA   :TGCCT   	5271	6115.66	-10.82
CCAAC   :GTTGG   	3435	4126.21	-10.77
CCCAC   :GTGGG   	1220	1657.09	-10.74
CCATC   :GATGG   	5772	6627.31	-10.52
CGGTC   :GACCG   	3671	4352.57	-10.34
CTTTC   :GAAAG   	6776	7678.52	-10.32
GCGGA   :TCCGC   	3778	4466.39	-10.31
GTTTA   :TAAAC   	3033	3655.80	-10.31
TAGCA   :TGCTA   	2166	2700.34	-10.29
CAGCG   :CGCTG   	4583	5323.09	-10.16
CCTTC   :GAAGG   	4847	5600.56	-10.08
ATTTA   :TAAAT   	5249	6005.27	-9.77
CCGAC   :GTCGG   	3603	4238.02	-9.76
GAGCC   :GGCTC   	2504	3032.60	-9.61
CAAAC   :GTTTG   	3502	4107.82	-9.46
AACGA   :TCGTT   	3395	3988.98	-9.41
CAGGC   :GCCTG   	5300	6010.21	-9.17
ACCGT   :ACGGT   	3212	3765.65	-9.03
TATCA   :TGATA   	6936	7723.11	-8.97
TCAGA   :TCTGA   	5018	5681.48	-8.81
GCGAA   :TTCGC   	4221	4828.59	-8.75
CGCCG   :CGGCG   	5398	6077.54	-8.73
CAGAG   :CTCTG   	2535	2997.40	-8.45
CATCG   :CGATG   	5286	5906.75	-8.09
CCGAG   :CTCGG   	2016	2404.28	-7.92
CAACG   :CGTTG   	3386	3872.19	-7.82
ACAGT   :ACTGT   	1677	2028.88	-7.82
TACCA   :TGGTA   	2992	3442.54	-7.69
AAATA   :TATTT   	8719	9455.39	-7.59
TAATA   :TATTA   	4937	5498.73	-7.59
CAAGC   :GCTTG   	4952	5513.71	-7.57
TAACA   :TGTTA   	3347	3801.86	-7.38
ATAAA   :TTTAT   	9948	10705.43	-7.34
AATCA   :TGATT   	6753	7370.98	-7.21
TCCGA   :TCGGA   	3800	4241.22	-6.78
AACAT   :ATGTT   	3882	4321.92	-6.70
AAAAG   :CTTTT   	12379	13131.05	-6.58
CCCAG   :CTGGG   	2558	2907.29	-6.48
ATCAT   :ATGAT   	7188	7748.21	-6.38
GCTAA   :TTAGC   	2823	3177.13	-6.29
CCTAC   :GTAGG   	778	972.95	-6.25
CTTAC   :GTAAG   	1654	1926.42	-6.21
ATCTA   :TAGAT   	2305	2616.99	-6.10
CTGTC   :GACAG   	4275	4674.00	-5.84
CATAC   :GTATG   	1591	1841.52	-5.84
AAATG   :CATTT   	6230	6707.52	-5.84
ACAGA   :TCTGT   	3853	4227.54	-5.77
CGCAC   :GTGCG   	1776	2034.07	-5.72
AACTT   :AAGTT   	2551	2855.06	-5.69
AATAG   :CTATT   	5198	5622.21	-5.67
GCAAA   :TTTGC   	6930	7412.00	-5.61
GCAGA   :TCTGC   	4372	4740.88	-5.36
AGATG   :CATCT   	4069	4424.14	-5.35
AACCC   :GGGTT   	3268	3587.80	-5.34
GCTGA   :TCAGC   	6084	6506.08	-5.24
GCTTA   :TAAGC   	2878	3171.06	-5.21
ACGAA   :TTCGT   	2712	2995.30	-5.18
CTAAC   :GTTAG   	1444	1650.25	-5.08
ATAT    :ATAT    	12826	60863.23	-197.66
GGCC    :GGCC    	7787	49122.04	-188.77
AATT    :AATT    	12784	54450.15	-180.97
GATC    :GATC    	9948	48132.21	-176.12
TTAA    :TTAA    	8966	43683.47	-167.90
CCGG    :CCGG    	8693	42192.68	-164.79
TATA    :TATA    	6566	37931.26	-162.55
GCGC    :GCGC    	8528	36339.44	-147.20
AGCT    :AGCT    	7195	33623.98	-145.32
TGCA    :TGCA    	6050	30471.23	-140.95
TCGA    :TCGA    	8053	33078.67	-138.72
CGCG    :CGCG    	7221	31005.79	-136.11
CATG    :CATG    	7603	30525.70	-132.18
AATC    :GATT    	23465	51193.81	-124.11
AATG    :CATT    	19462	40769.21	-106.59
ATAA    :TTAT    	28120	51562.75	-104.56
CATA    :TATG    	14913	34027.61	-104.49
ACGT    :ACGT    	2366	14419.50	-100.73
CGCA    :TGCG    	14002	30737.35	-96.18
CCGC    :GCGG    	20351	39156.84	-95.95
CCGA    :TCGG    	19325	37358.77	-94.16
GCGA    :TCGC    	17307	34670.74	-94.05
AGCA    :TGCT    	15469	32008.81	-93.18
CGCC    :GGCG    	21223	39026.50	-90.99
AGCC    :GGCT    	22560	40640.85	-90.59
GATA    :TATC    	24586	42728.39	-88.69
CTAA    :TTAG    	8810	21597.02	-87.47
AGCG    :CGCT    	16862	32288.36	-86.53
CTAG    :CTAG    	1836	10677.52	-85.79
AATA    :TATT    	27435	45446.26	-85.44
ATAC    :GTAT    	9887	22215.49	-83.17
CATC    :GATG    	22246	38331.05	-82.93
GTAC    :GTAC    	861	8108.81	-80.65
ACGA    :TCGT    	10736	21839.82	-75.54
ACGC    :GCGT    	11815	22890.97	-73.62
GGCA    :TGCC    	24382	38688.61	-73.43
ACGG    :CCGT    	14625	24665.71	-64.32
ATAG    :CTAT    	16408	25492.52	-57.25
CTAC    :GTAG    	4646	9304.94	-48.41
GTAA    :TTAC    	12970	18820.76	-42.84
CTTA    :TAAG    	10075	14725.84	-38.46
AGAT    :ATCT    	17937	22417.16	-30.09
GGAC    :GTCC    	7280	9920.60	-26.58
CGAA    :TTCG    	17709	21166.29	-23.89
CACA    :TGTG    	7369	9418.35	-21.17
GACC    :GGTC    	13373	15961.20	-20.57
TACA    :TGTA    	6048	7848.40	-20.36
CTCA    :TGAG    	7384	9318.12	-20.08
ACCT    :AGGT    	10113	12306.23	-19.83
GCCC    :GGGC    	14144	16387.21	-17.59
CCAG    :CTGG    	15141	17392.96	-17.15
CAAA    :TTTG    	29017	31938.30	-16.47
ACAT    :ATGT    	11199	12946.69	-15.41
AAAC    :GTTT    	20127	22354.46	-14.98
AAAT    :ATTT    	33062	35839.01	-14.80
AAGT    :ACTT    	9352	10792.44	-13.90
ACAC    :GTGT    	5269	6321.48	-13.26
CCTA    :TAGG    	7023	8201.72	-13.04
ATTC    :GAAT    	19567	21442.05	-12.87
AACC    :GGTT    	17892	19642.84	-12.55
AACT    :AGTT    	8469	9608.58	-11.65
GAAC    :GTTC    	12123	13374.40	-10.86
GAGC    :GCTC    	9313	10181.54	-8.63
CAGG    :CCTG    	14861	15895.96	-8.24
CCAC    :GTGG    	8630	9384.87	-7.81
CAAG    :CTTG    	17518	18559.05	-7.68
AGAC    :GTCT    	11244	12084.58	-7.67
TAGA    :TCTA    	9250	10012.30	-7.64
TGAA    :TTCA    	24270	25397.62	-7.12
CGGC    :GCCG    	23980	25082.20	-7.00
CGTA    :TACG    	6506	7089.67	-6.94
CACG    :CGTG    	7926	8507.84	-6.32
AAGC    :GCTT    	26003	26953.29	-5.83
TCCA    :TGGA    	14271	14978.03	-5.80
TCAA    :TTGA    	24408	25297.22	-5.63
CTC     :GAG     	31208	49079.86	-81.65
ACT     :AGT     	27741	38507.85	-55.39
CCC     :GGG     	46836	60125.99	-55.01
GGA     :TCC     	52047	64082.75	-48.30
CAC     :GTG     	35071	40286.77	-26.24
CAA     :TTG     	85489	88747.35	-11.18
GAA     :TTC     	85061	87953.95	-9.97
AGG     :CCT     	51935	53348.99	-6.20
